Log file open, 04/02/20 15:57:52
LogWindows: Failed to load 'aqProf.dll' (GetLastError=126)
LogWindows: File 'aqProf.dll' does not exist
LogWindows: Failed to load 'VtuneApi.dll' (GetLastError=126)
LogWindows: File 'VtuneApi.dll' does not exist
LogWindows: Failed to load 'VtuneApi32e.dll' (GetLastError=126)
LogWindows: File 'VtuneApi32e.dll' does not exist
LogConsoleResponse: Display: Failed to find resolution value strings in scalability ini. Falling back to default.
LogInit: Display: Running engine for game: TowerDefense
LogPlatformFile: Not using cached read wrapper
LogTaskGraph: Started task graph with 5 named threads and 35 total threads with 3 sets of task threads.
LogStats: Stats thread started at 0.062518
LogD3D11RHI: Loaded GFSDK_Aftermath_Lib.x64.dll
LogICUInternationalization: ICU TimeZone Detection - Raw Offset: -5:00, Platform Override: ''
LogPluginManager: Mounting plugin Paper2D
LogPluginManager: Mounting plugin AISupport
LogPluginManager: Mounting plugin LightPropagationVolume
LogPluginManager: Mounting plugin ActorLayerUtilities
LogPluginManager: Mounting plugin AnimationSharing
LogPluginManager: Mounting plugin CLionSourceCodeAccess
LogPluginManager: Mounting plugin CodeLiteSourceCodeAccess
LogPluginManager: Mounting plugin GitSourceControl
LogPluginManager: Mounting plugin KDevelopSourceCodeAccess
LogPluginManager: Mounting plugin NullSourceCodeAccess
LogPluginManager: Mounting plugin PerforceSourceControl
LogPluginManager: Mounting plugin PlasticSourceControl
LogPluginManager: Mounting plugin SubversionSourceControl
LogPluginManager: Mounting plugin UObjectPlugin
LogPluginManager: Mounting plugin VisualStudioCodeSourceCodeAccess
LogPluginManager: Mounting plugin VisualStudioSourceCodeAccess
LogPluginManager: Mounting plugin XCodeSourceCodeAccess
LogPluginManager: Mounting plugin AssetManagerEditor
LogPluginManager: Mounting plugin CryptoKeys
LogPluginManager: Mounting plugin CurveEditorTools
LogPluginManager: Mounting plugin DataValidation
LogPluginManager: Mounting plugin FacialAnimation
LogPluginManager: Mounting plugin GameplayTagsEditor
LogPluginManager: Mounting plugin MacGraphicsSwitching
LogPluginManager: Mounting plugin MaterialAnalyzer
LogPluginManager: Mounting plugin MobileLauncherProfileWizard
LogPluginManager: Mounting plugin PluginBrowser
LogPluginManager: Mounting plugin SpeedTreeImporter
LogPluginManager: Mounting plugin DatasmithContent
LogPluginManager: Mounting plugin VariantManagerContent
LogPluginManager: Mounting plugin AlembicImporter
LogPluginManager: Mounting plugin AutomationUtils
LogPluginManager: Mounting plugin BackChannel
LogPluginManager: Mounting plugin CharacterAI
LogPluginManager: Mounting plugin GeometryCache
LogPluginManager: Mounting plugin PlatformCrypto
LogPluginManager: Mounting plugin ProxyLODPlugin
LogPluginManager: Mounting plugin SkeletalReduction
LogPluginManager: Mounting plugin MagicLeap
LogPluginManager: Mounting plugin MagicLeapMedia
LogPluginManager: Mounting plugin MLSDK
LogPluginManager: Mounting plugin AndroidMedia
LogPluginManager: Mounting plugin AvfMedia
LogPluginManager: Mounting plugin ImgMedia
LogPluginManager: Mounting plugin MediaCompositing
LogPluginManager: Mounting plugin MediaPlayerEditor
LogPluginManager: Mounting plugin WebMMedia
LogPluginManager: Mounting plugin WmfMedia
LogPluginManager: Mounting plugin TcpMessaging
LogPluginManager: Mounting plugin UdpMessaging
LogPluginManager: Mounting plugin ActorSequence
LogPluginManager: Mounting plugin LevelSequenceEditor
LogPluginManager: Mounting plugin MatineeToLevelSequence
LogPluginManager: Mounting plugin NetcodeUnitTest
LogPluginManager: Mounting plugin NUTUnrealEngine4
LogPluginManager: Mounting plugin OnlineSubsystemGooglePlay
LogPluginManager: Mounting plugin OnlineSubsystemIOS
LogPluginManager: Mounting plugin OnlineSubsystem
LogPluginManager: Mounting plugin OnlineSubsystemNull
LogPluginManager: Mounting plugin OnlineSubsystemUtils
LogPluginManager: Mounting plugin LauncherChunkInstaller
LogPluginManager: Mounting plugin AndroidDeviceProfileSelector
LogPluginManager: Mounting plugin AndroidMoviePlayer
LogPluginManager: Mounting plugin AndroidPermission
LogPluginManager: Mounting plugin AppleImageUtils
LogPluginManager: Mounting plugin AppleMoviePlayer
LogPluginManager: Mounting plugin ArchVisCharacter
LogPluginManager: Mounting plugin AssetTags
LogPluginManager: Mounting plugin AudioCapture
LogPluginManager: Mounting plugin CableComponent
LogPluginManager: Mounting plugin CustomMeshComponent
LogPluginManager: Mounting plugin EditableMesh
LogPluginManager: Mounting plugin ExampleDeviceProfileSelector
LogPluginManager: Mounting plugin GoogleCloudMessaging
LogPluginManager: Mounting plugin IOSDeviceProfileSelector
LogPluginManager: Mounting plugin LinuxDeviceProfileSelector
LogPluginManager: Mounting plugin LocationServicesBPLibrary
LogPluginManager: Mounting plugin MobilePatchingUtils
LogPluginManager: Mounting plugin OculusVR
LogPluginManager: Mounting plugin PhysXVehicles
LogPluginManager: Mounting plugin PostSplashScreen
LogPluginManager: Mounting plugin ProceduralMeshComponent
LogPluginManager: Mounting plugin RuntimePhysXCooking
LogPluginManager: Mounting plugin SignificanceManager
LogPluginManager: Mounting plugin SteamVR
LogPluginManager: Mounting plugin WebMMoviePlayer
LogPluginManager: Mounting plugin WindowsMoviePlayer
LogPluginManager: Mounting plugin ScreenshotTools
LogInit: Using libcurl 7.55.1-DEV
LogInit:  - built for x86_64-pc-win32
LogInit:  - supports SSL with OpenSSL/1.1.1
LogInit:  - supports HTTP deflate (compression) using libz 1.2.8
LogInit:  - other features:
LogInit:      CURL_VERSION_SSL
LogInit:      CURL_VERSION_LIBZ
LogInit:      CURL_VERSION_IPV6
LogInit:      CURL_VERSION_ASYNCHDNS
LogInit:      CURL_VERSION_LARGEFILE
LogInit:      CURL_VERSION_IDN
LogInit:  CurlRequestOptions (configurable via config and command line):
LogInit:  - bVerifyPeer = true  - Libcurl will verify peer certificate
LogInit:  - bUseHttpProxy = false  - Libcurl will NOT use HTTP proxy
LogInit:  - bDontReuseConnections = false  - Libcurl will reuse connections
LogInit:  - MaxHostConnections = 16  - Libcurl will limit the number of connections to a host
LogInit:  - LocalHostAddr = Default
LogInit:  - BufferSize = 65536
LogOnline: OSS: Creating online subsystem instance for: NULL
LogInit: WinSock: version 1.1 (2.2), MaxSocks=32767, MaxUdp=65467
LogOnline: OSS: TryLoadSubsystemAndSetDefault: Loaded subsystem for module [NULL]
LogInit: Build: ++UE4+Release-4.24-CL-11100242
LogInit: Engine Version: 4.24.2-11100242+++UE4+Release-4.24
LogInit: Compatible Engine Version: 4.24.0-10570792+++UE4+Release-4.24
LogInit: Net CL: 10570792
LogInit: OS: Windows 10 (Release 1909) (), CPU: AMD Ryzen 5 3600 6-Core Processor              , GPU: Radeon RX Vega
LogInit: Compiled (64-bit): Jan 24 2020 02:05:53
LogInit: Compiled with Visual C++: 19.16.27032.01
LogInit: Build Configuration: Development
LogInit: Branch Name: ++UE4+Release-4.24
LogInit: Command Line: 
LogInit: Base Directory: D:/Programs/UE_4.24/Engine/Binaries/Win64/
LogInit: Installed Engine Build: 1
LogDevObjectVersion: Number of dev versions registered: 25
LogDevObjectVersion:   Dev-Blueprints (B0D832E4-1F89-4F0D-ACCF-7EB736FD4AA2): 10
LogDevObjectVersion:   Dev-Build (E1C64328-A22C-4D53-A36C-8E866417BD8C): 0
LogDevObjectVersion:   Dev-Core (375EC13C-06E4-48FB-B500-84F0262A717E): 3
LogDevObjectVersion:   Dev-Editor (E4B068ED-F494-42E9-A231-DA0B2E46BB41): 37
LogDevObjectVersion:   Dev-Framework (CFFC743F-43B0-4480-9391-14DF171D2073): 36
LogDevObjectVersion:   Dev-Mobile (B02B49B5-BB20-44E9-A304-32B752E40360): 2
LogDevObjectVersion:   Dev-Networking (A4E4105C-59A1-49B5-A7C5-40C4547EDFEE): 0
LogDevObjectVersion:   Dev-Online (39C831C9-5AE6-47DC-9A44-9C173E1C8E7C): 0
LogDevObjectVersion:   Dev-Physics (78F01B33-EBEA-4F98-B9B4-84EACCB95AA2): 2
LogDevObjectVersion:   Dev-Platform (6631380F-2D4D-43E0-8009-CF276956A95A): 0
LogDevObjectVersion:   Dev-Rendering (12F88B9F-8875-4AFC-A67C-D90C383ABD29): 36
LogDevObjectVersion:   Dev-Sequencer (7B5AE74C-D270-4C10-A958-57980B212A5A): 11
LogDevObjectVersion:   Dev-VR (D7296918-1DD6-4BDD-9DE2-64A83CC13884): 2
LogDevObjectVersion:   Dev-LoadTimes (C2A15278-BFE7-4AFE-6C17-90FF531DF755): 1
LogDevObjectVersion:   Private-Geometry (6EACA3D4-40EC-4CC1-B786-8BED09428FC5): 3
LogDevObjectVersion:   Dev-AnimPhys (29E575DD-E0A3-4627-9D10-D276232CDCEA): 17
LogDevObjectVersion:   Dev-Anim (AF43A65D-7FD3-4947-9873-3E8ED9C1BB05): 2
LogDevObjectVersion:   Dev-ReflectionCapture (6B266CEC-1EC7-4B8F-A30B-E4D90942FC07): 1
LogDevObjectVersion:   Dev-Automation (0DF73D61-A23F-47EA-B727-89E90C41499A): 1
LogDevObjectVersion:   FortniteMain (601D1886-AC64-4F84-AA16-D3DE0DEAC7D6): 31
LogDevObjectVersion:   Dev-Enterprise (9DFFBCD6-494F-0158-E221-12823C92A888): 8
LogDevObjectVersion:   Dev-Niagara (F2AED0AC-9AFE-416F-8664-AA7FFA26D6FC): 1
LogDevObjectVersion:   Dev-Destruction (174F1F0B-B4C6-45A5-B13F-2EE8D0FB917D): 9
LogDevObjectVersion:   Dev-Physics-Ext (35F94A83-E258-406C-A318-09F59610247C): 8
LogDevObjectVersion:   Dev-CineCamera (B2E18506-4273-CFC2-A54E-F4BB758BBA07): 1
LogInit: Presizing for max 25165824 objects, including 0 objects not considered by GC, pre-allocating 0 bytes for permanent pool.
LogInit: Object subsystem initialized
LogConfig: Setting CVar [[con.DebugEarlyDefault:1]]
LogConfig: Setting CVar [[r.setres:1280x720]]
[2020.04.02-19.57.52:923][  0]LogConfig: Setting CVar [[r.VSync:0]]
[2020.04.02-19.57.52:923][  0]LogConfig: Setting CVar [[r.RHICmdBypass:0]]
[2020.04.02-19.57.52:923][  0]LogConfig: Applying CVar settings from Section [/Script/Engine.RendererSettings] File [D:/Unreal_Projects/GridReposioty/Saved/Config/Windows/Engine.ini]
[2020.04.02-19.57.52:923][  0]LogConfig: Setting CVar [[r.GPUCrashDebugging:0]]
[2020.04.02-19.57.52:923][  0]LogConfig: Applying CVar settings from Section [/Script/Engine.RendererOverrideSettings] File [D:/Unreal_Projects/GridReposioty/Saved/Config/Windows/Engine.ini]
[2020.04.02-19.57.52:923][  0]LogConfig: Applying CVar settings from Section [/Script/Engine.StreamingSettings] File [D:/Unreal_Projects/GridReposioty/Saved/Config/Windows/Engine.ini]
[2020.04.02-19.57.52:923][  0]LogConfig: Setting CVar [[s.MinBulkDataSizeForAsyncLoading:131072]]
[2020.04.02-19.57.52:923][  0]LogConfig: Setting CVar [[s.AsyncLoadingThreadEnabled:0]]
[2020.04.02-19.57.52:923][  0]LogConfig: Setting CVar [[s.EventDrivenLoaderEnabled:1]]
[2020.04.02-19.57.52:923][  0]LogConfig: Setting CVar [[s.WarnIfTimeLimitExceeded:0]]
[2020.04.02-19.57.52:923][  0]LogConfig: Setting CVar [[s.TimeLimitExceededMultiplier:1.5]]
[2020.04.02-19.57.52:923][  0]LogConfig: Setting CVar [[s.TimeLimitExceededMinTime:0.005]]
[2020.04.02-19.57.52:923][  0]LogConfig: Setting CVar [[s.UseBackgroundLevelStreaming:1]]
[2020.04.02-19.57.52:923][  0]LogConfig: Setting CVar [[s.PriorityAsyncLoadingExtraTime:15.0]]
[2020.04.02-19.57.52:923][  0]LogConfig: Setting CVar [[s.LevelStreamingActorsUpdateTimeLimit:5.0]]
[2020.04.02-19.57.52:923][  0]LogConfig: Setting CVar [[s.PriorityLevelStreamingActorsUpdateExtraTime:5.0]]
[2020.04.02-19.57.52:923][  0]LogConfig: Setting CVar [[s.LevelStreamingComponentsRegistrationGranularity:10]]
[2020.04.02-19.57.52:923][  0]LogConfig: Setting CVar [[s.UnregisterComponentsTimeLimit:1.0]]
[2020.04.02-19.57.52:923][  0]LogConfig: Setting CVar [[s.LevelStreamingComponentsUnregistrationGranularity:5]]
[2020.04.02-19.57.52:923][  0]LogConfig: Setting CVar [[s.FlushStreamingOnExit:1]]
[2020.04.02-19.57.52:923][  0]LogConfig: Applying CVar settings from Section [/Script/Engine.GarbageCollectionSettings] File [D:/Unreal_Projects/GridReposioty/Saved/Config/Windows/Engine.ini]
[2020.04.02-19.57.52:923][  0]LogConfig: Setting CVar [[gc.MaxObjectsNotConsideredByGC:1]]
[2020.04.02-19.57.52:923][  0]LogConfig: Setting CVar [[gc.SizeOfPermanentObjectPool:0]]
[2020.04.02-19.57.52:923][  0]LogConfig: Setting CVar [[gc.FlushStreamingOnGC:0]]
[2020.04.02-19.57.52:923][  0]LogConfig: Setting CVar [[gc.NumRetriesBeforeForcingGC:10]]
[2020.04.02-19.57.52:923][  0]LogConfig: Setting CVar [[gc.AllowParallelGC:1]]
[2020.04.02-19.57.52:923][  0]LogConfig: Setting CVar [[gc.TimeBetweenPurgingPendingKillObjects:61.1]]
[2020.04.02-19.57.52:923][  0]LogConfig: Setting CVar [[gc.MaxObjectsInEditor:25165824]]
[2020.04.02-19.57.52:923][  0]LogConfig: Setting CVar [[gc.IncrementalBeginDestroyEnabled:1]]
[2020.04.02-19.57.52:923][  0]LogConfig: Setting CVar [[gc.CreateGCClusters:1]]
[2020.04.02-19.57.52:923][  0]LogConfig: Setting CVar [[gc.MinGCClusterSize:5]]
[2020.04.02-19.57.52:923][  0]LogConfig: Setting CVar [[gc.ActorClusteringEnabled:0]]
[2020.04.02-19.57.52:923][  0]LogConfig: Setting CVar [[gc.BlueprintClusteringEnabled:0]]
[2020.04.02-19.57.52:923][  0]LogConfig: Setting CVar [[gc.UseDisregardForGCOnDedicatedServers:0]]
[2020.04.02-19.57.52:924][  0]LogConfig: Applying CVar settings from Section [/Script/Engine.NetworkSettings] File [D:/Unreal_Projects/GridReposioty/Saved/Config/Windows/Engine.ini]
[2020.04.02-19.57.52:924][  0]LogConfig: Applying CVar settings from Section [/Script/UnrealEd.CookerSettings] File [D:/Unreal_Projects/GridReposioty/Saved/Config/Windows/Engine.ini]
[2020.04.02-19.57.52:930][  0]LogConfig: Applying CVar settings from Section [ViewDistanceQuality@3] File [D:/Unreal_Projects/GridReposioty/Saved/Config/Windows/Scalability.ini]
[2020.04.02-19.57.52:930][  0]LogConfig: Setting CVar [[r.SkeletalMeshLODBias:0]]
[2020.04.02-19.57.52:930][  0]LogConfig: Setting CVar [[r.ViewDistanceScale:1.0]]
[2020.04.02-19.57.52:930][  0]LogConfig: Applying CVar settings from Section [AntiAliasingQuality@3] File [D:/Unreal_Projects/GridReposioty/Saved/Config/Windows/Scalability.ini]
[2020.04.02-19.57.52:930][  0]LogConfig: Setting CVar [[r.PostProcessAAQuality:4]]
[2020.04.02-19.57.52:930][  0]LogConfig: Applying CVar settings from Section [ShadowQuality@3] File [D:/Unreal_Projects/GridReposioty/Saved/Config/Windows/Scalability.ini]
[2020.04.02-19.57.52:930][  0]LogConfig: Setting CVar [[r.LightFunctionQuality:1]]
[2020.04.02-19.57.52:930][  0]LogConfig: Setting CVar [[r.ShadowQuality:5]]
[2020.04.02-19.57.52:930][  0]LogConfig: Setting CVar [[r.Shadow.CSM.MaxCascades:10]]
[2020.04.02-19.57.52:930][  0]LogConfig: Setting CVar [[r.Shadow.MaxResolution:2048]]
[2020.04.02-19.57.52:930][  0]LogConfig: Setting CVar [[r.Shadow.MaxCSMResolution:2048]]
[2020.04.02-19.57.52:930][  0]LogConfig: Setting CVar [[r.Shadow.RadiusThreshold:0.01]]
[2020.04.02-19.57.52:930][  0]LogConfig: Setting CVar [[r.Shadow.DistanceScale:1.0]]
[2020.04.02-19.57.52:930][  0]LogConfig: Setting CVar [[r.Shadow.CSM.TransitionScale:1.0]]
[2020.04.02-19.57.52:930][  0]LogConfig: Setting CVar [[r.Shadow.PreShadowResolutionFactor:1.0]]
[2020.04.02-19.57.52:930][  0]LogConfig: Setting CVar [[r.DistanceFieldShadowing:1]]
[2020.04.02-19.57.52:930][  0]LogConfig: Setting CVar [[r.DistanceFieldAO:1]]
[2020.04.02-19.57.52:930][  0]LogConfig: Setting CVar [[r.AOQuality:2]]
[2020.04.02-19.57.52:931][  0]LogConfig: Setting CVar [[r.VolumetricFog:1]]
[2020.04.02-19.57.52:931][  0]LogConfig: Setting CVar [[r.VolumetricFog.GridPixelSize:8]]
[2020.04.02-19.57.52:931][  0]LogConfig: Setting CVar [[r.VolumetricFog.GridSizeZ:128]]
[2020.04.02-19.57.52:931][  0]LogConfig: Setting CVar [[r.VolumetricFog.HistoryMissSupersampleCount:4]]
[2020.04.02-19.57.52:931][  0]LogConfig: Setting CVar [[r.LightMaxDrawDistanceScale:1]]
[2020.04.02-19.57.52:931][  0]LogConfig: Setting CVar [[r.CapsuleShadows:1]]
[2020.04.02-19.57.52:931][  0]LogConfig: Applying CVar settings from Section [PostProcessQuality@3] File [D:/Unreal_Projects/GridReposioty/Saved/Config/Windows/Scalability.ini]
[2020.04.02-19.57.52:931][  0]LogConfig: Setting CVar [[r.MotionBlurQuality:4]]
[2020.04.02-19.57.52:931][  0]LogConfig: Setting CVar [[r.AmbientOcclusionMipLevelFactor:0.4]]
[2020.04.02-19.57.52:931][  0]LogConfig: Setting CVar [[r.AmbientOcclusionMaxQuality:100]]
[2020.04.02-19.57.52:931][  0]LogConfig: Setting CVar [[r.AmbientOcclusionLevels:-1]]
[2020.04.02-19.57.52:931][  0]LogConfig: Setting CVar [[r.AmbientOcclusionRadiusScale:1.0]]
[2020.04.02-19.57.52:931][  0]LogConfig: Setting CVar [[r.DepthOfFieldQuality:2]]
[2020.04.02-19.57.52:931][  0]LogConfig: Setting CVar [[r.RenderTargetPoolMin:400]]
[2020.04.02-19.57.52:931][  0]LogConfig: Setting CVar [[r.LensFlareQuality:2]]
[2020.04.02-19.57.52:931][  0]LogConfig: Setting CVar [[r.SceneColorFringeQuality:1]]
[2020.04.02-19.57.52:931][  0]LogConfig: Setting CVar [[r.EyeAdaptationQuality:2]]
[2020.04.02-19.57.52:931][  0]LogConfig: Setting CVar [[r.BloomQuality:5]]
[2020.04.02-19.57.52:931][  0]LogConfig: Setting CVar [[r.FastBlurThreshold:100]]
[2020.04.02-19.57.52:931][  0]LogConfig: Setting CVar [[r.Upscale.Quality:3]]
[2020.04.02-19.57.52:931][  0]LogConfig: Setting CVar [[r.Tonemapper.GrainQuantization:1]]
[2020.04.02-19.57.52:931][  0]LogConfig: Setting CVar [[r.LightShaftQuality:1]]
[2020.04.02-19.57.52:931][  0]LogConfig: Setting CVar [[r.Filter.SizeScale:1]]
[2020.04.02-19.57.52:931][  0]LogConfig: Setting CVar [[r.Tonemapper.Quality:5]]
[2020.04.02-19.57.52:931][  0]LogConfig: Setting CVar [[r.DOF.Gather.AccumulatorQuality:1        ; higher gathering accumulator quality]]
[2020.04.02-19.57.52:931][  0]LogConfig: Setting CVar [[r.DOF.Gather.PostfilterMethod:1          ; Median3x3 postfilering method]]
[2020.04.02-19.57.52:931][  0]LogConfig: Setting CVar [[r.DOF.Gather.EnableBokehSettings:0       ; no bokeh simulation when gathering]]
[2020.04.02-19.57.52:931][  0]LogConfig: Setting CVar [[r.DOF.Gather.RingCount:4                 ; medium number of samples when gathering]]
[2020.04.02-19.57.52:931][  0]LogConfig: Setting CVar [[r.DOF.Scatter.ForegroundCompositing:1    ; additive foreground scattering]]
[2020.04.02-19.57.52:931][  0]LogConfig: Setting CVar [[r.DOF.Scatter.BackgroundCompositing:2    ; additive background scattering]]
[2020.04.02-19.57.52:931][  0]LogConfig: Setting CVar [[r.DOF.Scatter.EnableBokehSettings:1      ; bokeh simulation when scattering]]
[2020.04.02-19.57.52:931][  0]LogConfig: Setting CVar [[r.DOF.Scatter.MaxSpriteRatio:0.1         ; only a maximum of 10% of scattered bokeh]]
[2020.04.02-19.57.52:931][  0]LogConfig: Setting CVar [[r.DOF.Recombine.Quality:1                ; cheap slight out of focus]]
[2020.04.02-19.57.52:931][  0]LogConfig: Setting CVar [[r.DOF.Recombine.EnableBokehSettings:0    ; no bokeh simulation on slight out of focus]]
[2020.04.02-19.57.52:931][  0]LogConfig: Setting CVar [[r.DOF.TemporalAAQuality:1                ; more stable temporal accumulation]]
[2020.04.02-19.57.52:931][  0]LogConfig: Setting CVar [[r.DOF.Kernel.MaxForegroundRadius:0.025]]
[2020.04.02-19.57.52:931][  0]LogConfig: Setting CVar [[r.DOF.Kernel.MaxBackgroundRadius:0.025]]
[2020.04.02-19.57.52:931][  0]LogConfig: Applying CVar settings from Section [TextureQuality@3] File [D:/Unreal_Projects/GridReposioty/Saved/Config/Windows/Scalability.ini]
[2020.04.02-19.57.52:931][  0]LogConfig: Setting CVar [[r.Streaming.MipBias:0]]
[2020.04.02-19.57.52:931][  0]LogConfig: Setting CVar [[r.Streaming.AmortizeCPUToGPUCopy:0]]
[2020.04.02-19.57.52:931][  0]LogConfig: Setting CVar [[r.Streaming.MaxNumTexturesToStreamPerFrame:0]]
[2020.04.02-19.57.52:931][  0]LogConfig: Setting CVar [[r.Streaming.Boost:1]]
[2020.04.02-19.57.52:931][  0]LogConfig: Setting CVar [[r.MaxAnisotropy:8]]
[2020.04.02-19.57.52:931][  0]LogConfig: Setting CVar [[r.VT.MaxAnisotropy:8]]
[2020.04.02-19.57.52:931][  0]LogConfig: Setting CVar [[r.Streaming.LimitPoolSizeToVRAM:0]]
[2020.04.02-19.57.52:931][  0]LogConfig: Setting CVar [[r.Streaming.PoolSize:1000]]
[2020.04.02-19.57.52:931][  0]LogConfig: Setting CVar [[r.Streaming.MaxEffectiveScreenSize:0]]
[2020.04.02-19.57.52:931][  0]LogConfig: Applying CVar settings from Section [EffectsQuality@3] File [D:/Unreal_Projects/GridReposioty/Saved/Config/Windows/Scalability.ini]
[2020.04.02-19.57.52:931][  0]LogConfig: Setting CVar [[r.TranslucencyLightingVolumeDim:64]]
[2020.04.02-19.57.52:931][  0]LogConfig: Setting CVar [[r.RefractionQuality:2]]
[2020.04.02-19.57.52:931][  0]LogConfig: Setting CVar [[r.SSR.Quality:3]]
[2020.04.02-19.57.52:931][  0]LogConfig: Setting CVar [[r.SSR.HalfResSceneColor:0]]
[2020.04.02-19.57.52:931][  0]LogConfig: Setting CVar [[r.SceneColorFormat:4]]
[2020.04.02-19.57.52:931][  0]LogConfig: Setting CVar [[r.DetailMode:2]]
[2020.04.02-19.57.52:931][  0]LogConfig: Setting CVar [[r.TranslucencyVolumeBlur:1]]
[2020.04.02-19.57.52:931][  0]LogConfig: Setting CVar [[r.MaterialQualityLevel:1 ; High quality]]
[2020.04.02-19.57.52:931][  0]LogConfig: Setting CVar [[r.SSS.Scale:1]]
[2020.04.02-19.57.52:931][  0]LogConfig: Setting CVar [[r.SSS.SampleSet:2]]
[2020.04.02-19.57.52:931][  0]LogConfig: Setting CVar [[r.SSS.Quality:1]]
[2020.04.02-19.57.52:931][  0]LogConfig: Setting CVar [[r.SSS.HalfRes:1]]
[2020.04.02-19.57.52:931][  0]LogConfig: Setting CVar [[r.SSGI.Quality:3]]
[2020.04.02-19.57.52:931][  0]LogConfig: Setting CVar [[r.EmitterSpawnRateScale:1.0]]
[2020.04.02-19.57.52:931][  0]LogConfig: Setting CVar [[r.ParticleLightQuality:2]]
[2020.04.02-19.57.52:931][  0]LogConfig: Setting CVar [[r.SkyAtmosphere.AerialPerspectiveLUT.FastApplyOnOpaque:1 ; Always have FastSkyLUT 1 in this case to avoid wrong sky]]
[2020.04.02-19.57.52:931][  0]LogConfig: Setting CVar [[r.SkyAtmosphere.AerialPerspectiveLUT.SampleCountPerSlice:1]]
[2020.04.02-19.57.52:931][  0]LogConfig: Setting CVar [[r.SkyAtmosphere.AerialPerspectiveLUT.DepthResolution:16.0]]
[2020.04.02-19.57.52:931][  0]LogConfig: Setting CVar [[r.SkyAtmosphere.FastSkyLUT:1]]
[2020.04.02-19.57.52:931][  0]LogConfig: Setting CVar [[r.SkyAtmosphere.FastSkyLUT.SampleCountMin:4.0]]
[2020.04.02-19.57.52:931][  0]LogConfig: Setting CVar [[r.SkyAtmosphere.FastSkyLUT.SampleCountMax:32.0]]
[2020.04.02-19.57.52:931][  0]LogConfig: Setting CVar [[r.SkyAtmosphere.SampleCountMin:4.0]]
[2020.04.02-19.57.52:931][  0]LogConfig: Setting CVar [[r.SkyAtmosphere.SampleCountMax:32.0]]
[2020.04.02-19.57.52:931][  0]LogConfig: Setting CVar [[r.SkyAtmosphere.TransmittanceLUT.UseSmallFormat:0]]
[2020.04.02-19.57.52:931][  0]LogConfig: Setting CVar [[r.SkyAtmosphere.TransmittanceLUT.SampleCount:10.0]]
[2020.04.02-19.57.52:931][  0]LogConfig: Setting CVar [[r.SkyAtmosphere.MultiScatteringLUT.SampleCount:15.0]]
[2020.04.02-19.57.52:931][  0]LogConfig: Applying CVar settings from Section [FoliageQuality@3] File [D:/Unreal_Projects/GridReposioty/Saved/Config/Windows/Scalability.ini]
[2020.04.02-19.57.52:931][  0]LogConfig: Setting CVar [[foliage.DensityScale:1.0]]
[2020.04.02-19.57.52:931][  0]LogConfig: Setting CVar [[grass.DensityScale:1.0]]
[2020.04.02-19.57.52:931][  0]LogConfig: Applying CVar settings from Section [ShadingQuality@3] File [D:/Unreal_Projects/GridReposioty/Saved/Config/Windows/Scalability.ini]
[2020.04.02-19.57.52:931][  0]LogConfig: Setting CVar [[r.HairStrands.SkyLighting.SampleCount:16]]
[2020.04.02-19.57.52:931][  0]LogConfig: Setting CVar [[r.HairStrands.SkyLighting.JitterIntegration:0]]
[2020.04.02-19.57.52:931][  0]LogConfig: Setting CVar [[r.HairStrands.SkyAO.SampleCount:16]]
[2020.04.02-19.57.52:931][  0]LogInit: Selected Device Profile: [Windows]
[2020.04.02-19.57.52:932][  0]LogInit: Applying CVar settings loaded from the selected device profile: [Windows]
[2020.04.02-19.57.52:934][  0]LogHAL: Display: Platform has ~ 32 GB [34308112384 / 34359738368 / 32], which maps to Largest [LargestMinGB=32, LargerMinGB=12, DefaultMinGB=8, SmallerMinGB=6, SmallestMinGB=0)
[2020.04.02-19.57.52:934][  0]LogInit: Going up to parent DeviceProfile []
[2020.04.02-19.57.52:934][  0]LogConfig: Applying CVar settings from Section [ViewDistanceQuality@3] File [D:/Unreal_Projects/GridReposioty/Saved/Config/Windows/Scalability.ini]
[2020.04.02-19.57.52:934][  0]LogConfig: Setting CVar [[r.SkeletalMeshLODBias:0]]
[2020.04.02-19.57.52:934][  0]LogConfig: Setting CVar [[r.ViewDistanceScale:1.0]]
[2020.04.02-19.57.52:934][  0]LogConfig: Applying CVar settings from Section [AntiAliasingQuality@3] File [D:/Unreal_Projects/GridReposioty/Saved/Config/Windows/Scalability.ini]
[2020.04.02-19.57.52:934][  0]LogConfig: Setting CVar [[r.PostProcessAAQuality:4]]
[2020.04.02-19.57.52:934][  0]LogConfig: Applying CVar settings from Section [ShadowQuality@3] File [D:/Unreal_Projects/GridReposioty/Saved/Config/Windows/Scalability.ini]
[2020.04.02-19.57.52:934][  0]LogConfig: Setting CVar [[r.LightFunctionQuality:1]]
[2020.04.02-19.57.52:934][  0]LogConfig: Setting CVar [[r.ShadowQuality:5]]
[2020.04.02-19.57.52:934][  0]LogConfig: Setting CVar [[r.Shadow.CSM.MaxCascades:10]]
[2020.04.02-19.57.52:934][  0]LogConfig: Setting CVar [[r.Shadow.MaxResolution:2048]]
[2020.04.02-19.57.52:934][  0]LogConfig: Setting CVar [[r.Shadow.MaxCSMResolution:2048]]
[2020.04.02-19.57.52:934][  0]LogConfig: Setting CVar [[r.Shadow.RadiusThreshold:0.01]]
[2020.04.02-19.57.52:934][  0]LogConfig: Setting CVar [[r.Shadow.DistanceScale:1.0]]
[2020.04.02-19.57.52:934][  0]LogConfig: Setting CVar [[r.Shadow.CSM.TransitionScale:1.0]]
[2020.04.02-19.57.52:934][  0]LogConfig: Setting CVar [[r.Shadow.PreShadowResolutionFactor:1.0]]
[2020.04.02-19.57.52:934][  0]LogConfig: Setting CVar [[r.DistanceFieldShadowing:1]]
[2020.04.02-19.57.52:934][  0]LogConfig: Setting CVar [[r.DistanceFieldAO:1]]
[2020.04.02-19.57.52:934][  0]LogConfig: Setting CVar [[r.AOQuality:2]]
[2020.04.02-19.57.52:934][  0]LogConfig: Setting CVar [[r.VolumetricFog:1]]
[2020.04.02-19.57.52:934][  0]LogConfig: Setting CVar [[r.VolumetricFog.GridPixelSize:8]]
[2020.04.02-19.57.52:934][  0]LogConfig: Setting CVar [[r.VolumetricFog.GridSizeZ:128]]
[2020.04.02-19.57.52:934][  0]LogConfig: Setting CVar [[r.VolumetricFog.HistoryMissSupersampleCount:4]]
[2020.04.02-19.57.52:934][  0]LogConfig: Setting CVar [[r.LightMaxDrawDistanceScale:1]]
[2020.04.02-19.57.52:934][  0]LogConfig: Setting CVar [[r.CapsuleShadows:1]]
[2020.04.02-19.57.52:934][  0]LogConfig: Applying CVar settings from Section [PostProcessQuality@3] File [D:/Unreal_Projects/GridReposioty/Saved/Config/Windows/Scalability.ini]
[2020.04.02-19.57.52:934][  0]LogConfig: Setting CVar [[r.MotionBlurQuality:4]]
[2020.04.02-19.57.52:934][  0]LogConfig: Setting CVar [[r.AmbientOcclusionMipLevelFactor:0.4]]
[2020.04.02-19.57.52:934][  0]LogConfig: Setting CVar [[r.AmbientOcclusionMaxQuality:100]]
[2020.04.02-19.57.52:934][  0]LogConfig: Setting CVar [[r.AmbientOcclusionLevels:-1]]
[2020.04.02-19.57.52:934][  0]LogConfig: Setting CVar [[r.AmbientOcclusionRadiusScale:1.0]]
[2020.04.02-19.57.52:934][  0]LogConfig: Setting CVar [[r.DepthOfFieldQuality:2]]
[2020.04.02-19.57.52:934][  0]LogConfig: Setting CVar [[r.RenderTargetPoolMin:400]]
[2020.04.02-19.57.52:934][  0]LogConfig: Setting CVar [[r.LensFlareQuality:2]]
[2020.04.02-19.57.52:934][  0]LogConfig: Setting CVar [[r.SceneColorFringeQuality:1]]
[2020.04.02-19.57.52:934][  0]LogConfig: Setting CVar [[r.EyeAdaptationQuality:2]]
[2020.04.02-19.57.52:934][  0]LogConfig: Setting CVar [[r.BloomQuality:5]]
[2020.04.02-19.57.52:934][  0]LogConfig: Setting CVar [[r.FastBlurThreshold:100]]
[2020.04.02-19.57.52:934][  0]LogConfig: Setting CVar [[r.Upscale.Quality:3]]
[2020.04.02-19.57.52:934][  0]LogConfig: Setting CVar [[r.Tonemapper.GrainQuantization:1]]
[2020.04.02-19.57.52:934][  0]LogConfig: Setting CVar [[r.LightShaftQuality:1]]
[2020.04.02-19.57.52:934][  0]LogConfig: Setting CVar [[r.Filter.SizeScale:1]]
[2020.04.02-19.57.52:934][  0]LogConfig: Setting CVar [[r.Tonemapper.Quality:5]]
[2020.04.02-19.57.52:934][  0]LogConfig: Setting CVar [[r.DOF.Gather.AccumulatorQuality:1        ; higher gathering accumulator quality]]
[2020.04.02-19.57.52:934][  0]LogConfig: Setting CVar [[r.DOF.Gather.PostfilterMethod:1          ; Median3x3 postfilering method]]
[2020.04.02-19.57.52:934][  0]LogConfig: Setting CVar [[r.DOF.Gather.EnableBokehSettings:0       ; no bokeh simulation when gathering]]
[2020.04.02-19.57.52:934][  0]LogConfig: Setting CVar [[r.DOF.Gather.RingCount:4                 ; medium number of samples when gathering]]
[2020.04.02-19.57.52:934][  0]LogConfig: Setting CVar [[r.DOF.Scatter.ForegroundCompositing:1    ; additive foreground scattering]]
[2020.04.02-19.57.52:934][  0]LogConfig: Setting CVar [[r.DOF.Scatter.BackgroundCompositing:2    ; additive background scattering]]
[2020.04.02-19.57.52:934][  0]LogConfig: Setting CVar [[r.DOF.Scatter.EnableBokehSettings:1      ; bokeh simulation when scattering]]
[2020.04.02-19.57.52:934][  0]LogConfig: Setting CVar [[r.DOF.Scatter.MaxSpriteRatio:0.1         ; only a maximum of 10% of scattered bokeh]]
[2020.04.02-19.57.52:934][  0]LogConfig: Setting CVar [[r.DOF.Recombine.Quality:1                ; cheap slight out of focus]]
[2020.04.02-19.57.52:935][  0]LogConfig: Setting CVar [[r.DOF.Recombine.EnableBokehSettings:0    ; no bokeh simulation on slight out of focus]]
[2020.04.02-19.57.52:935][  0]LogConfig: Setting CVar [[r.DOF.TemporalAAQuality:1                ; more stable temporal accumulation]]
[2020.04.02-19.57.52:935][  0]LogConfig: Setting CVar [[r.DOF.Kernel.MaxForegroundRadius:0.025]]
[2020.04.02-19.57.52:935][  0]LogConfig: Setting CVar [[r.DOF.Kernel.MaxBackgroundRadius:0.025]]
[2020.04.02-19.57.52:935][  0]LogConfig: Applying CVar settings from Section [TextureQuality@3] File [D:/Unreal_Projects/GridReposioty/Saved/Config/Windows/Scalability.ini]
[2020.04.02-19.57.52:935][  0]LogConfig: Setting CVar [[r.Streaming.MipBias:0]]
[2020.04.02-19.57.52:935][  0]LogConfig: Setting CVar [[r.Streaming.AmortizeCPUToGPUCopy:0]]
[2020.04.02-19.57.52:935][  0]LogConfig: Setting CVar [[r.Streaming.MaxNumTexturesToStreamPerFrame:0]]
[2020.04.02-19.57.52:935][  0]LogConfig: Setting CVar [[r.Streaming.Boost:1]]
[2020.04.02-19.57.52:935][  0]LogConfig: Setting CVar [[r.MaxAnisotropy:8]]
[2020.04.02-19.57.52:935][  0]LogConfig: Setting CVar [[r.VT.MaxAnisotropy:8]]
[2020.04.02-19.57.52:935][  0]LogConfig: Setting CVar [[r.Streaming.LimitPoolSizeToVRAM:0]]
[2020.04.02-19.57.52:935][  0]LogConfig: Setting CVar [[r.Streaming.PoolSize:1000]]
[2020.04.02-19.57.52:935][  0]LogConfig: Setting CVar [[r.Streaming.MaxEffectiveScreenSize:0]]
[2020.04.02-19.57.52:935][  0]LogConfig: Applying CVar settings from Section [EffectsQuality@3] File [D:/Unreal_Projects/GridReposioty/Saved/Config/Windows/Scalability.ini]
[2020.04.02-19.57.52:935][  0]LogConfig: Setting CVar [[r.TranslucencyLightingVolumeDim:64]]
[2020.04.02-19.57.52:935][  0]LogConfig: Setting CVar [[r.RefractionQuality:2]]
[2020.04.02-19.57.52:935][  0]LogConfig: Setting CVar [[r.SSR.Quality:3]]
[2020.04.02-19.57.52:935][  0]LogConfig: Setting CVar [[r.SSR.HalfResSceneColor:0]]
[2020.04.02-19.57.52:935][  0]LogConfig: Setting CVar [[r.SceneColorFormat:4]]
[2020.04.02-19.57.52:935][  0]LogConfig: Setting CVar [[r.DetailMode:2]]
[2020.04.02-19.57.52:935][  0]LogConfig: Setting CVar [[r.TranslucencyVolumeBlur:1]]
[2020.04.02-19.57.52:935][  0]LogConfig: Setting CVar [[r.MaterialQualityLevel:1 ; High quality]]
[2020.04.02-19.57.52:935][  0]LogConfig: Setting CVar [[r.SSS.Scale:1]]
[2020.04.02-19.57.52:935][  0]LogConfig: Setting CVar [[r.SSS.SampleSet:2]]
[2020.04.02-19.57.52:935][  0]LogConfig: Setting CVar [[r.SSS.Quality:1]]
[2020.04.02-19.57.52:935][  0]LogConfig: Setting CVar [[r.SSS.HalfRes:1]]
[2020.04.02-19.57.52:935][  0]LogConfig: Setting CVar [[r.SSGI.Quality:3]]
[2020.04.02-19.57.52:935][  0]LogConfig: Setting CVar [[r.EmitterSpawnRateScale:1.0]]
[2020.04.02-19.57.52:935][  0]LogConfig: Setting CVar [[r.ParticleLightQuality:2]]
[2020.04.02-19.57.52:935][  0]LogConfig: Setting CVar [[r.SkyAtmosphere.AerialPerspectiveLUT.FastApplyOnOpaque:1 ; Always have FastSkyLUT 1 in this case to avoid wrong sky]]
[2020.04.02-19.57.52:935][  0]LogConfig: Setting CVar [[r.SkyAtmosphere.AerialPerspectiveLUT.SampleCountPerSlice:1]]
[2020.04.02-19.57.52:935][  0]LogConfig: Setting CVar [[r.SkyAtmosphere.AerialPerspectiveLUT.DepthResolution:16.0]]
[2020.04.02-19.57.52:935][  0]LogConfig: Setting CVar [[r.SkyAtmosphere.FastSkyLUT:1]]
[2020.04.02-19.57.52:935][  0]LogConfig: Setting CVar [[r.SkyAtmosphere.FastSkyLUT.SampleCountMin:4.0]]
[2020.04.02-19.57.52:935][  0]LogConfig: Setting CVar [[r.SkyAtmosphere.FastSkyLUT.SampleCountMax:32.0]]
[2020.04.02-19.57.52:935][  0]LogConfig: Setting CVar [[r.SkyAtmosphere.SampleCountMin:4.0]]
[2020.04.02-19.57.52:935][  0]LogConfig: Setting CVar [[r.SkyAtmosphere.SampleCountMax:32.0]]
[2020.04.02-19.57.52:935][  0]LogConfig: Setting CVar [[r.SkyAtmosphere.TransmittanceLUT.UseSmallFormat:0]]
[2020.04.02-19.57.52:935][  0]LogConfig: Setting CVar [[r.SkyAtmosphere.TransmittanceLUT.SampleCount:10.0]]
[2020.04.02-19.57.52:935][  0]LogConfig: Setting CVar [[r.SkyAtmosphere.MultiScatteringLUT.SampleCount:15.0]]
[2020.04.02-19.57.52:935][  0]LogConfig: Applying CVar settings from Section [FoliageQuality@3] File [D:/Unreal_Projects/GridReposioty/Saved/Config/Windows/Scalability.ini]
[2020.04.02-19.57.52:935][  0]LogConfig: Setting CVar [[foliage.DensityScale:1.0]]
[2020.04.02-19.57.52:935][  0]LogConfig: Setting CVar [[grass.DensityScale:1.0]]
[2020.04.02-19.57.52:935][  0]LogConfig: Applying CVar settings from Section [ShadingQuality@3] File [D:/Unreal_Projects/GridReposioty/Saved/Config/Windows/Scalability.ini]
[2020.04.02-19.57.52:935][  0]LogConfig: Setting CVar [[r.HairStrands.SkyLighting.SampleCount:16]]
[2020.04.02-19.57.52:935][  0]LogConfig: Setting CVar [[r.HairStrands.SkyLighting.JitterIntegration:0]]
[2020.04.02-19.57.52:935][  0]LogConfig: Setting CVar [[r.HairStrands.SkyAO.SampleCount:16]]
[2020.04.02-19.57.52:935][  0]LogConfig: Applying CVar settings from Section [Startup] File [../../../Engine/Config/ConsoleVariables.ini]
[2020.04.02-19.57.52:935][  0]LogConfig: Setting CVar [[net.UseAdaptiveNetUpdateFrequency:0]]
[2020.04.02-19.57.52:935][  0]LogConfig: Setting CVar [[p.chaos.AllowCreatePhysxBodies:1]]
[2020.04.02-19.57.52:935][  0]LogConfig: Applying CVar settings from Section [ConsoleVariables] File [D:/Unreal_Projects/GridReposioty/Saved/Config/Windows/Engine.ini]
[2020.04.02-19.57.52:935][  0]LogInit: Computer: DESKTOP-JDOC3OC
[2020.04.02-19.57.52:935][  0]LogInit: User: Sam
[2020.04.02-19.57.52:935][  0]LogInit: CPU Page size=4096, Cores=6
[2020.04.02-19.57.52:935][  0]LogInit: High frequency timer resolution =10.000000 MHz
[2020.04.02-19.57.52:936][  0]LogMemory: Memory total: Physical=32.0GB (32GB approx)
[2020.04.02-19.57.52:936][  0]LogMemory: Platform Memory Stats for Windows
[2020.04.02-19.57.52:936][  0]LogMemory: Process Physical Memory: 105.76 MB used, 105.77 MB peak
[2020.04.02-19.57.52:936][  0]LogMemory: Process Virtual Memory: 101.59 MB used, 101.59 MB peak
[2020.04.02-19.57.52:936][  0]LogMemory: Physical Memory: 11094.79 MB used,  21623.98 MB free, 32718.77 MB total
[2020.04.02-19.57.52:936][  0]LogMemory: Virtual Memory: 5159.27 MB used,  134212568.00 MB free, 134217728.00 MB total
[2020.04.02-19.57.52:937][  0]LogWindows: WindowsPlatformFeatures enabled
[2020.04.02-19.57.52:951][  0]LogInit: Using OS detected language (en-US).
[2020.04.02-19.57.52:951][  0]LogInit: Using OS detected locale (en-US).
[2020.04.02-19.57.52:952][  0]LogTextLocalizationManager: No specific localization for 'en-US' exists, so the 'en' localization will be used.
[2020.04.02-19.57.53:087][  0]LogInit: Setting process to per monitor DPI aware
[2020.04.02-19.57.53:120][  0]LogSlate: New Slate User Created.  User Index 0, Is Virtual User: 0
[2020.04.02-19.57.53:120][  0]LogSlate: Slate User Registered.  User Index 0, Is Virtual User: 0
[2020.04.02-19.57.53:312][  0]LogHMD: Failed to initialize OpenVR with code 110
[2020.04.02-19.57.53:312][  0]LogD3D11RHI: D3D11 min allowed feature level: 11_0
[2020.04.02-19.57.53:312][  0]LogD3D11RHI: D3D11 max allowed feature level: 11_0
[2020.04.02-19.57.53:312][  0]LogD3D11RHI: D3D11 adapters:
[2020.04.02-19.57.53:339][  0]LogD3D11RHI:    0. 'Radeon RX Vega' (Feature Level 11_0)
[2020.04.02-19.57.53:339][  0]LogD3D11RHI:       8119/0/16359 MB DedicatedVideo/DedicatedSystem/SharedSystem, Outputs:2, VendorId:0x1002
[2020.04.02-19.57.53:341][  0]LogD3D11RHI:    1. 'Microsoft Basic Render Driver' (Feature Level 11_0)
[2020.04.02-19.57.53:342][  0]LogD3D11RHI:       0/0/16359 MB DedicatedVideo/DedicatedSystem/SharedSystem, Outputs:0, VendorId:0x1414
[2020.04.02-19.57.53:342][  0]LogD3D11RHI: Chosen D3D11 Adapter: 0
[2020.04.02-19.57.53:349][  0]LogD3D11RHI: Creating new Direct3DDevice
[2020.04.02-19.57.53:349][  0]LogD3D11RHI:     GPU DeviceId: 0x687f (for the marketing name, search the web for "GPU Device Id")
[2020.04.02-19.57.53:349][  0]LogWindows: EnumDisplayDevices:
[2020.04.02-19.57.53:350][  0]LogWindows:    0. 'Radeon RX Vega' (P:0 D:1)
[2020.04.02-19.57.53:350][  0]LogWindows:    1. 'Radeon RX Vega' (P:1 D:1)
[2020.04.02-19.57.53:350][  0]LogWindows:    2. 'Radeon RX Vega' (P:0 D:0)
[2020.04.02-19.57.53:350][  0]LogWindows:    3. 'Radeon RX Vega' (P:0 D:0)
[2020.04.02-19.57.53:351][  0]LogWindows:    4. 'Radeon RX Vega' (P:0 D:0)
[2020.04.02-19.57.53:351][  0]LogWindows:    5. 'Radeon RX Vega' (P:0 D:0)
[2020.04.02-19.57.53:351][  0]LogWindows:    6. 'Radeon RX Vega' (P:0 D:0)
[2020.04.02-19.57.53:351][  0]LogWindows:    7. 'Radeon RX Vega' (P:0 D:0)
[2020.04.02-19.57.53:352][  0]LogWindows: DebugString: FoundDriverCount:8 
[2020.04.02-19.57.53:352][  0]LogD3D11RHI:     Adapter Name: Radeon RX Vega
[2020.04.02-19.57.53:352][  0]LogD3D11RHI:   Driver Version: Adrenalin 2020 20.3.1 (internal:26.20.15029.15007, unified:26.20.15029.15007)
[2020.04.02-19.57.53:352][  0]LogD3D11RHI:      Driver Date: 3-17-2020
[2020.04.02-19.57.53:352][  0]LogRHI: Texture pool is 5683 MB (70% of 8119 MB)
[2020.04.02-19.57.53:403][  0]LogD3D11RHI: RHI does not have support for 64 bit atomics
[2020.04.02-19.57.53:403][  0]LogD3D11RHI: Async texture creation enabled
[2020.04.02-19.57.53:414][  0]LogD3D11RHI: GPU Timing Frequency: 27.000000 (Debug: 2 1)
[2020.04.02-19.57.53:713][  0]LogTargetPlatformManager: Display: Loaded TargetPlatform 'AllDesktop'
[2020.04.02-19.57.53:741][  0]LogTargetPlatformManager: Display: Loaded TargetPlatform 'Android'
[2020.04.02-19.57.53:741][  0]LogTargetPlatformManager: Display: Loaded TargetPlatform 'Android_ASTC'
[2020.04.02-19.57.53:741][  0]LogTargetPlatformManager: Display: Loaded TargetPlatform 'Android_ATC'
[2020.04.02-19.57.53:741][  0]LogTargetPlatformManager: Display: Loaded TargetPlatform 'Android_DXT'
[2020.04.02-19.57.53:742][  0]LogTargetPlatformManager: Display: Loaded TargetPlatform 'Android_ETC1'
[2020.04.02-19.57.53:742][  0]LogTargetPlatformManager: Display: Loaded TargetPlatform 'Android_ETC1a'
[2020.04.02-19.57.53:742][  0]LogTargetPlatformManager: Display: Loaded TargetPlatform 'Android_ETC2'
[2020.04.02-19.57.53:742][  0]LogTargetPlatformManager: Display: Loaded TargetPlatform 'Android_PVRTC'
[2020.04.02-19.57.53:742][  0]LogTargetPlatformManager: Display: Loaded TargetPlatform 'AndroidClient'
[2020.04.02-19.57.53:742][  0]LogTargetPlatformManager: Display: Loaded TargetPlatform 'Android_ASTCClient'
[2020.04.02-19.57.53:742][  0]LogTargetPlatformManager: Display: Loaded TargetPlatform 'Android_ATCClient'
[2020.04.02-19.57.53:742][  0]LogTargetPlatformManager: Display: Loaded TargetPlatform 'Android_DXTClient'
[2020.04.02-19.57.53:742][  0]LogTargetPlatformManager: Display: Loaded TargetPlatform 'Android_ETC1Client'
[2020.04.02-19.57.53:742][  0]LogTargetPlatformManager: Display: Loaded TargetPlatform 'Android_ETC1aClient'
[2020.04.02-19.57.53:742][  0]LogTargetPlatformManager: Display: Loaded TargetPlatform 'Android_ETC2Client'
[2020.04.02-19.57.53:742][  0]LogTargetPlatformManager: Display: Loaded TargetPlatform 'Android_PVRTCClient'
[2020.04.02-19.57.53:742][  0]LogTargetPlatformManager: Display: Loaded TargetPlatform 'Android_Multi'
[2020.04.02-19.57.53:742][  0]LogTargetPlatformManager: Display: Loaded TargetPlatform 'Android_MultiClient'
[2020.04.02-19.57.53:759][  0]LogTargetPlatformManager: Display: Loaded TargetPlatform 'IOSClient'
[2020.04.02-19.57.53:759][  0]LogTargetPlatformManager: Display: Loaded TargetPlatform 'IOS'
[2020.04.02-19.57.53:765][  0]LogTargetPlatformManager: Display: Loaded TargetPlatform 'LinuxNoEditor'
[2020.04.02-19.57.53:772][  0]LogTargetPlatformManager: Display: Loaded TargetPlatform 'LinuxClient'
[2020.04.02-19.57.53:778][  0]LogTargetPlatformManager: Display: Loaded TargetPlatform 'LinuxServer'
[2020.04.02-19.57.53:784][  0]LogTargetPlatformManager: Display: Loaded TargetPlatform 'LinuxAArch64NoEditor'
[2020.04.02-19.57.53:790][  0]LogTargetPlatformManager: Display: Loaded TargetPlatform 'LinuxAArch64Client'
[2020.04.02-19.57.53:797][  0]LogTargetPlatformManager: Display: Loaded TargetPlatform 'LinuxAArch64Server'
[2020.04.02-19.57.53:818][  0]LogTargetPlatformManager: Display: Loaded TargetPlatform 'Lumin'
[2020.04.02-19.57.53:818][  0]LogTargetPlatformManager: Display: Loaded TargetPlatform 'LuminClient'
[2020.04.02-19.57.53:831][  0]LogTargetPlatformManager: Display: Loaded TargetPlatform 'TVOSClient'
[2020.04.02-19.57.53:832][  0]LogTargetPlatformManager: Display: Loaded TargetPlatform 'TVOS'
[2020.04.02-19.57.53:839][  0]LogTargetPlatformManager: Display: Loaded TargetPlatform 'WindowsNoEditor'
[2020.04.02-19.57.53:847][  0]LogTargetPlatformManager: Display: Loaded TargetPlatform 'Windows'
[2020.04.02-19.57.53:853][  0]LogTargetPlatformManager: Display: Loaded TargetPlatform 'WindowsClient'
[2020.04.02-19.57.53:859][  0]LogTargetPlatformManager: Display: Loaded TargetPlatform 'WindowsServer'
[2020.04.02-19.57.53:859][  0]LogTargetPlatformManager: Display: Building Assets For Windows
[2020.04.02-19.57.53:862][  0]LogAudioDebug: Display: Lib vorbis DLL was dynamically loaded.
[2020.04.02-19.57.53:880][  0]LogShaderCompilers: Guid format shader working directory is -1 characters bigger than the processId version (../../../../../Unreal_Projects/GridReposioty/Intermediate/Shaders/WorkingDirectory/40940/).
[2020.04.02-19.57.53:880][  0]LogShaderCompilers: Cleaned the shader compiler working directory 'C:/Users/Sam/AppData/Local/Temp/UnrealShaderWorkingDir/559FFF6D428FF7315465CB997AA95660/'.
[2020.04.02-19.57.53:881][  0]LogXGEController: Cannot use XGE Controller as Incredibuild is not installed on this machine.
[2020.04.02-19.57.53:881][  0]LogShaderCompilers: Cannot use XGE Shader Compiler as Incredibuild is not installed on this machine.
[2020.04.02-19.57.53:881][  0]LogShaderCompilers: Display: Using Local Shader Compiler.
[2020.04.02-19.57.54:545][  0]LogDerivedDataCache: Display: Max Cache Size: 512 MB
[2020.04.02-19.57.54:587][  0]LogDerivedDataCache: Loaded boot cache 0.04s 78MB C:/Users/Sam/AppData/Local/UnrealEngine/4.24/DerivedDataCache/Boot.ddc.
[2020.04.02-19.57.54:587][  0]LogDerivedDataCache: Display: Loaded Boot cache: C:/Users/Sam/AppData/Local/UnrealEngine/4.24/DerivedDataCache/Boot.ddc
[2020.04.02-19.57.54:587][  0]LogDerivedDataCache: FDerivedDataBackendGraph:  Pak pak cache file ../../../../../Unreal_Projects/GridReposioty/DerivedDataCache/DDC.ddp not found, will not use a pak cache.
[2020.04.02-19.57.54:587][  0]LogDerivedDataCache: Unable to find inner node Pak for hierarchical cache Hierarchy.
[2020.04.02-19.57.54:587][  0]LogDerivedDataCache: FDerivedDataBackendGraph:  CompressedPak pak cache file ../../../../../Unreal_Projects/GridReposioty/DerivedDataCache/Compressed.ddp not found, will not use a pak cache.
[2020.04.02-19.57.54:587][  0]LogDerivedDataCache: Unable to find inner node CompressedPak for hierarchical cache Hierarchy.
[2020.04.02-19.57.54:597][  0]LogDerivedDataCache: Display: Pak cache opened for reading ../../../Engine/DerivedDataCache/Compressed.ddp.
[2020.04.02-19.57.54:597][  0]LogDerivedDataCache: FDerivedDataBackendGraph:  EnterprisePak pak cache file ../../../Enterprise/DerivedDataCache/Compressed.ddp not found, will not use a pak cache.
[2020.04.02-19.57.54:597][  0]LogDerivedDataCache: Unable to find inner node EnterprisePak for hierarchical cache Hierarchy.
[2020.04.02-19.57.54:598][  0]LogDerivedDataCache: Using Local data cache path C:/Users/Sam/AppData/Local/UnrealEngine/Common/DerivedDataCache: Writable
[2020.04.02-19.57.54:599][  0]LogDerivedDataCache: Shared data cache path not found in *engine.ini, will not use an Shared cache.
[2020.04.02-19.57.54:599][  0]LogDerivedDataCache: Unable to find inner node Shared for hierarchical cache Hierarchy.
[2020.04.02-19.57.54:620][  0]LogMaterial: Verifying Global Shaders for PCD3D_SM5
[2020.04.02-19.57.54:623][  0]LogSlate: Using FreeType 2.10.0
[2020.04.02-19.57.54:623][  0]LogSlate: SlateFontServices - WITH_FREETYPE: 1, WITH_HARFBUZZ: 1
[2020.04.02-19.57.54:675][  0]LogAssetRegistry: FAssetRegistry took 0.0023 seconds to start up
[2020.04.02-19.57.54:935][  0]LogInit: Selected Device Profile: [Windows]
[2020.04.02-19.57.55:066][  0]LogMeshReduction: Using QuadricMeshReduction for automatic static mesh reduction
[2020.04.02-19.57.55:066][  0]LogMeshReduction: Using SimplygonMeshReduction for automatic skeletal mesh reduction
[2020.04.02-19.57.55:066][  0]LogMeshReduction: Using ProxyLODMeshReduction for automatic mesh merging
[2020.04.02-19.57.55:066][  0]LogMeshReduction: No distributed automatic mesh merging module available
[2020.04.02-19.57.55:066][  0]LogMeshMerging: No distributed automatic mesh merging module available
[2020.04.02-19.57.55:080][  0]LogNetVersion: TowerDefense 1.0.0, NetCL: 10570792, EngineNetVer: 13, GameNetVer: 0 (Checksum: 509881650)
[2020.04.02-19.57.56:108][  0]LogPackageLocalizationCache: Processed 10 localized package path(s) for 1 prioritized culture(s) in 0.042213 seconds
[2020.04.02-19.57.56:114][  0]LogUObjectArray: 46750 objects as part of root set at end of initial load.
[2020.04.02-19.57.56:115][  0]LogUObjectAllocator: 8137160 out of 0 bytes used by permanent object pool.
[2020.04.02-19.57.56:115][  0]LogUObjectArray: CloseDisregardForGC: 0/0 objects in disregard for GC pool
[2020.04.02-19.57.56:499][  0]LogTcpMessaging: Initializing TcpMessaging bridge
[2020.04.02-19.57.56:502][  0]LogUdpMessaging: Initializing bridge on interface 0.0.0.0:0 to multicast group 230.0.0.1:6666.
[2020.04.02-19.57.56:555][  0]SourceControl: Source control is disabled
[2020.04.02-19.57.56:555][  0]SourceControl: Source control is disabled
[2020.04.02-19.57.56:556][  0]SourceControl: Source control is disabled
[2020.04.02-19.57.56:557][  0]SourceControl: Source control is disabled
[2020.04.02-19.57.56:557][  0]SourceControl: Source control is disabled
[2020.04.02-19.57.56:634][  0]LogAndroidPermission: UAndroidPermissionCallbackProxy::GetInstance
[2020.04.02-19.57.56:645][  0]LogAudioCaptureCore: Display: No Audio Capture implementations found. Audio input will be silent.
[2020.04.02-19.57.56:645][  0]LogAudioCaptureCore: Display: No Audio Capture implementations found. Audio input will be silent.
[2020.04.02-19.57.56:724][  0]LogOcInput: OculusInput pre-init called
[2020.04.02-19.57.56:731][  0]LogWindows: Failed to load 'OVRPlugin.dll' (GetLastError=126)
[2020.04.02-19.57.56:731][  0]LogWindows: File 'OVRPlugin.dll' does not exist
[2020.04.02-19.57.56:795][  0]LogEngine: Initializing Engine...
[2020.04.02-19.57.56:796][  0]LogHMD: Failed to initialize OpenVR with code 110
[2020.04.02-19.57.56:797][  0]LogStats: UGameplayTagsManager::InitializeManager -  0.000 s
[2020.04.02-19.57.57:100][  0]LogInit: Initializing FReadOnlyCVARCache
[2020.04.02-19.57.57:105][  0]LogAIModule: Creating AISystem for world Untitled
[2020.04.02-19.57.57:117][  0]LogAudioMixer: Display: Audio Mixer Platform Settings:
[2020.04.02-19.57.57:117][  0]LogAudioMixer: Display: 	Sample Rate:						  48000
[2020.04.02-19.57.57:117][  0]LogAudioMixer: Display: 	Callback Buffer Frame Size Requested: 1024
[2020.04.02-19.57.57:117][  0]LogAudioMixer: Display: 	Callback Buffer Frame Size To Use:	  1024
[2020.04.02-19.57.57:117][  0]LogAudioMixer: Display: 	Number of buffers to queue:			  2
[2020.04.02-19.57.57:117][  0]LogAudioMixer: Display: 	Max Channels (voices):				  32
[2020.04.02-19.57.57:117][  0]LogAudioMixer: Display: 	Number of Async Source Workers:		  0
[2020.04.02-19.57.57:117][  0]LogAudio: Display: AudioDevice MaxSources: 32
[2020.04.02-19.57.57:117][  0]LogAudio: Display: Using built-in audio occlusion.
[2020.04.02-19.57.57:117][  0]LogAudioMixer: Display: Initializing audio mixer.
[2020.04.02-19.57.57:157][  0]LogAudioMixer: Display: Audio Device Output Speaker Info:
[2020.04.02-19.57.57:157][  0]LogAudioMixer: Display: Name: RAZER NARI ULTIMATE (Razer Nari Ultimate - Game)
[2020.04.02-19.57.57:157][  0]LogAudioMixer: Display: Is Default: Yes
[2020.04.02-19.57.57:157][  0]LogAudioMixer: Display: Sample Rate: 48000
[2020.04.02-19.57.57:157][  0]LogAudioMixer: Display: Channel Count Used: 2
[2020.04.02-19.57.57:157][  0]LogAudioMixer: Display: Device Channel Count: 2
[2020.04.02-19.57.57:157][  0]LogAudioMixer: Display: Channel Order:
[2020.04.02-19.57.57:157][  0]LogAudioMixer: Display: 0: FrontLeft
[2020.04.02-19.57.57:157][  0]LogAudioMixer: Display: 1: FrontRight
[2020.04.02-19.57.57:177][  0]LogAudioMixer: Display: Using Audio Device RAZER NARI ULTIMATE (Razer Nari Ultimate - Game)
[2020.04.02-19.57.57:181][  0]LogInit: FAudioDevice initialized.
[2020.04.02-19.57.57:181][  0]LogNetVersion: Set ProjectVersion to 1.0.0.0. Version Checksum will be recalculated on next use.
[2020.04.02-19.57.57:232][  0]LogDerivedDataCache: Saved boot cache 0.05s 78MB C:/Users/Sam/AppData/Local/UnrealEngine/4.24/DerivedDataCache/Boot.ddc.
[2020.04.02-19.57.57:232][  0]LogInit: Texture streaming: Enabled
[2020.04.02-19.57.57:243][  0]LogEngineSessionManager: EngineSessionManager initialized
[2020.04.02-19.57.57:243][  0]LogEditorSessionSummary: Verbose: Initializing EditorSessionSummaryWriter for editor session tracking
[2020.04.02-19.57.57:247][  0]LogEditorSessionSummary: EditorSessionSummaryWriter initialized
[2020.04.02-19.57.57:299][  0]LogInit: Transaction tracking system initialized
[2020.04.02-19.57.57:308][  0]BlueprintLog: New page: Editor Load
[2020.04.02-19.57.57:335][  0]LocalizationService: Localization service is disabled
[2020.04.02-19.57.57:369][  0]LogLinker: Warning: Failed to load '/Game/TopDownBP/TopDownOverview': Can't find file.
[2020.04.02-19.57.57:370][  0]LogLinker: Warning: Failed to load '/Game/TopDownBP/TopDownOverview': Can't find file.
[2020.04.02-19.57.57:370][  0]LogUObjectGlobals: Warning: Failed to find object 'Class /Game/TopDownBP/TopDownOverview.TopDownOverview_C'
[2020.04.02-19.57.57:584][  0]LogFileCache: Scanning file cache for directory 'D:/Unreal_Projects/GridReposioty/Content/' took 0.00s
[2020.04.02-19.57.57:584][  0]LogCook: Display: Max memory allowance for cook 16384mb min free memory 0mb
[2020.04.02-19.57.57:584][  0]LogCook: Display: Mobile HDR setting 1
[2020.04.02-19.57.58:282][  0]SourceControl: Source control is disabled
[2020.04.02-19.57.58:413][  0]LogSlate: Took 0.000289 seconds to synchronously load lazily loaded font '../../../Engine/Content/Slate/Fonts/Roboto-Regular.ttf' (155K)
[2020.04.02-19.58.02:363][  0]LogSlate: Window 'Restore Packages' being destroyed
[2020.04.02-19.58.02:363][  0]LogWindowsTextInputMethodSystem: Display: IME system now deactivated.
[2020.04.02-19.58.02:365][  0]LogWindowsTextInputMethodSystem: Display: IME system now deactivated.
[2020.04.02-19.58.06:887][  0]LogSlate: Window 'Unable to Check Out From Source Control!' being destroyed
[2020.04.02-19.58.06:887][  0]LogWindowsTextInputMethodSystem: Display: IME system now deactivated.
[2020.04.02-19.58.06:889][  0]LogWindowsTextInputMethodSystem: Display: IME system now deactivated.
[2020.04.02-19.58.06:896][  0]Cmd: MAP LOAD FILE="../../../../../Unreal_Projects/GridReposioty/Content/Maps/PatfindingLevel.umap" TEMPLATE=0 SHOWPROGRESS=1 FEATURELEVEL=3
[2020.04.02-19.58.06:897][  0]LightingResults: New page: Lighting Build
[2020.04.02-19.58.06:898][  0]LogWorld: UWorld::CleanupWorld for Untitled, bSessionEnded=true, bCleanupResources=true
[2020.04.02-19.58.06:898][  0]LogSlate: InvalidateAllWidgets triggered.  All widgets were invalidated
[2020.04.02-19.58.06:898][  0]MapCheck: New page: Map Check
[2020.04.02-19.58.06:898][  0]LightingResults: New page: Lighting Build
[2020.04.02-19.58.06:928][  0]LogUObjectHash: Compacting FUObjectHashTables data took   1.98ms
[2020.04.02-19.58.06:959][  0]LogProperty: Error: UStructProperty::Serialize Loading: Property 'StructProperty /Game/Blueprints/Grid/BP_GridTile.BP_GridTile_C:GetTileData.Value'. Unknown structure.
[2020.04.02-19.58.06:959][  0]LogProperty: Error: UStructProperty::Serialize Loading: Property 'StructProperty /Game/Blueprints/Grid/BP_GridTile.BP_GridTile_C:GetTileData.CallFunc_Map_Find_Value'. Unknown structure.
[2020.04.02-19.58.06:959][  0]LogProperty: Error: UStructProperty::Serialize Loading: Property 'StructProperty /Game/Blueprints/Grid/BP_GridTile.BP_GridTile_C:SetTileColor.CallFunc_GetTileData_Value'. Unknown structure.
[2020.04.02-19.58.07:111][  0]LogTexture: Display: Building textures: HQ_Lightmap0_1 (AutoDXT, 128X128)
[2020.04.02-19.58.07:111][  0]LogTexture: Display: Building textures: LQ_Lightmap_0_1 (DXT1, 128X128)
[2020.04.02-19.58.07:130][  0]LogAIModule: Creating AISystem for world PatfindingLevel
[2020.04.02-19.58.07:145][  0]LogEditorServer: Finished looking for orphan Actors (0.000 secs)
[2020.04.02-19.58.07:174][  0]LogUObjectHash: Compacting FUObjectHashTables data took   2.12ms
[2020.04.02-19.58.07:175][  0]Cmd: MAP CHECKDEP NOCLEARLOG
[2020.04.02-19.58.07:175][  0]MapCheck: Map check complete: 0 Error(s), 0 Warning(s), took 0.143ms to complete.
[2020.04.02-19.58.07:175][  0]LogFileHelpers: Loading map 'PatfindingLevel' took 0.279
[2020.04.02-19.58.07:251][  0]LogSlate: Updating window title bar state: overlay mode, drag disabled, window buttons hidden, title bar hidden
[2020.04.02-19.58.07:256][  0]LogSlate: Updating window title bar state: overlay mode, drag disabled, window buttons hidden, title bar hidden
[2020.04.02-19.58.07:262][  0]LogSlate: Updating window title bar state: overlay mode, drag disabled, window buttons hidden, title bar hidden
[2020.04.02-19.58.07:269][  0]LogSlate: Updating window title bar state: overlay mode, drag disabled, window buttons hidden, title bar hidden
[2020.04.02-19.58.07:273][  0]LogCollectionManager: Loaded 0 collections in 0.000930 seconds
[2020.04.02-19.58.07:284][  0]LogFileCache: Scanning file cache for directory 'D:/Unreal_Projects/GridReposioty/Saved/Collections/' took 0.00s
[2020.04.02-19.58.07:284][  0]LogFileCache: Scanning file cache for directory 'D:/Unreal_Projects/GridReposioty/Content/Developers/Sam/Collections/' took 0.00s
[2020.04.02-19.58.07:284][  0]LogFileCache: Scanning file cache for directory 'D:/Unreal_Projects/GridReposioty/Content/Collections/' took 0.00s
[2020.04.02-19.58.07:284][  0]LogContentBrowser: Native class hierarchy populated in 0.0077 seconds. Added 3015 classes and 717 folders.
[2020.04.02-19.58.07:286][  0]LogContentBrowser: Native class hierarchy updated for 'WidgetCarousel' in 0.0002 seconds. Added 0 classes and 0 folders.
[2020.04.02-19.58.07:351][  0]LogContentBrowser: Native class hierarchy updated for 'AddContentDialog' in 0.0003 seconds. Added 0 classes and 0 folders.
[2020.04.02-19.58.07:354][  0]LogContentBrowser: Native class hierarchy updated for 'SceneOutliner' in 0.0003 seconds. Added 2 classes and 3 folders.
[2020.04.02-19.58.07:391][  0]LogSlate: Took 0.000226 seconds to synchronously load lazily loaded font '../../../Engine/Content/Slate/Fonts/Roboto-Bold.ttf' (160K)
[2020.04.02-19.58.07:395][  0]LogSlate: Took 0.000231 seconds to synchronously load lazily loaded font '../../../Engine/Content/Editor/Slate/Fonts/FontAwesome.ttf' (139K)
[2020.04.02-19.58.07:439][  0]LogRenderer: Reallocating scene render targets to support 1268x644 Format 10 NumSamples 1 (Frame:1).
[2020.04.02-19.58.07:683][  0]LogContentBrowser: Native class hierarchy updated for 'HierarchicalLODOutliner' in 0.0003 seconds. Added 0 classes and 0 folders.
[2020.04.02-19.58.07:683][  0]LogLoad: (Engine Initialization) Total time: 16.24 seconds
[2020.04.02-19.58.07:683][  0]LogLoad: (Engine Initialization) Total Blueprint compile time: 0.00 seconds
[2020.04.02-19.58.07:722][  0]LogAssetRegistry: Asset discovery search completed in 13.0470 seconds
[2020.04.02-19.58.07:724][  0]LogCollectionManager: Fixed up redirectors for 0 collections in 0.000007 seconds (updated 0 objects)
[2020.04.02-19.58.07:729][  0]LogContentStreaming: Texture pool size now 1000 MB
[2020.04.02-19.58.07:750][  0]LogSlate: Took 0.000285 seconds to synchronously load lazily loaded font '../../../Engine/Content/Slate/Fonts/Roboto-Light.ttf' (167K)
[2020.04.02-19.58.17:396][ 87]LogSlate: Took 0.000249 seconds to synchronously load lazily loaded font '../../../Engine/Content/Slate/Fonts/Roboto-Light.ttf' (167K)
[2020.04.02-19.58.17:415][ 87]LogAssetEditorSubsystem: Opening Asset editor for UserDefinedStruct /Game/Blueprints/Grid/Struct_Tiles.Struct_Tiles
[2020.04.02-19.58.21:721][592]LogTemp: Repeating last play command: Selected Viewport
[2020.04.02-19.58.21:732][592]LogPlayLevel: PlayLevel: No blueprints needed recompiling
[2020.04.02-19.58.21:732][592]PIE: New page: PIE session: PatfindingLevel (Apr 2, 2020, 11:58:21 AM)
[2020.04.02-19.58.21:733][592]LogOnline: OSS: Creating online subsystem instance for: NULL
[2020.04.02-19.58.21:733][592]LogOnline: OSS: TryLoadSubsystemAndSetDefault: Loaded subsystem for module [NULL]
[2020.04.02-19.58.21:734][592]LogPlayLevel: Creating play world package: /Game/Maps/UEDPIE_0_PatfindingLevel
[2020.04.02-19.58.21:740][592]LogPlayLevel: PIE: StaticDuplicateObject took: (0.006869s)
[2020.04.02-19.58.21:741][592]LogAIModule: Creating AISystem for world PatfindingLevel
[2020.04.02-19.58.21:742][592]LogPlayLevel: PIE: World Init took: (0.000999s)
[2020.04.02-19.58.21:742][592]LogPlayLevel: PIE: Created PIE world by copying editor world from /Game/Maps/PatfindingLevel.PatfindingLevel to /Game/Maps/UEDPIE_0_PatfindingLevel.PatfindingLevel (0.008045s)
[2020.04.02-19.58.21:767][592]LogUObjectHash: Compacting FUObjectHashTables data took   1.58ms
[2020.04.02-19.58.21:767][592]LogAudioMixer: Display: Audio Mixer Platform Settings:
[2020.04.02-19.58.21:767][592]LogAudioMixer: Display: 	Sample Rate:						  48000
[2020.04.02-19.58.21:768][592]LogAudioMixer: Display: 	Callback Buffer Frame Size Requested: 1024
[2020.04.02-19.58.21:768][592]LogAudioMixer: Display: 	Callback Buffer Frame Size To Use:	  1024
[2020.04.02-19.58.21:768][592]LogAudioMixer: Display: 	Number of buffers to queue:			  2
[2020.04.02-19.58.21:768][592]LogAudioMixer: Display: 	Max Channels (voices):				  32
[2020.04.02-19.58.21:768][592]LogAudioMixer: Display: 	Number of Async Source Workers:		  0
[2020.04.02-19.58.21:768][592]LogAudio: Display: AudioDevice MaxSources: 32
[2020.04.02-19.58.21:768][592]LogAudio: Display: Using built-in audio occlusion.
[2020.04.02-19.58.21:768][592]LogAudioMixer: Display: Initializing audio mixer.
[2020.04.02-19.58.21:798][592]LogAudioMixer: Display: Audio Device Output Speaker Info:
[2020.04.02-19.58.21:798][592]LogAudioMixer: Display: Name: RAZER NARI ULTIMATE (Razer Nari Ultimate - Game)
[2020.04.02-19.58.21:798][592]LogAudioMixer: Display: Is Default: Yes
[2020.04.02-19.58.21:798][592]LogAudioMixer: Display: Sample Rate: 48000
[2020.04.02-19.58.21:798][592]LogAudioMixer: Display: Channel Count Used: 2
[2020.04.02-19.58.21:798][592]LogAudioMixer: Display: Device Channel Count: 2
[2020.04.02-19.58.21:798][592]LogAudioMixer: Display: Channel Order:
[2020.04.02-19.58.21:798][592]LogAudioMixer: Display: 0: FrontLeft
[2020.04.02-19.58.21:798][592]LogAudioMixer: Display: 1: FrontRight
[2020.04.02-19.58.21:811][592]LogAudioMixer: Display: Using Audio Device RAZER NARI ULTIMATE (Razer Nari Ultimate - Game)
[2020.04.02-19.58.21:812][592]LogInit: FAudioDevice initialized.
[2020.04.02-19.58.21:827][592]LogLoad: Game class is 'BP_Gamemode_C'
[2020.04.02-19.58.21:828][592]LogWorld: Bringing World /Game/Maps/UEDPIE_0_PatfindingLevel.PatfindingLevel up for play (max tick rate 0) at 2020.04.02-15.58.21
[2020.04.02-19.58.21:828][592]LogWorld: Bringing up level for play took: 0.000703
[2020.04.02-19.58.21:828][592]LogOnline: OSS: Creating online subsystem instance for: :Context_3
[2020.04.02-19.58.21:831][592]LogContentBrowser: Native class hierarchy updated for 'MovieSceneCapture' in 0.0003 seconds. Added 20 classes and 0 folders.
[2020.04.02-19.58.21:991][592]PIE: Play in editor start time for /Game/Maps/UEDPIE_0_PatfindingLevel 0.25
[2020.04.02-19.58.28:276][711]LogAudioMixer: Display: No commands were queued while flushing the source manager.
[2020.04.02-19.58.28:276][711]LogAudioMixer: Display: No commands were queued while flushing the source manager.
[2020.04.02-19.58.28:276][711]LogSlate: Updating window title bar state: overlay mode, drag disabled, window buttons hidden, title bar hidden
[2020.04.02-19.58.28:276][711]LogWorld: BeginTearingDown for /Game/Maps/UEDPIE_0_PatfindingLevel
[2020.04.02-19.58.28:276][711]LogAudioMixer: Display: No commands were queued while flushing the source manager.
[2020.04.02-19.58.28:287][711]LogWorld: UWorld::CleanupWorld for PatfindingLevel, bSessionEnded=true, bCleanupResources=true
[2020.04.02-19.58.28:291][711]LogSlate: InvalidateAllWidgets triggered.  All widgets were invalidated
[2020.04.02-19.58.28:323][711]LogPlayLevel: Display: Shutting down PIE online subsystems
[2020.04.02-19.58.28:328][711]LogSlate: InvalidateAllWidgets triggered.  All widgets were invalidated
[2020.04.02-19.58.28:355][711]LogAudioMixer: Display: No commands were queued while flushing the source manager.
[2020.04.02-19.58.28:357][711]LogSlate: Updating window title bar state: overlay mode, drag disabled, window buttons hidden, title bar hidden
[2020.04.02-19.58.28:381][711]LogUObjectHash: Compacting FUObjectHashTables data took   1.81ms
[2020.04.02-19.58.28:397][712]LogPlayLevel: Display: Destroying online subsystem :Context_3
[2020.04.02-19.58.30:160][892]Cmd: OBJ SAVEPACKAGE PACKAGE="/Game/Maps/PatfindingLevel" FILE="../../../../../Unreal_Projects/GridReposioty/Content/Maps/PatfindingLevel.umap" SILENT=true AUTOSAVING=false KEEPDIRTY=false
[2020.04.02-19.58.30:188][892]LogUObjectHash: Compacting FUObjectHashTables data took   0.72ms
[2020.04.02-19.58.30:222][892]LogSavePackage: Moving '../../../../../Unreal_Projects/GridReposioty/Saved/PatfindingLevel49E8C9D447B8D7B14F25D790A2066560.tmp' to '../../../../../Unreal_Projects/GridReposioty/Content/Maps/PatfindingLevel.umap'
[2020.04.02-19.58.30:245][892]Cmd: OBJ SAVEPACKAGE PACKAGE="/Game/Maps/PatfindingLevel_BuiltData" FILE="../../../../../Unreal_Projects/GridReposioty/Content/Maps/PatfindingLevel_BuiltData.uasset" SILENT=true
[2020.04.02-19.58.30:255][892]LogSavePackage: Moving '../../../../../Unreal_Projects/GridReposioty/Saved/PatfindingLevel_BuiltDataFB116C6347148D333445B5810754BD35.tmp' to '../../../../../Unreal_Projects/GridReposioty/Content/Maps/PatfindingLevel_BuiltData.uasset'
[2020.04.02-19.58.30:266][892]AssetCheck: New page: Asset Save: multiple assets
[2020.04.02-19.58.30:266][892]LogContentValidation: Display: Validating World /Game/Maps/PatfindingLevel.PatfindingLevel
[2020.04.02-19.58.30:266][892]LogContentValidation: Display: Validating MapBuildDataRegistry /Game/Maps/PatfindingLevel_BuiltData.PatfindingLevel_BuiltData
[2020.04.02-19.58.31:196][995]MapCheck: New page: Map Check
[2020.04.02-19.58.31:209][995]Cmd: MAP REBUILD ALLVISIBLE
[2020.04.02-19.58.31:209][995]LogEditorServer: Rebuildmap Clear paths rebuilt
[2020.04.02-19.58.31:213][995]LogWorld: UWorld::CleanupWorld for PatfindingLevel, bSessionEnded=true, bCleanupResources=false
[2020.04.02-19.58.31:259][995]LogUObjectHash: Compacting FUObjectHashTables data took   1.38ms
[2020.04.02-19.58.31:270][995]LogMaterial: Display: Missing cached shader map for material DebugViewMode MaterialTexCoordScale, compiling. 
[2020.04.02-19.58.31:285][995]LogShaderCompilers: Display: Worker (1/9): shaders left to compile 2
[2020.04.02-19.58.31:285][995]LogShaderCompilers: Display: Worker (2/9): shaders left to compile 1
[2020.04.02-19.58.31:285][995]LogMaterial: Display: Missing cached shader map for material DebugViewMode MaterialTexCoordScale, compiling. 
[2020.04.02-19.58.31:298][995]LogShaderCompilers: Display: Worker (3/9): shaders left to compile 2
[2020.04.02-19.58.31:298][995]LogShaderCompilers: Display: Worker (4/9): shaders left to compile 1
[2020.04.02-19.58.31:298][995]LogMaterial: Display: Missing cached shader map for material DebugViewMode MaterialTexCoordScale, compiling. 
[2020.04.02-19.58.31:313][995]LogShaderCompilers: Display: Worker (5/9): shaders left to compile 2
[2020.04.02-19.58.31:313][995]LogShaderCompilers: Display: Worker (6/9): shaders left to compile 1
[2020.04.02-19.58.31:313][995]LogMaterial: Display: Missing cached shader map for material DebugViewMode MaterialTexCoordScale, compiling. 
[2020.04.02-19.58.31:329][995]LogShaderCompilers: Display: Worker (7/9): shaders left to compile 2
[2020.04.02-19.58.31:329][995]LogShaderCompilers: Display: Worker (8/9): shaders left to compile 1
[2020.04.02-19.58.31:329][995]LogMaterial: Display: Missing cached shader map for material DebugViewMode MaterialTexCoordScale, compiling. 
[2020.04.02-19.58.31:758][995]LogShaderCompilers: Display: Worker (1/9): shaders left to compile 2
[2020.04.02-19.58.31:758][995]LogShaderCompilers: Display: Worker (3/9): shaders left to compile 1
[2020.04.02-19.58.31:758][995]TextureStreamingBuild: Display: Compiling optional shaders took 0.500 seconds.
[2020.04.02-19.58.31:762][995]LogLevel: Display: Export Material TexCoord Scales took 0.004 seconds.
[2020.04.02-19.58.31:765][995]TextureStreamingBuild: Display: Build Texture Streaming took 0.003 seconds.
[2020.04.02-19.58.31:790][995]LogUObjectHash: Compacting FUObjectHashTables data took   0.67ms
[2020.04.02-19.58.31:823][995]LightingResults: New page: Lighting Build - Apr 2, 2020, 11:58:31 AM
[2020.04.02-19.58.31:851][995]LogSwarmInterface: [OpenConnection] Registering TCP channel ...
[2020.04.02-19.58.31:902][995]LogSwarmInterface: [OpenConnection] Connecting to agent ...
[2020.04.02-19.58.31:911][995]LogSwarmInterface: [TryOpenConnection] Testing the Agent
[2020.04.02-19.58.32:417][995]LogSwarmInterface: [TryOpenConnection] Opening Connection to Agent
[2020.04.02-19.58.32:417][995]LogSwarmInterface: [TryOpenConnection] Local Process ID is 40940
[2020.04.02-19.58.35:008][995]LogStaticLightingSystem: Warning: No importance volume found, so the scene bounding box was used.  You can optimize your scene's quality and lighting build times by adding importance volumes.
[2020.04.02-19.58.35:008][995]LogStaticLightingSystem: Running Lightmass w/ ImmediateImport mode ENABLED
[2020.04.02-19.58.35:008][995]LogStaticLightingSystem: Running Lightmass w/ ImmediateProcess mode ENABLED
[2020.04.02-19.58.35:008][995]LogStaticLightingSystem: Running Lightmass w/ Sorting mode ENABLED
[2020.04.02-19.58.35:008][995]LogStaticLightingSystem: Running Lightmass w/ Mapping paddings ENABLED
[2020.04.02-19.58.35:008][995]LogStaticLightingSystem: Running Lightmass w/ Mapping debug paddings DISABLED
[2020.04.02-19.58.35:097][995]Cmd: MAP CHECK DONTDISPLAYDIALOG
[2020.04.02-19.58.35:097][995]MapCheck: New page: PatfindingLevel - Apr 2, 2020, 11:58:35 AM
[2020.04.02-19.58.35:097][995]MapCheck: Error: WorldSettings Maps need lighting rebuilt 
[2020.04.02-19.58.35:097][995]MapCheck: Map check complete: 1 Error(s), 0 Warning(s), took 0.32ms to complete.
[2020.04.02-19.58.35:099][995]LogEditorBuildUtils: Build time 0:03
[2020.04.02-19.58.35:294][996]LogUObjectHash: Compacting FUObjectHashTables data took   0.70ms
[2020.04.02-19.58.36:204][ 39]Job is a success!
[2020.04.02-19.58.36:352][ 41]LogVolumetricLightmapImport: Imported Volumetric Lightmap in 0.014s
[2020.04.02-19.58.36:352][ 41]LogVolumetricLightmapImport:      Indirection Texture 16x16x16 = 0.0Mb
[2020.04.02-19.58.36:352][ 41]LogVolumetricLightmapImport:      BrickData (all levels) 0.1Mb
[2020.04.02-19.58.36:352][ 41]LogVolumetricLightmapImport:      Bricks at depth
[2020.04.02-19.58.36:352][ 41]LogVolumetricLightmapImport:          0: 5.3% covering 100.0% of volume
[2020.04.02-19.58.36:352][ 41]LogVolumetricLightmapImport:          1: 15.8% covering 4.7% of volume
[2020.04.02-19.58.36:352][ 41]LogVolumetricLightmapImport:          2: 78.9% covering 0.4% of volume
[2020.04.02-19.58.36:353][ 41]LogVolumetricLightmapImport:      Bricks in each level
[2020.04.02-19.58.36:353][ 41]LogVolumetricLightmapImport:          PatfindingLevel 			 19 bricks 	 100.0% (Persistent Level)
[2020.04.02-19.58.36:369][ 41]LogTexture: Display: Building textures: LQ_Lightmap_1_1 (DXT1, 128X128)
[2020.04.02-19.58.36:369][ 41]LogTexture: Display: Building textures: HQ_Lightmap1_1 (AutoDXT, 128X128)
[2020.04.02-19.58.36:369][ 41]LogTexture: Display: Building textures: ShadowMapTexture2D_0 (G8, 64X64)
[2020.04.02-19.58.36:397][ 41]Lightmass on DESKTOP-JDOC3OC: 514 ms total, 74 ms importing, 21 ms setup, 27 ms photons, 359 ms processing, 0 ms extra exporting [1/1 mappings]. Threads: 3.94 sec total, 21 ms processing.
[2020.04.02-19.58.36:398][ 41]LogUObjectHash: Compacting FUObjectHashTables data took   1.60ms
[2020.04.02-19.58.36:461][ 41]LogStaticLightingSystem: Illumination: 4.55 sec (1 ms encoding lightmaps, 1 ms encoding shadowmaps)
[2020.04.02-19.58.36:461][ 41]LogStaticLightingSystem: Lightmap texture memory:  0.0 MB (0.0 MB streaming, 0.0 MB non-streaming), 2 textures
[2020.04.02-19.58.36:461][ 41]LogStaticLightingSystem: Shadowmap texture memory: 0.0 MB (0.0 MB streaming, 0.0 MB non-streaming), 1 textures
[2020.04.02-19.58.37:022][ 41]DumpUnbuiltLightIteractions
[2020.04.02-19.58.37:022][ 41]Lights with unbuilt interactions: 0
[2020.04.02-19.58.37:022][ 41]
[2020.04.02-19.58.37:022][ 41]Primitives with unbuilt interactions: 0
[2020.04.02-19.58.37:075][ 42]Cmd: MAP CHECK NOTIFYRESULTS
[2020.04.02-19.58.37:075][ 42]MapCheck: New page: PatfindingLevel - Apr 2, 2020, 11:58:37 AM
[2020.04.02-19.58.37:075][ 42]MapCheck: Map check complete: 0 Error(s), 0 Warning(s), took 0.22ms to complete.
[2020.04.02-19.58.38:526][216]LogSlate: Window 'Message Log' being destroyed
[2020.04.02-19.58.38:531][216]LogSlate: Window 'Message Log' being destroyed
[2020.04.02-19.58.39:845][365]LogUObjectHash: Compacting FUObjectHashTables data took   0.68ms
[2020.04.02-19.58.41:003][365]LogSlate: Window 'Save Content' being destroyed
[2020.04.02-19.58.41:027][365]Cmd: OBJ SAVEPACKAGE PACKAGE="/Game/Maps/PatfindingLevel" FILE="../../../../../Unreal_Projects/GridReposioty/Content/Maps/PatfindingLevel.umap" SILENT=true AUTOSAVING=false KEEPDIRTY=false
[2020.04.02-19.58.41:053][365]LogUObjectHash: Compacting FUObjectHashTables data took   0.69ms
[2020.04.02-19.58.41:085][365]LogSavePackage: Moving '../../../../../Unreal_Projects/GridReposioty/Saved/PatfindingLevel9974045642677DA795ADEA9CE15BB2E1.tmp' to '../../../../../Unreal_Projects/GridReposioty/Content/Maps/PatfindingLevel.umap'
[2020.04.02-19.58.41:107][365]LogFileHelpers: Saving map 'PatfindingLevel' took 0.081
[2020.04.02-19.58.41:107][365]Cmd: OBJ SAVEPACKAGE PACKAGE="/Game/Maps/PatfindingLevel_BuiltData" FILE="../../../../../Unreal_Projects/GridReposioty/Content/Maps/PatfindingLevel_BuiltData.uasset" SILENT=true
[2020.04.02-19.58.41:115][365]LogSavePackage: Moving '../../../../../Unreal_Projects/GridReposioty/Saved/PatfindingLevel_BuiltDataDFE807C14D31C7999D0EF7A2D49B9022.tmp' to '../../../../../Unreal_Projects/GridReposioty/Content/Maps/PatfindingLevel_BuiltData.uasset'
[2020.04.02-19.58.41:131][365]AssetCheck: New page: Asset Save: multiple assets
[2020.04.02-19.58.41:131][365]LogContentValidation: Display: Validating World /Game/Maps/PatfindingLevel.PatfindingLevel
[2020.04.02-19.58.41:131][365]LogContentValidation: Display: Validating MapBuildDataRegistry /Game/Maps/PatfindingLevel_BuiltData.PatfindingLevel_BuiltData
[2020.04.02-19.58.43:989][696]LogTemp: Repeating last play command: Selected Viewport
[2020.04.02-19.58.44:002][696]LogPlayLevel: PlayLevel: No blueprints needed recompiling
[2020.04.02-19.58.44:002][696]PIE: New page: PIE session: PatfindingLevel (Apr 2, 2020, 11:58:44 AM)
[2020.04.02-19.58.44:002][696]LogPlayLevel: Creating play world package: /Game/Maps/UEDPIE_0_PatfindingLevel
[2020.04.02-19.58.44:010][696]LogPlayLevel: PIE: StaticDuplicateObject took: (0.007728s)
[2020.04.02-19.58.44:010][696]LogAIModule: Creating AISystem for world PatfindingLevel
[2020.04.02-19.58.44:010][696]LogPlayLevel: PIE: World Init took: (0.000735s)
[2020.04.02-19.58.44:010][696]LogPlayLevel: PIE: Created PIE world by copying editor world from /Game/Maps/PatfindingLevel.PatfindingLevel to /Game/Maps/UEDPIE_0_PatfindingLevel.PatfindingLevel (0.008567s)
[2020.04.02-19.58.44:037][696]LogUObjectHash: Compacting FUObjectHashTables data took   1.41ms
[2020.04.02-19.58.44:037][696]LogAudioMixer: Display: Audio Mixer Platform Settings:
[2020.04.02-19.58.44:037][696]LogAudioMixer: Display: 	Sample Rate:						  48000
[2020.04.02-19.58.44:037][696]LogAudioMixer: Display: 	Callback Buffer Frame Size Requested: 1024
[2020.04.02-19.58.44:037][696]LogAudioMixer: Display: 	Callback Buffer Frame Size To Use:	  1024
[2020.04.02-19.58.44:037][696]LogAudioMixer: Display: 	Number of buffers to queue:			  2
[2020.04.02-19.58.44:037][696]LogAudioMixer: Display: 	Max Channels (voices):				  32
[2020.04.02-19.58.44:037][696]LogAudioMixer: Display: 	Number of Async Source Workers:		  0
[2020.04.02-19.58.44:037][696]LogAudio: Display: AudioDevice MaxSources: 32
[2020.04.02-19.58.44:038][696]LogAudio: Display: Using built-in audio occlusion.
[2020.04.02-19.58.44:038][696]LogAudioMixer: Display: Initializing audio mixer.
[2020.04.02-19.58.44:067][696]LogAudioMixer: Display: Audio Device Output Speaker Info:
[2020.04.02-19.58.44:067][696]LogAudioMixer: Display: Name: RAZER NARI ULTIMATE (Razer Nari Ultimate - Game)
[2020.04.02-19.58.44:067][696]LogAudioMixer: Display: Is Default: Yes
[2020.04.02-19.58.44:067][696]LogAudioMixer: Display: Sample Rate: 48000
[2020.04.02-19.58.44:067][696]LogAudioMixer: Display: Channel Count Used: 2
[2020.04.02-19.58.44:067][696]LogAudioMixer: Display: Device Channel Count: 2
[2020.04.02-19.58.44:067][696]LogAudioMixer: Display: Channel Order:
[2020.04.02-19.58.44:067][696]LogAudioMixer: Display: 0: FrontLeft
[2020.04.02-19.58.44:067][696]LogAudioMixer: Display: 1: FrontRight
[2020.04.02-19.58.44:082][696]LogAudioMixer: Display: Using Audio Device RAZER NARI ULTIMATE (Razer Nari Ultimate - Game)
[2020.04.02-19.58.44:083][696]LogInit: FAudioDevice initialized.
[2020.04.02-19.58.44:087][696]LogLoad: Game class is 'BP_Gamemode_C'
[2020.04.02-19.58.44:089][696]LogWorld: Bringing World /Game/Maps/UEDPIE_0_PatfindingLevel.PatfindingLevel up for play (max tick rate 0) at 2020.04.02-15.58.44
[2020.04.02-19.58.44:089][696]LogWorld: Bringing up level for play took: 0.000732
[2020.04.02-19.58.44:089][696]LogOnline: OSS: Creating online subsystem instance for: :Context_4
[2020.04.02-19.58.44:243][696]PIE: Play in editor start time for /Game/Maps/UEDPIE_0_PatfindingLevel 0.502
[2020.04.02-19.58.49:757][799]LogAudioMixer: Display: No commands were queued while flushing the source manager.
[2020.04.02-19.58.49:757][799]LogAudioMixer: Display: No commands were queued while flushing the source manager.
[2020.04.02-19.58.49:757][799]LogSlate: Updating window title bar state: overlay mode, drag disabled, window buttons hidden, title bar hidden
[2020.04.02-19.58.49:757][799]LogWorld: BeginTearingDown for /Game/Maps/UEDPIE_0_PatfindingLevel
[2020.04.02-19.58.49:757][799]LogAudioMixer: Display: No commands were queued while flushing the source manager.
[2020.04.02-19.58.49:769][799]LogWorld: UWorld::CleanupWorld for PatfindingLevel, bSessionEnded=true, bCleanupResources=true
[2020.04.02-19.58.49:773][799]LogSlate: InvalidateAllWidgets triggered.  All widgets were invalidated
[2020.04.02-19.58.49:807][799]LogPlayLevel: Display: Shutting down PIE online subsystems
[2020.04.02-19.58.49:812][799]LogSlate: InvalidateAllWidgets triggered.  All widgets were invalidated
[2020.04.02-19.58.49:844][799]LogAudioMixer: Display: No commands were queued while flushing the source manager.
[2020.04.02-19.58.49:847][799]LogSlate: Updating window title bar state: overlay mode, drag disabled, window buttons hidden, title bar hidden
[2020.04.02-19.58.49:869][799]LogUObjectHash: Compacting FUObjectHashTables data took   1.48ms
[2020.04.02-19.58.49:886][800]LogPlayLevel: Display: Destroying online subsystem :Context_4
[2020.04.02-19.58.52:263][ 57]LogUObjectHash: Compacting FUObjectHashTables data took   0.71ms
[2020.04.02-19.58.53:250][171]LogUObjectHash: Compacting FUObjectHashTables data took   0.66ms
[2020.04.02-19.58.53:423][189]LogUObjectHash: Compacting FUObjectHashTables data took   0.70ms
