Log file open, 04/08/20 21:25:50
LogWindows: Failed to load 'aqProf.dll' (GetLastError=126)
LogWindows: File 'aqProf.dll' does not exist
LogWindows: Failed to load 'VtuneApi.dll' (GetLastError=126)
LogWindows: File 'VtuneApi.dll' does not exist
LogWindows: Failed to load 'VtuneApi32e.dll' (GetLastError=126)
LogWindows: File 'VtuneApi32e.dll' does not exist
LogConsoleResponse: Display: Failed to find resolution value strings in scalability ini. Falling back to default.
LogInit: Display: Running engine for game: TowerDefense
LogPlatformFile: Not using cached read wrapper
LogTaskGraph: Started task graph with 5 named threads and 35 total threads with 3 sets of task threads.
LogStats: Stats thread started at 0.056598
LogD3D11RHI: Loaded GFSDK_Aftermath_Lib.x64.dll
LogICUInternationalization: ICU TimeZone Detection - Raw Offset: -5:00, Platform Override: ''
LogPluginManager: Mounting plugin Paper2D
LogPluginManager: Mounting plugin AISupport
LogPluginManager: Mounting plugin LightPropagationVolume
LogPluginManager: Mounting plugin ActorLayerUtilities
LogPluginManager: Mounting plugin AnimationSharing
LogPluginManager: Mounting plugin CLionSourceCodeAccess
LogPluginManager: Mounting plugin CodeLiteSourceCodeAccess
LogPluginManager: Mounting plugin GitSourceControl
LogPluginManager: Mounting plugin KDevelopSourceCodeAccess
LogPluginManager: Mounting plugin NullSourceCodeAccess
LogPluginManager: Mounting plugin PerforceSourceControl
LogPluginManager: Mounting plugin PlasticSourceControl
LogPluginManager: Mounting plugin SubversionSourceControl
LogPluginManager: Mounting plugin UObjectPlugin
LogPluginManager: Mounting plugin VisualStudioCodeSourceCodeAccess
LogPluginManager: Mounting plugin VisualStudioSourceCodeAccess
LogPluginManager: Mounting plugin XCodeSourceCodeAccess
LogPluginManager: Mounting plugin AssetManagerEditor
LogPluginManager: Mounting plugin CryptoKeys
LogPluginManager: Mounting plugin CurveEditorTools
LogPluginManager: Mounting plugin DataValidation
LogPluginManager: Mounting plugin FacialAnimation
LogPluginManager: Mounting plugin GameplayTagsEditor
LogPluginManager: Mounting plugin MacGraphicsSwitching
LogPluginManager: Mounting plugin MaterialAnalyzer
LogPluginManager: Mounting plugin MobileLauncherProfileWizard
LogPluginManager: Mounting plugin PluginBrowser
LogPluginManager: Mounting plugin SpeedTreeImporter
LogPluginManager: Mounting plugin DatasmithContent
LogPluginManager: Mounting plugin VariantManagerContent
LogPluginManager: Mounting plugin AlembicImporter
LogPluginManager: Mounting plugin AutomationUtils
LogPluginManager: Mounting plugin BackChannel
LogPluginManager: Mounting plugin CharacterAI
LogPluginManager: Mounting plugin GeometryCache
LogPluginManager: Mounting plugin PlatformCrypto
LogPluginManager: Mounting plugin ProxyLODPlugin
LogPluginManager: Mounting plugin SkeletalReduction
LogPluginManager: Mounting plugin MagicLeap
LogPluginManager: Mounting plugin MagicLeapMedia
LogPluginManager: Mounting plugin MLSDK
LogPluginManager: Mounting plugin AndroidMedia
LogPluginManager: Mounting plugin AvfMedia
LogPluginManager: Mounting plugin ImgMedia
LogPluginManager: Mounting plugin MediaCompositing
LogPluginManager: Mounting plugin MediaPlayerEditor
LogPluginManager: Mounting plugin WebMMedia
LogPluginManager: Mounting plugin WmfMedia
LogPluginManager: Mounting plugin TcpMessaging
LogPluginManager: Mounting plugin UdpMessaging
LogPluginManager: Mounting plugin ActorSequence
LogPluginManager: Mounting plugin LevelSequenceEditor
LogPluginManager: Mounting plugin MatineeToLevelSequence
LogPluginManager: Mounting plugin NetcodeUnitTest
LogPluginManager: Mounting plugin NUTUnrealEngine4
LogPluginManager: Mounting plugin OnlineSubsystemGooglePlay
LogPluginManager: Mounting plugin OnlineSubsystemIOS
LogPluginManager: Mounting plugin OnlineSubsystem
LogPluginManager: Mounting plugin OnlineSubsystemNull
LogPluginManager: Mounting plugin OnlineSubsystemUtils
LogPluginManager: Mounting plugin LauncherChunkInstaller
LogPluginManager: Mounting plugin AndroidDeviceProfileSelector
LogPluginManager: Mounting plugin AndroidMoviePlayer
LogPluginManager: Mounting plugin AndroidPermission
LogPluginManager: Mounting plugin AppleImageUtils
LogPluginManager: Mounting plugin AppleMoviePlayer
LogPluginManager: Mounting plugin ArchVisCharacter
LogPluginManager: Mounting plugin AssetTags
LogPluginManager: Mounting plugin AudioCapture
LogPluginManager: Mounting plugin CableComponent
LogPluginManager: Mounting plugin CustomMeshComponent
LogPluginManager: Mounting plugin EditableMesh
LogPluginManager: Mounting plugin ExampleDeviceProfileSelector
LogPluginManager: Mounting plugin GoogleCloudMessaging
LogPluginManager: Mounting plugin IOSDeviceProfileSelector
LogPluginManager: Mounting plugin LinuxDeviceProfileSelector
LogPluginManager: Mounting plugin LocationServicesBPLibrary
LogPluginManager: Mounting plugin MobilePatchingUtils
LogPluginManager: Mounting plugin OculusVR
LogPluginManager: Mounting plugin PhysXVehicles
LogPluginManager: Mounting plugin PostSplashScreen
LogPluginManager: Mounting plugin ProceduralMeshComponent
LogPluginManager: Mounting plugin RuntimePhysXCooking
LogPluginManager: Mounting plugin SignificanceManager
LogPluginManager: Mounting plugin SteamVR
LogPluginManager: Mounting plugin WebMMoviePlayer
LogPluginManager: Mounting plugin WindowsMoviePlayer
LogPluginManager: Mounting plugin ScreenshotTools
LogInit: Using libcurl 7.55.1-DEV
LogInit:  - built for x86_64-pc-win32
LogInit:  - supports SSL with OpenSSL/1.1.1
LogInit:  - supports HTTP deflate (compression) using libz 1.2.8
LogInit:  - other features:
LogInit:      CURL_VERSION_SSL
LogInit:      CURL_VERSION_LIBZ
LogInit:      CURL_VERSION_IPV6
LogInit:      CURL_VERSION_ASYNCHDNS
LogInit:      CURL_VERSION_LARGEFILE
LogInit:      CURL_VERSION_IDN
LogInit:  CurlRequestOptions (configurable via config and command line):
LogInit:  - bVerifyPeer = true  - Libcurl will verify peer certificate
LogInit:  - bUseHttpProxy = false  - Libcurl will NOT use HTTP proxy
LogInit:  - bDontReuseConnections = false  - Libcurl will reuse connections
LogInit:  - MaxHostConnections = 16  - Libcurl will limit the number of connections to a host
LogInit:  - LocalHostAddr = Default
LogInit:  - BufferSize = 65536
LogOnline: OSS: Creating online subsystem instance for: NULL
LogInit: WinSock: version 1.1 (2.2), MaxSocks=32767, MaxUdp=65467
LogOnline: OSS: TryLoadSubsystemAndSetDefault: Loaded subsystem for module [NULL]
LogInit: Build: ++UE4+Release-4.24-CL-11100242
LogInit: Engine Version: 4.24.2-11100242+++UE4+Release-4.24
LogInit: Compatible Engine Version: 4.24.0-10570792+++UE4+Release-4.24
LogInit: Net CL: 10570792
LogInit: OS: Windows 10 (Release 1909) (), CPU: AMD Ryzen 5 3600 6-Core Processor              , GPU: Radeon RX Vega
LogInit: Compiled (64-bit): Jan 24 2020 02:05:53
LogInit: Compiled with Visual C++: 19.16.27032.01
LogInit: Build Configuration: Development
LogInit: Branch Name: ++UE4+Release-4.24
LogInit: Command Line: 
LogInit: Base Directory: D:/Programs/UE_4.24/Engine/Binaries/Win64/
LogInit: Installed Engine Build: 1
LogDevObjectVersion: Number of dev versions registered: 25
LogDevObjectVersion:   Dev-Blueprints (B0D832E4-1F89-4F0D-ACCF-7EB736FD4AA2): 10
LogDevObjectVersion:   Dev-Build (E1C64328-A22C-4D53-A36C-8E866417BD8C): 0
LogDevObjectVersion:   Dev-Core (375EC13C-06E4-48FB-B500-84F0262A717E): 3
LogDevObjectVersion:   Dev-Editor (E4B068ED-F494-42E9-A231-DA0B2E46BB41): 37
LogDevObjectVersion:   Dev-Framework (CFFC743F-43B0-4480-9391-14DF171D2073): 36
LogDevObjectVersion:   Dev-Mobile (B02B49B5-BB20-44E9-A304-32B752E40360): 2
LogDevObjectVersion:   Dev-Networking (A4E4105C-59A1-49B5-A7C5-40C4547EDFEE): 0
LogDevObjectVersion:   Dev-Online (39C831C9-5AE6-47DC-9A44-9C173E1C8E7C): 0
LogDevObjectVersion:   Dev-Physics (78F01B33-EBEA-4F98-B9B4-84EACCB95AA2): 2
LogDevObjectVersion:   Dev-Platform (6631380F-2D4D-43E0-8009-CF276956A95A): 0
LogDevObjectVersion:   Dev-Rendering (12F88B9F-8875-4AFC-A67C-D90C383ABD29): 36
LogDevObjectVersion:   Dev-Sequencer (7B5AE74C-D270-4C10-A958-57980B212A5A): 11
LogDevObjectVersion:   Dev-VR (D7296918-1DD6-4BDD-9DE2-64A83CC13884): 2
LogDevObjectVersion:   Dev-LoadTimes (C2A15278-BFE7-4AFE-6C17-90FF531DF755): 1
LogDevObjectVersion:   Private-Geometry (6EACA3D4-40EC-4CC1-B786-8BED09428FC5): 3
LogDevObjectVersion:   Dev-AnimPhys (29E575DD-E0A3-4627-9D10-D276232CDCEA): 17
LogDevObjectVersion:   Dev-Anim (AF43A65D-7FD3-4947-9873-3E8ED9C1BB05): 2
LogDevObjectVersion:   Dev-ReflectionCapture (6B266CEC-1EC7-4B8F-A30B-E4D90942FC07): 1
LogDevObjectVersion:   Dev-Automation (0DF73D61-A23F-47EA-B727-89E90C41499A): 1
LogDevObjectVersion:   FortniteMain (601D1886-AC64-4F84-AA16-D3DE0DEAC7D6): 31
LogDevObjectVersion:   Dev-Enterprise (9DFFBCD6-494F-0158-E221-12823C92A888): 8
LogDevObjectVersion:   Dev-Niagara (F2AED0AC-9AFE-416F-8664-AA7FFA26D6FC): 1
LogDevObjectVersion:   Dev-Destruction (174F1F0B-B4C6-45A5-B13F-2EE8D0FB917D): 9
LogDevObjectVersion:   Dev-Physics-Ext (35F94A83-E258-406C-A318-09F59610247C): 8
LogDevObjectVersion:   Dev-CineCamera (B2E18506-4273-CFC2-A54E-F4BB758BBA07): 1
LogInit: Presizing for max 25165824 objects, including 0 objects not considered by GC, pre-allocating 0 bytes for permanent pool.
LogInit: Object subsystem initialized
LogConfig: Setting CVar [[con.DebugEarlyDefault:1]]
LogConfig: Setting CVar [[r.setres:1280x720]]
[2020.04.09-01.25.50:854][  0]LogConfig: Setting CVar [[r.VSync:0]]
[2020.04.09-01.25.50:854][  0]LogConfig: Setting CVar [[r.RHICmdBypass:0]]
[2020.04.09-01.25.50:854][  0]LogConfig: Applying CVar settings from Section [/Script/Engine.RendererSettings] File [D:/Unreal_Projects/GridReposioty - Copy/Saved/Config/Windows/Engine.ini]
[2020.04.09-01.25.50:854][  0]LogConfig: Setting CVar [[r.GPUCrashDebugging:0]]
[2020.04.09-01.25.50:854][  0]LogConfig: Applying CVar settings from Section [/Script/Engine.RendererOverrideSettings] File [D:/Unreal_Projects/GridReposioty - Copy/Saved/Config/Windows/Engine.ini]
[2020.04.09-01.25.50:854][  0]LogConfig: Applying CVar settings from Section [/Script/Engine.StreamingSettings] File [D:/Unreal_Projects/GridReposioty - Copy/Saved/Config/Windows/Engine.ini]
[2020.04.09-01.25.50:854][  0]LogConfig: Setting CVar [[s.MinBulkDataSizeForAsyncLoading:131072]]
[2020.04.09-01.25.50:854][  0]LogConfig: Setting CVar [[s.AsyncLoadingThreadEnabled:0]]
[2020.04.09-01.25.50:854][  0]LogConfig: Setting CVar [[s.EventDrivenLoaderEnabled:1]]
[2020.04.09-01.25.50:854][  0]LogConfig: Setting CVar [[s.WarnIfTimeLimitExceeded:0]]
[2020.04.09-01.25.50:854][  0]LogConfig: Setting CVar [[s.TimeLimitExceededMultiplier:1.5]]
[2020.04.09-01.25.50:854][  0]LogConfig: Setting CVar [[s.TimeLimitExceededMinTime:0.005]]
[2020.04.09-01.25.50:854][  0]LogConfig: Setting CVar [[s.UseBackgroundLevelStreaming:1]]
[2020.04.09-01.25.50:854][  0]LogConfig: Setting CVar [[s.PriorityAsyncLoadingExtraTime:15.0]]
[2020.04.09-01.25.50:854][  0]LogConfig: Setting CVar [[s.LevelStreamingActorsUpdateTimeLimit:5.0]]
[2020.04.09-01.25.50:854][  0]LogConfig: Setting CVar [[s.PriorityLevelStreamingActorsUpdateExtraTime:5.0]]
[2020.04.09-01.25.50:854][  0]LogConfig: Setting CVar [[s.LevelStreamingComponentsRegistrationGranularity:10]]
[2020.04.09-01.25.50:854][  0]LogConfig: Setting CVar [[s.UnregisterComponentsTimeLimit:1.0]]
[2020.04.09-01.25.50:854][  0]LogConfig: Setting CVar [[s.LevelStreamingComponentsUnregistrationGranularity:5]]
[2020.04.09-01.25.50:854][  0]LogConfig: Setting CVar [[s.FlushStreamingOnExit:1]]
[2020.04.09-01.25.50:854][  0]LogConfig: Applying CVar settings from Section [/Script/Engine.GarbageCollectionSettings] File [D:/Unreal_Projects/GridReposioty - Copy/Saved/Config/Windows/Engine.ini]
[2020.04.09-01.25.50:854][  0]LogConfig: Setting CVar [[gc.MaxObjectsNotConsideredByGC:1]]
[2020.04.09-01.25.50:854][  0]LogConfig: Setting CVar [[gc.SizeOfPermanentObjectPool:0]]
[2020.04.09-01.25.50:854][  0]LogConfig: Setting CVar [[gc.FlushStreamingOnGC:0]]
[2020.04.09-01.25.50:854][  0]LogConfig: Setting CVar [[gc.NumRetriesBeforeForcingGC:10]]
[2020.04.09-01.25.50:854][  0]LogConfig: Setting CVar [[gc.AllowParallelGC:1]]
[2020.04.09-01.25.50:854][  0]LogConfig: Setting CVar [[gc.TimeBetweenPurgingPendingKillObjects:61.1]]
[2020.04.09-01.25.50:854][  0]LogConfig: Setting CVar [[gc.MaxObjectsInEditor:25165824]]
[2020.04.09-01.25.50:854][  0]LogConfig: Setting CVar [[gc.IncrementalBeginDestroyEnabled:1]]
[2020.04.09-01.25.50:854][  0]LogConfig: Setting CVar [[gc.CreateGCClusters:1]]
[2020.04.09-01.25.50:854][  0]LogConfig: Setting CVar [[gc.MinGCClusterSize:5]]
[2020.04.09-01.25.50:854][  0]LogConfig: Setting CVar [[gc.ActorClusteringEnabled:0]]
[2020.04.09-01.25.50:854][  0]LogConfig: Setting CVar [[gc.BlueprintClusteringEnabled:0]]
[2020.04.09-01.25.50:854][  0]LogConfig: Setting CVar [[gc.UseDisregardForGCOnDedicatedServers:0]]
[2020.04.09-01.25.50:854][  0]LogConfig: Applying CVar settings from Section [/Script/Engine.NetworkSettings] File [D:/Unreal_Projects/GridReposioty - Copy/Saved/Config/Windows/Engine.ini]
[2020.04.09-01.25.50:854][  0]LogConfig: Applying CVar settings from Section [/Script/UnrealEd.CookerSettings] File [D:/Unreal_Projects/GridReposioty - Copy/Saved/Config/Windows/Engine.ini]
[2020.04.09-01.25.50:861][  0]LogConfig: Applying CVar settings from Section [ViewDistanceQuality@3] File [D:/Unreal_Projects/GridReposioty - Copy/Saved/Config/Windows/Scalability.ini]
[2020.04.09-01.25.50:861][  0]LogConfig: Setting CVar [[r.SkeletalMeshLODBias:0]]
[2020.04.09-01.25.50:861][  0]LogConfig: Setting CVar [[r.ViewDistanceScale:1.0]]
[2020.04.09-01.25.50:861][  0]LogConfig: Applying CVar settings from Section [AntiAliasingQuality@3] File [D:/Unreal_Projects/GridReposioty - Copy/Saved/Config/Windows/Scalability.ini]
[2020.04.09-01.25.50:861][  0]LogConfig: Setting CVar [[r.PostProcessAAQuality:4]]
[2020.04.09-01.25.50:861][  0]LogConfig: Applying CVar settings from Section [ShadowQuality@3] File [D:/Unreal_Projects/GridReposioty - Copy/Saved/Config/Windows/Scalability.ini]
[2020.04.09-01.25.50:861][  0]LogConfig: Setting CVar [[r.LightFunctionQuality:1]]
[2020.04.09-01.25.50:861][  0]LogConfig: Setting CVar [[r.ShadowQuality:5]]
[2020.04.09-01.25.50:861][  0]LogConfig: Setting CVar [[r.Shadow.CSM.MaxCascades:10]]
[2020.04.09-01.25.50:861][  0]LogConfig: Setting CVar [[r.Shadow.MaxResolution:2048]]
[2020.04.09-01.25.50:861][  0]LogConfig: Setting CVar [[r.Shadow.MaxCSMResolution:2048]]
[2020.04.09-01.25.50:861][  0]LogConfig: Setting CVar [[r.Shadow.RadiusThreshold:0.01]]
[2020.04.09-01.25.50:861][  0]LogConfig: Setting CVar [[r.Shadow.DistanceScale:1.0]]
[2020.04.09-01.25.50:861][  0]LogConfig: Setting CVar [[r.Shadow.CSM.TransitionScale:1.0]]
[2020.04.09-01.25.50:861][  0]LogConfig: Setting CVar [[r.Shadow.PreShadowResolutionFactor:1.0]]
[2020.04.09-01.25.50:861][  0]LogConfig: Setting CVar [[r.DistanceFieldShadowing:1]]
[2020.04.09-01.25.50:861][  0]LogConfig: Setting CVar [[r.DistanceFieldAO:1]]
[2020.04.09-01.25.50:861][  0]LogConfig: Setting CVar [[r.AOQuality:2]]
[2020.04.09-01.25.50:861][  0]LogConfig: Setting CVar [[r.VolumetricFog:1]]
[2020.04.09-01.25.50:861][  0]LogConfig: Setting CVar [[r.VolumetricFog.GridPixelSize:8]]
[2020.04.09-01.25.50:861][  0]LogConfig: Setting CVar [[r.VolumetricFog.GridSizeZ:128]]
[2020.04.09-01.25.50:861][  0]LogConfig: Setting CVar [[r.VolumetricFog.HistoryMissSupersampleCount:4]]
[2020.04.09-01.25.50:861][  0]LogConfig: Setting CVar [[r.LightMaxDrawDistanceScale:1]]
[2020.04.09-01.25.50:861][  0]LogConfig: Setting CVar [[r.CapsuleShadows:1]]
[2020.04.09-01.25.50:861][  0]LogConfig: Applying CVar settings from Section [PostProcessQuality@3] File [D:/Unreal_Projects/GridReposioty - Copy/Saved/Config/Windows/Scalability.ini]
[2020.04.09-01.25.50:861][  0]LogConfig: Setting CVar [[r.MotionBlurQuality:4]]
[2020.04.09-01.25.50:861][  0]LogConfig: Setting CVar [[r.AmbientOcclusionMipLevelFactor:0.4]]
[2020.04.09-01.25.50:861][  0]LogConfig: Setting CVar [[r.AmbientOcclusionMaxQuality:100]]
[2020.04.09-01.25.50:861][  0]LogConfig: Setting CVar [[r.AmbientOcclusionLevels:-1]]
[2020.04.09-01.25.50:861][  0]LogConfig: Setting CVar [[r.AmbientOcclusionRadiusScale:1.0]]
[2020.04.09-01.25.50:861][  0]LogConfig: Setting CVar [[r.DepthOfFieldQuality:2]]
[2020.04.09-01.25.50:861][  0]LogConfig: Setting CVar [[r.RenderTargetPoolMin:400]]
[2020.04.09-01.25.50:861][  0]LogConfig: Setting CVar [[r.LensFlareQuality:2]]
[2020.04.09-01.25.50:861][  0]LogConfig: Setting CVar [[r.SceneColorFringeQuality:1]]
[2020.04.09-01.25.50:861][  0]LogConfig: Setting CVar [[r.EyeAdaptationQuality:2]]
[2020.04.09-01.25.50:861][  0]LogConfig: Setting CVar [[r.BloomQuality:5]]
[2020.04.09-01.25.50:861][  0]LogConfig: Setting CVar [[r.FastBlurThreshold:100]]
[2020.04.09-01.25.50:861][  0]LogConfig: Setting CVar [[r.Upscale.Quality:3]]
[2020.04.09-01.25.50:861][  0]LogConfig: Setting CVar [[r.Tonemapper.GrainQuantization:1]]
[2020.04.09-01.25.50:861][  0]LogConfig: Setting CVar [[r.LightShaftQuality:1]]
[2020.04.09-01.25.50:861][  0]LogConfig: Setting CVar [[r.Filter.SizeScale:1]]
[2020.04.09-01.25.50:861][  0]LogConfig: Setting CVar [[r.Tonemapper.Quality:5]]
[2020.04.09-01.25.50:861][  0]LogConfig: Setting CVar [[r.DOF.Gather.AccumulatorQuality:1        ; higher gathering accumulator quality]]
[2020.04.09-01.25.50:861][  0]LogConfig: Setting CVar [[r.DOF.Gather.PostfilterMethod:1          ; Median3x3 postfilering method]]
[2020.04.09-01.25.50:861][  0]LogConfig: Setting CVar [[r.DOF.Gather.EnableBokehSettings:0       ; no bokeh simulation when gathering]]
[2020.04.09-01.25.50:861][  0]LogConfig: Setting CVar [[r.DOF.Gather.RingCount:4                 ; medium number of samples when gathering]]
[2020.04.09-01.25.50:861][  0]LogConfig: Setting CVar [[r.DOF.Scatter.ForegroundCompositing:1    ; additive foreground scattering]]
[2020.04.09-01.25.50:861][  0]LogConfig: Setting CVar [[r.DOF.Scatter.BackgroundCompositing:2    ; additive background scattering]]
[2020.04.09-01.25.50:862][  0]LogConfig: Setting CVar [[r.DOF.Scatter.EnableBokehSettings:1      ; bokeh simulation when scattering]]
[2020.04.09-01.25.50:862][  0]LogConfig: Setting CVar [[r.DOF.Scatter.MaxSpriteRatio:0.1         ; only a maximum of 10% of scattered bokeh]]
[2020.04.09-01.25.50:862][  0]LogConfig: Setting CVar [[r.DOF.Recombine.Quality:1                ; cheap slight out of focus]]
[2020.04.09-01.25.50:862][  0]LogConfig: Setting CVar [[r.DOF.Recombine.EnableBokehSettings:0    ; no bokeh simulation on slight out of focus]]
[2020.04.09-01.25.50:862][  0]LogConfig: Setting CVar [[r.DOF.TemporalAAQuality:1                ; more stable temporal accumulation]]
[2020.04.09-01.25.50:862][  0]LogConfig: Setting CVar [[r.DOF.Kernel.MaxForegroundRadius:0.025]]
[2020.04.09-01.25.50:862][  0]LogConfig: Setting CVar [[r.DOF.Kernel.MaxBackgroundRadius:0.025]]
[2020.04.09-01.25.50:862][  0]LogConfig: Applying CVar settings from Section [TextureQuality@3] File [D:/Unreal_Projects/GridReposioty - Copy/Saved/Config/Windows/Scalability.ini]
[2020.04.09-01.25.50:862][  0]LogConfig: Setting CVar [[r.Streaming.MipBias:0]]
[2020.04.09-01.25.50:862][  0]LogConfig: Setting CVar [[r.Streaming.AmortizeCPUToGPUCopy:0]]
[2020.04.09-01.25.50:862][  0]LogConfig: Setting CVar [[r.Streaming.MaxNumTexturesToStreamPerFrame:0]]
[2020.04.09-01.25.50:862][  0]LogConfig: Setting CVar [[r.Streaming.Boost:1]]
[2020.04.09-01.25.50:862][  0]LogConfig: Setting CVar [[r.MaxAnisotropy:8]]
[2020.04.09-01.25.50:862][  0]LogConfig: Setting CVar [[r.VT.MaxAnisotropy:8]]
[2020.04.09-01.25.50:862][  0]LogConfig: Setting CVar [[r.Streaming.LimitPoolSizeToVRAM:0]]
[2020.04.09-01.25.50:862][  0]LogConfig: Setting CVar [[r.Streaming.PoolSize:1000]]
[2020.04.09-01.25.50:862][  0]LogConfig: Setting CVar [[r.Streaming.MaxEffectiveScreenSize:0]]
[2020.04.09-01.25.50:862][  0]LogConfig: Applying CVar settings from Section [EffectsQuality@3] File [D:/Unreal_Projects/GridReposioty - Copy/Saved/Config/Windows/Scalability.ini]
[2020.04.09-01.25.50:862][  0]LogConfig: Setting CVar [[r.TranslucencyLightingVolumeDim:64]]
[2020.04.09-01.25.50:862][  0]LogConfig: Setting CVar [[r.RefractionQuality:2]]
[2020.04.09-01.25.50:862][  0]LogConfig: Setting CVar [[r.SSR.Quality:3]]
[2020.04.09-01.25.50:862][  0]LogConfig: Setting CVar [[r.SSR.HalfResSceneColor:0]]
[2020.04.09-01.25.50:862][  0]LogConfig: Setting CVar [[r.SceneColorFormat:4]]
[2020.04.09-01.25.50:862][  0]LogConfig: Setting CVar [[r.DetailMode:2]]
[2020.04.09-01.25.50:862][  0]LogConfig: Setting CVar [[r.TranslucencyVolumeBlur:1]]
[2020.04.09-01.25.50:862][  0]LogConfig: Setting CVar [[r.MaterialQualityLevel:1 ; High quality]]
[2020.04.09-01.25.50:862][  0]LogConfig: Setting CVar [[r.SSS.Scale:1]]
[2020.04.09-01.25.50:862][  0]LogConfig: Setting CVar [[r.SSS.SampleSet:2]]
[2020.04.09-01.25.50:862][  0]LogConfig: Setting CVar [[r.SSS.Quality:1]]
[2020.04.09-01.25.50:862][  0]LogConfig: Setting CVar [[r.SSS.HalfRes:1]]
[2020.04.09-01.25.50:862][  0]LogConfig: Setting CVar [[r.SSGI.Quality:3]]
[2020.04.09-01.25.50:862][  0]LogConfig: Setting CVar [[r.EmitterSpawnRateScale:1.0]]
[2020.04.09-01.25.50:862][  0]LogConfig: Setting CVar [[r.ParticleLightQuality:2]]
[2020.04.09-01.25.50:862][  0]LogConfig: Setting CVar [[r.SkyAtmosphere.AerialPerspectiveLUT.FastApplyOnOpaque:1 ; Always have FastSkyLUT 1 in this case to avoid wrong sky]]
[2020.04.09-01.25.50:862][  0]LogConfig: Setting CVar [[r.SkyAtmosphere.AerialPerspectiveLUT.SampleCountPerSlice:1]]
[2020.04.09-01.25.50:862][  0]LogConfig: Setting CVar [[r.SkyAtmosphere.AerialPerspectiveLUT.DepthResolution:16.0]]
[2020.04.09-01.25.50:862][  0]LogConfig: Setting CVar [[r.SkyAtmosphere.FastSkyLUT:1]]
[2020.04.09-01.25.50:862][  0]LogConfig: Setting CVar [[r.SkyAtmosphere.FastSkyLUT.SampleCountMin:4.0]]
[2020.04.09-01.25.50:862][  0]LogConfig: Setting CVar [[r.SkyAtmosphere.FastSkyLUT.SampleCountMax:32.0]]
[2020.04.09-01.25.50:862][  0]LogConfig: Setting CVar [[r.SkyAtmosphere.SampleCountMin:4.0]]
[2020.04.09-01.25.50:862][  0]LogConfig: Setting CVar [[r.SkyAtmosphere.SampleCountMax:32.0]]
[2020.04.09-01.25.50:862][  0]LogConfig: Setting CVar [[r.SkyAtmosphere.TransmittanceLUT.UseSmallFormat:0]]
[2020.04.09-01.25.50:862][  0]LogConfig: Setting CVar [[r.SkyAtmosphere.TransmittanceLUT.SampleCount:10.0]]
[2020.04.09-01.25.50:862][  0]LogConfig: Setting CVar [[r.SkyAtmosphere.MultiScatteringLUT.SampleCount:15.0]]
[2020.04.09-01.25.50:862][  0]LogConfig: Applying CVar settings from Section [FoliageQuality@3] File [D:/Unreal_Projects/GridReposioty - Copy/Saved/Config/Windows/Scalability.ini]
[2020.04.09-01.25.50:862][  0]LogConfig: Setting CVar [[foliage.DensityScale:1.0]]
[2020.04.09-01.25.50:862][  0]LogConfig: Setting CVar [[grass.DensityScale:1.0]]
[2020.04.09-01.25.50:862][  0]LogConfig: Applying CVar settings from Section [ShadingQuality@3] File [D:/Unreal_Projects/GridReposioty - Copy/Saved/Config/Windows/Scalability.ini]
[2020.04.09-01.25.50:862][  0]LogConfig: Setting CVar [[r.HairStrands.SkyLighting.SampleCount:16]]
[2020.04.09-01.25.50:862][  0]LogConfig: Setting CVar [[r.HairStrands.SkyLighting.JitterIntegration:0]]
[2020.04.09-01.25.50:862][  0]LogConfig: Setting CVar [[r.HairStrands.SkyAO.SampleCount:16]]
[2020.04.09-01.25.50:862][  0]LogInit: Selected Device Profile: [Windows]
[2020.04.09-01.25.50:862][  0]LogInit: Applying CVar settings loaded from the selected device profile: [Windows]
[2020.04.09-01.25.50:866][  0]LogHAL: Display: Platform has ~ 32 GB [34308112384 / 34359738368 / 32], which maps to Largest [LargestMinGB=32, LargerMinGB=12, DefaultMinGB=8, SmallerMinGB=6, SmallestMinGB=0)
[2020.04.09-01.25.50:866][  0]LogInit: Going up to parent DeviceProfile []
[2020.04.09-01.25.50:866][  0]LogConfig: Applying CVar settings from Section [ViewDistanceQuality@3] File [D:/Unreal_Projects/GridReposioty - Copy/Saved/Config/Windows/Scalability.ini]
[2020.04.09-01.25.50:866][  0]LogConfig: Setting CVar [[r.SkeletalMeshLODBias:0]]
[2020.04.09-01.25.50:866][  0]LogConfig: Setting CVar [[r.ViewDistanceScale:1.0]]
[2020.04.09-01.25.50:866][  0]LogConfig: Applying CVar settings from Section [AntiAliasingQuality@3] File [D:/Unreal_Projects/GridReposioty - Copy/Saved/Config/Windows/Scalability.ini]
[2020.04.09-01.25.50:866][  0]LogConfig: Setting CVar [[r.PostProcessAAQuality:4]]
[2020.04.09-01.25.50:866][  0]LogConfig: Applying CVar settings from Section [ShadowQuality@3] File [D:/Unreal_Projects/GridReposioty - Copy/Saved/Config/Windows/Scalability.ini]
[2020.04.09-01.25.50:866][  0]LogConfig: Setting CVar [[r.LightFunctionQuality:1]]
[2020.04.09-01.25.50:866][  0]LogConfig: Setting CVar [[r.ShadowQuality:5]]
[2020.04.09-01.25.50:866][  0]LogConfig: Setting CVar [[r.Shadow.CSM.MaxCascades:10]]
[2020.04.09-01.25.50:866][  0]LogConfig: Setting CVar [[r.Shadow.MaxResolution:2048]]
[2020.04.09-01.25.50:866][  0]LogConfig: Setting CVar [[r.Shadow.MaxCSMResolution:2048]]
[2020.04.09-01.25.50:866][  0]LogConfig: Setting CVar [[r.Shadow.RadiusThreshold:0.01]]
[2020.04.09-01.25.50:866][  0]LogConfig: Setting CVar [[r.Shadow.DistanceScale:1.0]]
[2020.04.09-01.25.50:866][  0]LogConfig: Setting CVar [[r.Shadow.CSM.TransitionScale:1.0]]
[2020.04.09-01.25.50:866][  0]LogConfig: Setting CVar [[r.Shadow.PreShadowResolutionFactor:1.0]]
[2020.04.09-01.25.50:866][  0]LogConfig: Setting CVar [[r.DistanceFieldShadowing:1]]
[2020.04.09-01.25.50:866][  0]LogConfig: Setting CVar [[r.DistanceFieldAO:1]]
[2020.04.09-01.25.50:866][  0]LogConfig: Setting CVar [[r.AOQuality:2]]
[2020.04.09-01.25.50:866][  0]LogConfig: Setting CVar [[r.VolumetricFog:1]]
[2020.04.09-01.25.50:866][  0]LogConfig: Setting CVar [[r.VolumetricFog.GridPixelSize:8]]
[2020.04.09-01.25.50:866][  0]LogConfig: Setting CVar [[r.VolumetricFog.GridSizeZ:128]]
[2020.04.09-01.25.50:866][  0]LogConfig: Setting CVar [[r.VolumetricFog.HistoryMissSupersampleCount:4]]
[2020.04.09-01.25.50:866][  0]LogConfig: Setting CVar [[r.LightMaxDrawDistanceScale:1]]
[2020.04.09-01.25.50:866][  0]LogConfig: Setting CVar [[r.CapsuleShadows:1]]
[2020.04.09-01.25.50:866][  0]LogConfig: Applying CVar settings from Section [PostProcessQuality@3] File [D:/Unreal_Projects/GridReposioty - Copy/Saved/Config/Windows/Scalability.ini]
[2020.04.09-01.25.50:866][  0]LogConfig: Setting CVar [[r.MotionBlurQuality:4]]
[2020.04.09-01.25.50:866][  0]LogConfig: Setting CVar [[r.AmbientOcclusionMipLevelFactor:0.4]]
[2020.04.09-01.25.50:866][  0]LogConfig: Setting CVar [[r.AmbientOcclusionMaxQuality:100]]
[2020.04.09-01.25.50:866][  0]LogConfig: Setting CVar [[r.AmbientOcclusionLevels:-1]]
[2020.04.09-01.25.50:866][  0]LogConfig: Setting CVar [[r.AmbientOcclusionRadiusScale:1.0]]
[2020.04.09-01.25.50:866][  0]LogConfig: Setting CVar [[r.DepthOfFieldQuality:2]]
[2020.04.09-01.25.50:866][  0]LogConfig: Setting CVar [[r.RenderTargetPoolMin:400]]
[2020.04.09-01.25.50:866][  0]LogConfig: Setting CVar [[r.LensFlareQuality:2]]
[2020.04.09-01.25.50:866][  0]LogConfig: Setting CVar [[r.SceneColorFringeQuality:1]]
[2020.04.09-01.25.50:866][  0]LogConfig: Setting CVar [[r.EyeAdaptationQuality:2]]
[2020.04.09-01.25.50:866][  0]LogConfig: Setting CVar [[r.BloomQuality:5]]
[2020.04.09-01.25.50:866][  0]LogConfig: Setting CVar [[r.FastBlurThreshold:100]]
[2020.04.09-01.25.50:866][  0]LogConfig: Setting CVar [[r.Upscale.Quality:3]]
[2020.04.09-01.25.50:866][  0]LogConfig: Setting CVar [[r.Tonemapper.GrainQuantization:1]]
[2020.04.09-01.25.50:866][  0]LogConfig: Setting CVar [[r.LightShaftQuality:1]]
[2020.04.09-01.25.50:866][  0]LogConfig: Setting CVar [[r.Filter.SizeScale:1]]
[2020.04.09-01.25.50:867][  0]LogConfig: Setting CVar [[r.Tonemapper.Quality:5]]
[2020.04.09-01.25.50:867][  0]LogConfig: Setting CVar [[r.DOF.Gather.AccumulatorQuality:1        ; higher gathering accumulator quality]]
[2020.04.09-01.25.50:867][  0]LogConfig: Setting CVar [[r.DOF.Gather.PostfilterMethod:1          ; Median3x3 postfilering method]]
[2020.04.09-01.25.50:867][  0]LogConfig: Setting CVar [[r.DOF.Gather.EnableBokehSettings:0       ; no bokeh simulation when gathering]]
[2020.04.09-01.25.50:867][  0]LogConfig: Setting CVar [[r.DOF.Gather.RingCount:4                 ; medium number of samples when gathering]]
[2020.04.09-01.25.50:867][  0]LogConfig: Setting CVar [[r.DOF.Scatter.ForegroundCompositing:1    ; additive foreground scattering]]
[2020.04.09-01.25.50:867][  0]LogConfig: Setting CVar [[r.DOF.Scatter.BackgroundCompositing:2    ; additive background scattering]]
[2020.04.09-01.25.50:867][  0]LogConfig: Setting CVar [[r.DOF.Scatter.EnableBokehSettings:1      ; bokeh simulation when scattering]]
[2020.04.09-01.25.50:867][  0]LogConfig: Setting CVar [[r.DOF.Scatter.MaxSpriteRatio:0.1         ; only a maximum of 10% of scattered bokeh]]
[2020.04.09-01.25.50:867][  0]LogConfig: Setting CVar [[r.DOF.Recombine.Quality:1                ; cheap slight out of focus]]
[2020.04.09-01.25.50:867][  0]LogConfig: Setting CVar [[r.DOF.Recombine.EnableBokehSettings:0    ; no bokeh simulation on slight out of focus]]
[2020.04.09-01.25.50:867][  0]LogConfig: Setting CVar [[r.DOF.TemporalAAQuality:1                ; more stable temporal accumulation]]
[2020.04.09-01.25.50:867][  0]LogConfig: Setting CVar [[r.DOF.Kernel.MaxForegroundRadius:0.025]]
[2020.04.09-01.25.50:867][  0]LogConfig: Setting CVar [[r.DOF.Kernel.MaxBackgroundRadius:0.025]]
[2020.04.09-01.25.50:867][  0]LogConfig: Applying CVar settings from Section [TextureQuality@3] File [D:/Unreal_Projects/GridReposioty - Copy/Saved/Config/Windows/Scalability.ini]
[2020.04.09-01.25.50:867][  0]LogConfig: Setting CVar [[r.Streaming.MipBias:0]]
[2020.04.09-01.25.50:867][  0]LogConfig: Setting CVar [[r.Streaming.AmortizeCPUToGPUCopy:0]]
[2020.04.09-01.25.50:867][  0]LogConfig: Setting CVar [[r.Streaming.MaxNumTexturesToStreamPerFrame:0]]
[2020.04.09-01.25.50:867][  0]LogConfig: Setting CVar [[r.Streaming.Boost:1]]
[2020.04.09-01.25.50:867][  0]LogConfig: Setting CVar [[r.MaxAnisotropy:8]]
[2020.04.09-01.25.50:867][  0]LogConfig: Setting CVar [[r.VT.MaxAnisotropy:8]]
[2020.04.09-01.25.50:867][  0]LogConfig: Setting CVar [[r.Streaming.LimitPoolSizeToVRAM:0]]
[2020.04.09-01.25.50:867][  0]LogConfig: Setting CVar [[r.Streaming.PoolSize:1000]]
[2020.04.09-01.25.50:867][  0]LogConfig: Setting CVar [[r.Streaming.MaxEffectiveScreenSize:0]]
[2020.04.09-01.25.50:867][  0]LogConfig: Applying CVar settings from Section [EffectsQuality@3] File [D:/Unreal_Projects/GridReposioty - Copy/Saved/Config/Windows/Scalability.ini]
[2020.04.09-01.25.50:867][  0]LogConfig: Setting CVar [[r.TranslucencyLightingVolumeDim:64]]
[2020.04.09-01.25.50:867][  0]LogConfig: Setting CVar [[r.RefractionQuality:2]]
[2020.04.09-01.25.50:867][  0]LogConfig: Setting CVar [[r.SSR.Quality:3]]
[2020.04.09-01.25.50:867][  0]LogConfig: Setting CVar [[r.SSR.HalfResSceneColor:0]]
[2020.04.09-01.25.50:867][  0]LogConfig: Setting CVar [[r.SceneColorFormat:4]]
[2020.04.09-01.25.50:867][  0]LogConfig: Setting CVar [[r.DetailMode:2]]
[2020.04.09-01.25.50:867][  0]LogConfig: Setting CVar [[r.TranslucencyVolumeBlur:1]]
[2020.04.09-01.25.50:867][  0]LogConfig: Setting CVar [[r.MaterialQualityLevel:1 ; High quality]]
[2020.04.09-01.25.50:867][  0]LogConfig: Setting CVar [[r.SSS.Scale:1]]
[2020.04.09-01.25.50:867][  0]LogConfig: Setting CVar [[r.SSS.SampleSet:2]]
[2020.04.09-01.25.50:867][  0]LogConfig: Setting CVar [[r.SSS.Quality:1]]
[2020.04.09-01.25.50:867][  0]LogConfig: Setting CVar [[r.SSS.HalfRes:1]]
[2020.04.09-01.25.50:867][  0]LogConfig: Setting CVar [[r.SSGI.Quality:3]]
[2020.04.09-01.25.50:867][  0]LogConfig: Setting CVar [[r.EmitterSpawnRateScale:1.0]]
[2020.04.09-01.25.50:867][  0]LogConfig: Setting CVar [[r.ParticleLightQuality:2]]
[2020.04.09-01.25.50:867][  0]LogConfig: Setting CVar [[r.SkyAtmosphere.AerialPerspectiveLUT.FastApplyOnOpaque:1 ; Always have FastSkyLUT 1 in this case to avoid wrong sky]]
[2020.04.09-01.25.50:867][  0]LogConfig: Setting CVar [[r.SkyAtmosphere.AerialPerspectiveLUT.SampleCountPerSlice:1]]
[2020.04.09-01.25.50:867][  0]LogConfig: Setting CVar [[r.SkyAtmosphere.AerialPerspectiveLUT.DepthResolution:16.0]]
[2020.04.09-01.25.50:867][  0]LogConfig: Setting CVar [[r.SkyAtmosphere.FastSkyLUT:1]]
[2020.04.09-01.25.50:867][  0]LogConfig: Setting CVar [[r.SkyAtmosphere.FastSkyLUT.SampleCountMin:4.0]]
[2020.04.09-01.25.50:867][  0]LogConfig: Setting CVar [[r.SkyAtmosphere.FastSkyLUT.SampleCountMax:32.0]]
[2020.04.09-01.25.50:867][  0]LogConfig: Setting CVar [[r.SkyAtmosphere.SampleCountMin:4.0]]
[2020.04.09-01.25.50:867][  0]LogConfig: Setting CVar [[r.SkyAtmosphere.SampleCountMax:32.0]]
[2020.04.09-01.25.50:867][  0]LogConfig: Setting CVar [[r.SkyAtmosphere.TransmittanceLUT.UseSmallFormat:0]]
[2020.04.09-01.25.50:867][  0]LogConfig: Setting CVar [[r.SkyAtmosphere.TransmittanceLUT.SampleCount:10.0]]
[2020.04.09-01.25.50:867][  0]LogConfig: Setting CVar [[r.SkyAtmosphere.MultiScatteringLUT.SampleCount:15.0]]
[2020.04.09-01.25.50:867][  0]LogConfig: Applying CVar settings from Section [FoliageQuality@3] File [D:/Unreal_Projects/GridReposioty - Copy/Saved/Config/Windows/Scalability.ini]
[2020.04.09-01.25.50:867][  0]LogConfig: Setting CVar [[foliage.DensityScale:1.0]]
[2020.04.09-01.25.50:867][  0]LogConfig: Setting CVar [[grass.DensityScale:1.0]]
[2020.04.09-01.25.50:867][  0]LogConfig: Applying CVar settings from Section [ShadingQuality@3] File [D:/Unreal_Projects/GridReposioty - Copy/Saved/Config/Windows/Scalability.ini]
[2020.04.09-01.25.50:867][  0]LogConfig: Setting CVar [[r.HairStrands.SkyLighting.SampleCount:16]]
[2020.04.09-01.25.50:867][  0]LogConfig: Setting CVar [[r.HairStrands.SkyLighting.JitterIntegration:0]]
[2020.04.09-01.25.50:867][  0]LogConfig: Setting CVar [[r.HairStrands.SkyAO.SampleCount:16]]
[2020.04.09-01.25.50:867][  0]LogConfig: Applying CVar settings from Section [Startup] File [../../../Engine/Config/ConsoleVariables.ini]
[2020.04.09-01.25.50:867][  0]LogConfig: Setting CVar [[net.UseAdaptiveNetUpdateFrequency:0]]
[2020.04.09-01.25.50:867][  0]LogConfig: Setting CVar [[p.chaos.AllowCreatePhysxBodies:1]]
[2020.04.09-01.25.50:867][  0]LogConfig: Applying CVar settings from Section [ConsoleVariables] File [D:/Unreal_Projects/GridReposioty - Copy/Saved/Config/Windows/Engine.ini]
[2020.04.09-01.25.50:868][  0]LogInit: Computer: DESKTOP-JDOC3OC
[2020.04.09-01.25.50:868][  0]LogInit: User: Sam
[2020.04.09-01.25.50:868][  0]LogInit: CPU Page size=4096, Cores=6
[2020.04.09-01.25.50:868][  0]LogInit: High frequency timer resolution =10.000000 MHz
[2020.04.09-01.25.50:868][  0]LogMemory: Memory total: Physical=32.0GB (32GB approx)
[2020.04.09-01.25.50:868][  0]LogMemory: Platform Memory Stats for Windows
[2020.04.09-01.25.50:868][  0]LogMemory: Process Physical Memory: 106.09 MB used, 106.09 MB peak
[2020.04.09-01.25.50:868][  0]LogMemory: Process Virtual Memory: 101.63 MB used, 101.63 MB peak
[2020.04.09-01.25.50:868][  0]LogMemory: Physical Memory: 14020.97 MB used,  18697.79 MB free, 32718.77 MB total
[2020.04.09-01.25.50:868][  0]LogMemory: Virtual Memory: 5159.87 MB used,  134212568.00 MB free, 134217728.00 MB total
[2020.04.09-01.25.50:869][  0]LogWindows: WindowsPlatformFeatures enabled
[2020.04.09-01.25.50:882][  0]LogInit: Using OS detected language (en-US).
[2020.04.09-01.25.50:882][  0]LogInit: Using OS detected locale (en-US).
[2020.04.09-01.25.50:883][  0]LogTextLocalizationManager: No specific localization for 'en-US' exists, so the 'en' localization will be used.
[2020.04.09-01.25.51:012][  0]LogInit: Setting process to per monitor DPI aware
[2020.04.09-01.25.51:044][  0]LogSlate: New Slate User Created.  User Index 0, Is Virtual User: 0
[2020.04.09-01.25.51:044][  0]LogSlate: Slate User Registered.  User Index 0, Is Virtual User: 0
[2020.04.09-01.25.51:258][  0]LogHMD: Failed to initialize OpenVR with code 110
[2020.04.09-01.25.51:258][  0]LogD3D11RHI: D3D11 min allowed feature level: 11_0
[2020.04.09-01.25.51:258][  0]LogD3D11RHI: D3D11 max allowed feature level: 11_0
[2020.04.09-01.25.51:258][  0]LogD3D11RHI: D3D11 adapters:
[2020.04.09-01.25.52:873][  0]LogD3D11RHI:    0. 'Radeon RX Vega' (Feature Level 11_0)
[2020.04.09-01.25.52:873][  0]LogD3D11RHI:       8119/0/16359 MB DedicatedVideo/DedicatedSystem/SharedSystem, Outputs:2, VendorId:0x1002
[2020.04.09-01.25.52:875][  0]LogD3D11RHI:    1. 'Microsoft Basic Render Driver' (Feature Level 11_0)
[2020.04.09-01.25.52:875][  0]LogD3D11RHI:       0/0/16359 MB DedicatedVideo/DedicatedSystem/SharedSystem, Outputs:0, VendorId:0x1414
[2020.04.09-01.25.52:876][  0]LogD3D11RHI: Chosen D3D11 Adapter: 0
[2020.04.09-01.25.52:882][  0]LogD3D11RHI: Creating new Direct3DDevice
[2020.04.09-01.25.52:882][  0]LogD3D11RHI:     GPU DeviceId: 0x687f (for the marketing name, search the web for "GPU Device Id")
[2020.04.09-01.25.52:882][  0]LogWindows: EnumDisplayDevices:
[2020.04.09-01.25.52:883][  0]LogWindows:    0. 'Radeon RX Vega' (P:0 D:1)
[2020.04.09-01.25.52:883][  0]LogWindows:    1. 'Radeon RX Vega' (P:1 D:1)
[2020.04.09-01.25.52:883][  0]LogWindows:    2. 'Radeon RX Vega' (P:0 D:0)
[2020.04.09-01.25.52:883][  0]LogWindows:    3. 'Radeon RX Vega' (P:0 D:0)
[2020.04.09-01.25.52:884][  0]LogWindows:    4. 'Radeon RX Vega' (P:0 D:0)
[2020.04.09-01.25.52:884][  0]LogWindows:    5. 'Radeon RX Vega' (P:0 D:0)
[2020.04.09-01.25.52:884][  0]LogWindows:    6. 'Radeon RX Vega' (P:0 D:0)
[2020.04.09-01.25.52:885][  0]LogWindows:    7. 'Radeon RX Vega' (P:0 D:0)
[2020.04.09-01.25.52:885][  0]LogWindows: DebugString: FoundDriverCount:8 
[2020.04.09-01.25.52:885][  0]LogD3D11RHI:     Adapter Name: Radeon RX Vega
[2020.04.09-01.25.52:885][  0]LogD3D11RHI:   Driver Version: Adrenalin 2020 20.3.1 (internal:26.20.15029.15007, unified:26.20.15029.15007)
[2020.04.09-01.25.52:885][  0]LogD3D11RHI:      Driver Date: 3-17-2020
[2020.04.09-01.25.52:885][  0]LogRHI: Texture pool is 5683 MB (70% of 8119 MB)
[2020.04.09-01.25.52:932][  0]LogD3D11RHI: RHI does not have support for 64 bit atomics
[2020.04.09-01.25.52:932][  0]LogD3D11RHI: Async texture creation enabled
[2020.04.09-01.25.52:943][  0]LogD3D11RHI: GPU Timing Frequency: 27.000000 (Debug: 2 1)
[2020.04.09-01.25.53:175][  0]LogTargetPlatformManager: Display: Loaded TargetPlatform 'AllDesktop'
[2020.04.09-01.25.53:203][  0]LogTargetPlatformManager: Display: Loaded TargetPlatform 'Android'
[2020.04.09-01.25.53:203][  0]LogTargetPlatformManager: Display: Loaded TargetPlatform 'Android_ASTC'
[2020.04.09-01.25.53:203][  0]LogTargetPlatformManager: Display: Loaded TargetPlatform 'Android_ATC'
[2020.04.09-01.25.53:203][  0]LogTargetPlatformManager: Display: Loaded TargetPlatform 'Android_DXT'
[2020.04.09-01.25.53:203][  0]LogTargetPlatformManager: Display: Loaded TargetPlatform 'Android_ETC1'
[2020.04.09-01.25.53:203][  0]LogTargetPlatformManager: Display: Loaded TargetPlatform 'Android_ETC1a'
[2020.04.09-01.25.53:203][  0]LogTargetPlatformManager: Display: Loaded TargetPlatform 'Android_ETC2'
[2020.04.09-01.25.53:203][  0]LogTargetPlatformManager: Display: Loaded TargetPlatform 'Android_PVRTC'
[2020.04.09-01.25.53:203][  0]LogTargetPlatformManager: Display: Loaded TargetPlatform 'AndroidClient'
[2020.04.09-01.25.53:203][  0]LogTargetPlatformManager: Display: Loaded TargetPlatform 'Android_ASTCClient'
[2020.04.09-01.25.53:203][  0]LogTargetPlatformManager: Display: Loaded TargetPlatform 'Android_ATCClient'
[2020.04.09-01.25.53:203][  0]LogTargetPlatformManager: Display: Loaded TargetPlatform 'Android_DXTClient'
[2020.04.09-01.25.53:203][  0]LogTargetPlatformManager: Display: Loaded TargetPlatform 'Android_ETC1Client'
[2020.04.09-01.25.53:203][  0]LogTargetPlatformManager: Display: Loaded TargetPlatform 'Android_ETC1aClient'
[2020.04.09-01.25.53:203][  0]LogTargetPlatformManager: Display: Loaded TargetPlatform 'Android_ETC2Client'
[2020.04.09-01.25.53:203][  0]LogTargetPlatformManager: Display: Loaded TargetPlatform 'Android_PVRTCClient'
[2020.04.09-01.25.53:203][  0]LogTargetPlatformManager: Display: Loaded TargetPlatform 'Android_Multi'
[2020.04.09-01.25.53:203][  0]LogTargetPlatformManager: Display: Loaded TargetPlatform 'Android_MultiClient'
[2020.04.09-01.25.53:219][  0]LogTargetPlatformManager: Display: Loaded TargetPlatform 'IOSClient'
[2020.04.09-01.25.53:219][  0]LogTargetPlatformManager: Display: Loaded TargetPlatform 'IOS'
[2020.04.09-01.25.53:225][  0]LogTargetPlatformManager: Display: Loaded TargetPlatform 'LinuxNoEditor'
[2020.04.09-01.25.53:232][  0]LogTargetPlatformManager: Display: Loaded TargetPlatform 'LinuxClient'
[2020.04.09-01.25.53:238][  0]LogTargetPlatformManager: Display: Loaded TargetPlatform 'LinuxServer'
[2020.04.09-01.25.53:244][  0]LogTargetPlatformManager: Display: Loaded TargetPlatform 'LinuxAArch64NoEditor'
[2020.04.09-01.25.53:250][  0]LogTargetPlatformManager: Display: Loaded TargetPlatform 'LinuxAArch64Client'
[2020.04.09-01.25.53:257][  0]LogTargetPlatformManager: Display: Loaded TargetPlatform 'LinuxAArch64Server'
[2020.04.09-01.25.53:280][  0]LogTargetPlatformManager: Display: Loaded TargetPlatform 'Lumin'
[2020.04.09-01.25.53:280][  0]LogTargetPlatformManager: Display: Loaded TargetPlatform 'LuminClient'
[2020.04.09-01.25.53:292][  0]LogTargetPlatformManager: Display: Loaded TargetPlatform 'TVOSClient'
[2020.04.09-01.25.53:292][  0]LogTargetPlatformManager: Display: Loaded TargetPlatform 'TVOS'
[2020.04.09-01.25.53:299][  0]LogTargetPlatformManager: Display: Loaded TargetPlatform 'WindowsNoEditor'
[2020.04.09-01.25.53:306][  0]LogTargetPlatformManager: Display: Loaded TargetPlatform 'Windows'
[2020.04.09-01.25.53:313][  0]LogTargetPlatformManager: Display: Loaded TargetPlatform 'WindowsClient'
[2020.04.09-01.25.53:319][  0]LogTargetPlatformManager: Display: Loaded TargetPlatform 'WindowsServer'
[2020.04.09-01.25.53:319][  0]LogTargetPlatformManager: Display: Building Assets For Windows
[2020.04.09-01.25.53:322][  0]LogAudioDebug: Display: Lib vorbis DLL was dynamically loaded.
[2020.04.09-01.25.53:339][  0]LogShaderCompilers: Guid format shader working directory is -7 characters bigger than the processId version (../../../../../Unreal_Projects/GridReposioty - Copy/Intermediate/Shaders/WorkingDirectory/3828/).
[2020.04.09-01.25.53:339][  0]LogShaderCompilers: Cleaned the shader compiler working directory 'C:/Users/Sam/AppData/Local/Temp/UnrealShaderWorkingDir/17CB3E064E1A4959D43A09A559767EC7/'.
[2020.04.09-01.25.53:340][  0]LogXGEController: Cannot use XGE Controller as Incredibuild is not installed on this machine.
[2020.04.09-01.25.53:340][  0]LogShaderCompilers: Cannot use XGE Shader Compiler as Incredibuild is not installed on this machine.
[2020.04.09-01.25.53:340][  0]LogShaderCompilers: Display: Using Local Shader Compiler.
[2020.04.09-01.25.54:367][  0]LogDerivedDataCache: Display: Max Cache Size: 512 MB
[2020.04.09-01.25.54:406][  0]LogDerivedDataCache: Loaded boot cache 0.04s 78MB C:/Users/Sam/AppData/Local/UnrealEngine/4.24/DerivedDataCache/Boot.ddc.
[2020.04.09-01.25.54:406][  0]LogDerivedDataCache: Display: Loaded Boot cache: C:/Users/Sam/AppData/Local/UnrealEngine/4.24/DerivedDataCache/Boot.ddc
[2020.04.09-01.25.54:406][  0]LogDerivedDataCache: FDerivedDataBackendGraph:  Pak pak cache file ../../../../../Unreal_Projects/GridReposioty - Copy/DerivedDataCache/DDC.ddp not found, will not use a pak cache.
[2020.04.09-01.25.54:406][  0]LogDerivedDataCache: Unable to find inner node Pak for hierarchical cache Hierarchy.
[2020.04.09-01.25.54:406][  0]LogDerivedDataCache: FDerivedDataBackendGraph:  CompressedPak pak cache file ../../../../../Unreal_Projects/GridReposioty - Copy/DerivedDataCache/Compressed.ddp not found, will not use a pak cache.
[2020.04.09-01.25.54:406][  0]LogDerivedDataCache: Unable to find inner node CompressedPak for hierarchical cache Hierarchy.
[2020.04.09-01.25.54:415][  0]LogDerivedDataCache: Display: Pak cache opened for reading ../../../Engine/DerivedDataCache/Compressed.ddp.
[2020.04.09-01.25.54:415][  0]LogDerivedDataCache: FDerivedDataBackendGraph:  EnterprisePak pak cache file ../../../Enterprise/DerivedDataCache/Compressed.ddp not found, will not use a pak cache.
[2020.04.09-01.25.54:415][  0]LogDerivedDataCache: Unable to find inner node EnterprisePak for hierarchical cache Hierarchy.
[2020.04.09-01.25.54:417][  0]LogDerivedDataCache: Using Local data cache path C:/Users/Sam/AppData/Local/UnrealEngine/Common/DerivedDataCache: Writable
[2020.04.09-01.25.54:417][  0]LogDerivedDataCache: Shared data cache path not found in *engine.ini, will not use an Shared cache.
[2020.04.09-01.25.54:417][  0]LogDerivedDataCache: Unable to find inner node Shared for hierarchical cache Hierarchy.
[2020.04.09-01.25.54:438][  0]LogMaterial: Verifying Global Shaders for PCD3D_SM5
[2020.04.09-01.25.54:440][  0]LogSlate: Using FreeType 2.10.0
[2020.04.09-01.25.54:441][  0]LogSlate: SlateFontServices - WITH_FREETYPE: 1, WITH_HARFBUZZ: 1
[2020.04.09-01.25.54:495][  0]LogAssetRegistry: FAssetRegistry took 0.0021 seconds to start up
[2020.04.09-01.25.54:748][  0]LogInit: Selected Device Profile: [Windows]
[2020.04.09-01.25.54:875][  0]LogMeshReduction: Using QuadricMeshReduction for automatic static mesh reduction
[2020.04.09-01.25.54:875][  0]LogMeshReduction: Using SimplygonMeshReduction for automatic skeletal mesh reduction
[2020.04.09-01.25.54:875][  0]LogMeshReduction: Using ProxyLODMeshReduction for automatic mesh merging
[2020.04.09-01.25.54:875][  0]LogMeshReduction: No distributed automatic mesh merging module available
[2020.04.09-01.25.54:875][  0]LogMeshMerging: No distributed automatic mesh merging module available
[2020.04.09-01.25.54:888][  0]LogNetVersion: TowerDefense 1.0.0, NetCL: 10570792, EngineNetVer: 13, GameNetVer: 0 (Checksum: 509881650)
[2020.04.09-01.25.55:876][  0]LogPackageLocalizationCache: Processed 10 localized package path(s) for 1 prioritized culture(s) in 0.039941 seconds
[2020.04.09-01.25.55:883][  0]LogUObjectArray: 46750 objects as part of root set at end of initial load.
[2020.04.09-01.25.55:883][  0]LogUObjectAllocator: 8137160 out of 0 bytes used by permanent object pool.
[2020.04.09-01.25.55:883][  0]LogUObjectArray: CloseDisregardForGC: 0/0 objects in disregard for GC pool
[2020.04.09-01.25.56:236][  0]LogTcpMessaging: Initializing TcpMessaging bridge
[2020.04.09-01.25.56:239][  0]LogUdpMessaging: Initializing bridge on interface 0.0.0.0:0 to multicast group 230.0.0.1:6666.
[2020.04.09-01.25.56:284][  0]SourceControl: Source control is disabled
[2020.04.09-01.25.56:284][  0]SourceControl: Source control is disabled
[2020.04.09-01.25.56:284][  0]SourceControl: Source control is disabled
[2020.04.09-01.25.56:285][  0]SourceControl: Source control is disabled
[2020.04.09-01.25.56:286][  0]SourceControl: Source control is disabled
[2020.04.09-01.25.56:355][  0]LogAndroidPermission: UAndroidPermissionCallbackProxy::GetInstance
[2020.04.09-01.25.56:364][  0]LogAudioCaptureCore: Display: No Audio Capture implementations found. Audio input will be silent.
[2020.04.09-01.25.56:364][  0]LogAudioCaptureCore: Display: No Audio Capture implementations found. Audio input will be silent.
[2020.04.09-01.25.56:438][  0]LogOcInput: OculusInput pre-init called
[2020.04.09-01.25.56:444][  0]LogWindows: Failed to load 'OVRPlugin.dll' (GetLastError=126)
[2020.04.09-01.25.56:444][  0]LogWindows: File 'OVRPlugin.dll' does not exist
[2020.04.09-01.25.56:506][  0]LogEngine: Initializing Engine...
[2020.04.09-01.25.56:507][  0]LogHMD: Failed to initialize OpenVR with code 110
[2020.04.09-01.25.56:508][  0]LogStats: UGameplayTagsManager::InitializeManager -  0.000 s
[2020.04.09-01.25.56:827][  0]LogInit: Initializing FReadOnlyCVARCache
[2020.04.09-01.25.56:833][  0]LogAIModule: Creating AISystem for world Untitled
[2020.04.09-01.25.56:853][  0]LogAudioMixer: Display: Audio Mixer Platform Settings:
[2020.04.09-01.25.56:853][  0]LogAudioMixer: Display: 	Sample Rate:						  48000
[2020.04.09-01.25.56:853][  0]LogAudioMixer: Display: 	Callback Buffer Frame Size Requested: 1024
[2020.04.09-01.25.56:853][  0]LogAudioMixer: Display: 	Callback Buffer Frame Size To Use:	  1024
[2020.04.09-01.25.56:853][  0]LogAudioMixer: Display: 	Number of buffers to queue:			  2
[2020.04.09-01.25.56:853][  0]LogAudioMixer: Display: 	Max Channels (voices):				  32
[2020.04.09-01.25.56:853][  0]LogAudioMixer: Display: 	Number of Async Source Workers:		  0
[2020.04.09-01.25.56:853][  0]LogAudio: Display: AudioDevice MaxSources: 32
[2020.04.09-01.25.56:853][  0]LogAudio: Display: Using built-in audio occlusion.
[2020.04.09-01.25.56:853][  0]LogAudioMixer: Display: Initializing audio mixer.
[2020.04.09-01.25.56:886][  0]LogAudioMixer: Display: Audio Device Output Speaker Info:
[2020.04.09-01.25.56:886][  0]LogAudioMixer: Display: Name: RAZER NARI ULTIMATE (Razer Nari Ultimate - Game)
[2020.04.09-01.25.56:886][  0]LogAudioMixer: Display: Is Default: Yes
[2020.04.09-01.25.56:886][  0]LogAudioMixer: Display: Sample Rate: 48000
[2020.04.09-01.25.56:886][  0]LogAudioMixer: Display: Channel Count Used: 2
[2020.04.09-01.25.56:886][  0]LogAudioMixer: Display: Device Channel Count: 2
[2020.04.09-01.25.56:886][  0]LogAudioMixer: Display: Channel Order:
[2020.04.09-01.25.56:886][  0]LogAudioMixer: Display: 0: FrontLeft
[2020.04.09-01.25.56:886][  0]LogAudioMixer: Display: 1: FrontRight
[2020.04.09-01.25.56:905][  0]LogAudioMixer: Display: Using Audio Device RAZER NARI ULTIMATE (Razer Nari Ultimate - Game)
[2020.04.09-01.25.56:908][  0]LogInit: FAudioDevice initialized.
[2020.04.09-01.25.56:908][  0]LogNetVersion: Set ProjectVersion to 1.0.0.0. Version Checksum will be recalculated on next use.
[2020.04.09-01.25.56:955][  0]LogDerivedDataCache: Saved boot cache 0.05s 78MB C:/Users/Sam/AppData/Local/UnrealEngine/4.24/DerivedDataCache/Boot.ddc.
[2020.04.09-01.25.56:955][  0]LogInit: Texture streaming: Enabled
[2020.04.09-01.25.56:965][  0]LogEngineSessionManager: EngineSessionManager initialized
[2020.04.09-01.25.56:965][  0]LogEditorSessionSummary: Verbose: Initializing EditorSessionSummaryWriter for editor session tracking
[2020.04.09-01.25.56:968][  0]LogEditorSessionSummary: EditorSessionSummaryWriter initialized
[2020.04.09-01.25.57:018][  0]LogInit: Transaction tracking system initialized
[2020.04.09-01.25.57:027][  0]BlueprintLog: New page: Editor Load
[2020.04.09-01.25.57:050][  0]LocalizationService: Localization service is disabled
[2020.04.09-01.25.57:082][  0]LogLinker: Warning: Failed to load '/Game/TopDownBP/TopDownOverview': Can't find file.
[2020.04.09-01.25.57:082][  0]LogLinker: Warning: Failed to load '/Game/TopDownBP/TopDownOverview': Can't find file.
[2020.04.09-01.25.57:082][  0]LogUObjectGlobals: Warning: Failed to find object 'Class /Game/TopDownBP/TopDownOverview.TopDownOverview_C'
[2020.04.09-01.25.57:339][  0]LogFileCache: Scanning file cache for directory 'D:/Unreal_Projects/GridReposioty - Copy/Content/' took 0.00s
[2020.04.09-01.25.57:339][  0]LogCook: Display: Max memory allowance for cook 16384mb min free memory 0mb
[2020.04.09-01.25.57:339][  0]LogCook: Display: Mobile HDR setting 1
[2020.04.09-01.25.58:024][  0]SourceControl: Source control is disabled
[2020.04.09-01.25.58:025][  0]Cmd: MAP LOAD FILE="../../../../../Unreal_Projects/GridReposioty - Copy/Content/Maps/PatfindingLevel.umap" TEMPLATE=0 SHOWPROGRESS=1 FEATURELEVEL=3
[2020.04.09-01.25.58:025][  0]LightingResults: New page: Lighting Build
[2020.04.09-01.25.58:025][  0]LogWorld: UWorld::CleanupWorld for Untitled, bSessionEnded=true, bCleanupResources=true
[2020.04.09-01.25.58:025][  0]LogSlate: InvalidateAllWidgets triggered.  All widgets were invalidated
[2020.04.09-01.25.58:026][  0]MapCheck: New page: Map Check
[2020.04.09-01.25.58:026][  0]LightingResults: New page: Lighting Build
[2020.04.09-01.25.58:052][  0]LogUObjectHash: Compacting FUObjectHashTables data took   1.62ms
[2020.04.09-01.25.58:106][  0]LogProperty: Error: UStructProperty::Serialize Loading: Property 'StructProperty /Game/Blueprints/Grid/W_GridTile.W_GridTile_C:GetTileCostText.CallFunc_Map_Find_Value'. Unknown structure.
[2020.04.09-01.25.58:106][  0]LogProperty: Error: UStructProperty::Serialize Loading: Property 'StructProperty /Game/Blueprints/Grid/W_GridTile.W_GridTile_C:GetFinalCostText.CallFunc_Map_Find_Value'. Unknown structure.
[2020.04.09-01.25.58:391][  0]LogAIModule: Creating AISystem for world PatfindingLevel
[2020.04.09-01.25.58:403][  0]LogEditorServer: Finished looking for orphan Actors (0.000 secs)
[2020.04.09-01.25.58:433][  0]LogUObjectHash: Compacting FUObjectHashTables data took   2.62ms
[2020.04.09-01.25.58:433][  0]Cmd: MAP CHECKDEP NOCLEARLOG
[2020.04.09-01.25.58:433][  0]MapCheck: Map check complete: 0 Error(s), 0 Warning(s), took 0.107ms to complete.
[2020.04.09-01.25.58:433][  0]LogFileHelpers: Loading map 'PatfindingLevel' took 0.409
[2020.04.09-01.25.58:570][  0]LogSlate: Updating window title bar state: overlay mode, drag disabled, window buttons hidden, title bar hidden
[2020.04.09-01.25.58:576][  0]LogSlate: Updating window title bar state: overlay mode, drag disabled, window buttons hidden, title bar hidden
[2020.04.09-01.25.58:581][  0]LogSlate: Updating window title bar state: overlay mode, drag disabled, window buttons hidden, title bar hidden
[2020.04.09-01.25.58:586][  0]LogSlate: Updating window title bar state: overlay mode, drag disabled, window buttons hidden, title bar hidden
[2020.04.09-01.25.58:590][  0]LogCollectionManager: Loaded 0 collections in 0.000910 seconds
[2020.04.09-01.25.58:602][  0]LogFileCache: Scanning file cache for directory 'D:/Unreal_Projects/GridReposioty - Copy/Saved/Collections/' took 0.00s
[2020.04.09-01.25.58:602][  0]LogFileCache: Scanning file cache for directory 'D:/Unreal_Projects/GridReposioty - Copy/Content/Developers/Sam/Collections/' took 0.00s
[2020.04.09-01.25.58:602][  0]LogFileCache: Scanning file cache for directory 'D:/Unreal_Projects/GridReposioty - Copy/Content/Collections/' took 0.00s
[2020.04.09-01.25.58:602][  0]LogContentBrowser: Native class hierarchy populated in 0.0075 seconds. Added 3015 classes and 717 folders.
[2020.04.09-01.25.58:604][  0]LogContentBrowser: Native class hierarchy updated for 'WidgetCarousel' in 0.0002 seconds. Added 0 classes and 0 folders.
[2020.04.09-01.25.58:672][  0]LogContentBrowser: Native class hierarchy updated for 'AddContentDialog' in 0.0002 seconds. Added 0 classes and 0 folders.
[2020.04.09-01.25.58:675][  0]LogContentBrowser: Native class hierarchy updated for 'SceneOutliner' in 0.0003 seconds. Added 2 classes and 3 folders.
[2020.04.09-01.25.58:706][  0]LogSlate: Took 0.000187 seconds to synchronously load lazily loaded font '../../../Engine/Content/Slate/Fonts/Roboto-Regular.ttf' (155K)
[2020.04.09-01.25.58:709][  0]LogSlate: Took 0.000217 seconds to synchronously load lazily loaded font '../../../Engine/Content/Slate/Fonts/Roboto-Bold.ttf' (160K)
[2020.04.09-01.25.58:712][  0]LogSlate: Took 0.000165 seconds to synchronously load lazily loaded font '../../../Engine/Content/Editor/Slate/Fonts/FontAwesome.ttf' (139K)
[2020.04.09-01.25.58:774][  0]LogRenderer: Reallocating scene render targets to support 1268x644 Format 10 NumSamples 1 (Frame:1).
[2020.04.09-01.25.58:973][  0]LogContentBrowser: Native class hierarchy updated for 'HierarchicalLODOutliner' in 0.0003 seconds. Added 0 classes and 0 folders.
[2020.04.09-01.25.58:973][  0]LogLoad: (Engine Initialization) Total time: 9.46 seconds
[2020.04.09-01.25.58:973][  0]LogLoad: (Engine Initialization) Total Blueprint compile time: 0.00 seconds
[2020.04.09-01.25.59:016][  0]LogAssetRegistry: Asset discovery search completed in 4.5219 seconds
[2020.04.09-01.25.59:019][  0]LogCollectionManager: Fixed up redirectors for 0 collections in 0.000005 seconds (updated 0 objects)
[2020.04.09-01.25.59:020][  0]LogContentStreaming: Texture pool size now 1000 MB
[2020.04.09-01.25.59:041][  0]LogSlate: Took 0.000172 seconds to synchronously load lazily loaded font '../../../Engine/Content/Slate/Fonts/Roboto-Light.ttf' (167K)
[2020.04.09-01.26.00:783][201]LogEditorViewport: Clicking Background
[2020.04.09-01.27.06:589][557]LogEditorViewport: Clicking Background
[2020.04.09-01.27.12:107][194]LogUObjectHash: Compacting FUObjectHashTables data took   0.65ms
[2020.04.09-01.27.12:149][194]LogSlate: Window 'TowerDefense - Unreal Editor' being destroyed
[2020.04.09-01.27.12:149][194]LogWindowsTextInputMethodSystem: Display: IME system now deactivated.
[2020.04.09-01.27.12:235][195]Cmd: QUIT_EDITOR
[2020.04.09-01.27.12:235][195]LogCore: Engine exit requested (reason: UUnrealEdEngine::CloseEditor())
[2020.04.09-01.27.12:244][195]LogCore: Engine exit requested (reason: EngineExit() was called; note: exit was already requested)
[2020.04.09-01.27.12:244][195]LogAudioMixer: Display: No commands were queued while flushing the source manager.
[2020.04.09-01.27.12:262][195]LogExit: Preparing to exit.
[2020.04.09-01.27.12:399][195]LogWorld: UWorld::CleanupWorld for World_0, bSessionEnded=true, bCleanupResources=true
[2020.04.09-01.27.12:410][195]LogDemo: Cleaned up 0 splitscreen connections with owner deletion
[2020.04.09-01.27.12:420][195]LogWorld: UWorld::CleanupWorld for None, bSessionEnded=true, bCleanupResources=true
[2020.04.09-01.27.12:420][195]LogExit: Editor shut down
[2020.04.09-01.27.12:421][195]LogExit: Transaction tracking system shut down
[2020.04.09-01.27.12:584][195]LogExit: Object subsystem successfully closed.
[2020.04.09-01.27.12:603][195]LogShaderCompilers: Display: Shaders left to compile 0
[2020.04.09-01.27.12:612][195]LogModuleManager: Shutting down and abandoning module HierarchicalLODOutliner (696)
[2020.04.09-01.27.12:612][195]LogModuleManager: Shutting down and abandoning module SceneOutliner (694)
[2020.04.09-01.27.12:612][195]LogModuleManager: Shutting down and abandoning module AddContentDialog (692)
[2020.04.09-01.27.12:613][195]LogModuleManager: Shutting down and abandoning module WidgetCarousel (691)
[2020.04.09-01.27.12:613][195]LogModuleManager: Shutting down and abandoning module EditorWidgets (688)
[2020.04.09-01.27.12:613][195]LogModuleManager: Shutting down and abandoning module CollectionManager (686)
[2020.04.09-01.27.12:613][195]LogModuleManager: Shutting down and abandoning module StatsViewer (684)
[2020.04.09-01.27.12:613][195]LogModuleManager: Shutting down and abandoning module VirtualTexturingEditor (682)
[2020.04.09-01.27.12:613][195]LogModuleManager: Shutting down and abandoning module FoliageEdit (680)
[2020.04.09-01.27.12:613][195]LogModuleManager: Shutting down and abandoning module LandscapeEditor (678)
[2020.04.09-01.27.12:613][195]LogModuleManager: Shutting down and abandoning module MeshPaintMode (676)
[2020.04.09-01.27.12:613][195]LogModuleManager: Shutting down and abandoning module SceneDepthPickerMode (674)
[2020.04.09-01.27.12:613][195]LogModuleManager: Shutting down and abandoning module ActorPickerMode (672)
[2020.04.09-01.27.12:613][195]LogModuleManager: Shutting down and abandoning module GeometryMode (670)
[2020.04.09-01.27.12:613][195]LogModuleManager: Shutting down and abandoning module TextureAlignMode (668)
[2020.04.09-01.27.12:613][195]LogModuleManager: Shutting down and abandoning module BspMode (666)
[2020.04.09-01.27.12:613][195]LogModuleManager: Shutting down and abandoning module PIEPreviewDeviceProfileSelector (664)
[2020.04.09-01.27.12:613][195]LogModuleManager: Shutting down and abandoning module SequenceRecorderSections (662)
[2020.04.09-01.27.12:613][195]LogModuleManager: Shutting down and abandoning module AutomationWorker (660)
[2020.04.09-01.27.12:613][195]LogModuleManager: Shutting down and abandoning module SteamVREditor (658)
[2020.04.09-01.27.12:613][195]LogModuleManager: Shutting down and abandoning module OculusMR (656)
[2020.04.09-01.27.12:613][195]LogModuleManager: Shutting down and abandoning module AudioCaptureEditor (654)
[2020.04.09-01.27.12:613][195]LogModuleManager: Shutting down and abandoning module MatineeToLevelSequence (652)
[2020.04.09-01.27.12:613][195]LogModuleManager: Shutting down and abandoning module LevelSequenceEditor (650)
[2020.04.09-01.27.12:613][195]LogModuleManager: Shutting down and abandoning module PlacementMode (649)
[2020.04.09-01.27.12:613][195]LogModuleManager: Shutting down and abandoning module MaterialEditor (648)
[2020.04.09-01.27.12:613][195]LogModuleManager: Shutting down and abandoning module ActorSequenceEditor (644)
[2020.04.09-01.27.12:613][195]LogModuleManager: Shutting down and abandoning module WmfMediaFactory (642)
[2020.04.09-01.27.12:613][195]LogModuleManager: Shutting down and abandoning module WmfMediaEditor (640)
[2020.04.09-01.27.12:613][195]LogModuleManager: Shutting down and abandoning module WebMMediaFactory (638)
[2020.04.09-01.27.12:613][195]LogModuleManager: Shutting down and abandoning module WebMMediaEditor (636)
[2020.04.09-01.27.12:613][195]LogModuleManager: Shutting down and abandoning module WebMMedia (634)
[2020.04.09-01.27.12:613][195]LogModuleManager: Shutting down and abandoning module MediaPlayerEditor (632)
[2020.04.09-01.27.12:613][195]LogModuleManager: Shutting down and abandoning module MediaCompositingEditor (630)
[2020.04.09-01.27.12:613][195]LogModuleManager: Shutting down and abandoning module SequenceRecorder (629)
[2020.04.09-01.27.12:613][195]LogModuleManager: Shutting down and abandoning module OpenExrWrapper (626)
[2020.04.09-01.27.12:613][195]LogModuleManager: Shutting down and abandoning module ImgMediaFactory (624)
[2020.04.09-01.27.12:613][195]LogModuleManager: Shutting down and abandoning module ImgMediaEditor (622)
[2020.04.09-01.27.12:613][195]LogModuleManager: Shutting down and abandoning module AvfMediaFactory (620)
[2020.04.09-01.27.12:613][195]LogModuleManager: Shutting down and abandoning module AvfMediaEditor (618)
[2020.04.09-01.27.12:614][195]LogModuleManager: Shutting down and abandoning module AndroidMediaFactory (616)
[2020.04.09-01.27.12:614][195]LogModuleManager: Shutting down and abandoning module AndroidMediaEditor (614)
[2020.04.09-01.27.12:614][195]LogModuleManager: Shutting down and abandoning module MagicLeapMediaCodecFactory (612)
[2020.04.09-01.27.12:614][195]LogModuleManager: Shutting down and abandoning module MagicLeapMediaFactory (610)
[2020.04.09-01.27.12:614][195]LogModuleManager: Shutting down and abandoning module MagicLeapMediaEditor (608)
[2020.04.09-01.27.12:614][195]LogModuleManager: Shutting down and abandoning module CharacterAI (606)
[2020.04.09-01.27.12:614][195]LogModuleManager: Shutting down and abandoning module SmartSnapping (604)
[2020.04.09-01.27.12:614][195]LogModuleManager: Shutting down and abandoning module SessionServices (602)
[2020.04.09-01.27.12:614][195]LogModuleManager: Shutting down and abandoning module MeshPaint (600)
[2020.04.09-01.27.12:614][195]LogModuleManager: Shutting down and abandoning module ViewportSnapping (598)
[2020.04.09-01.27.12:614][195]LogModuleManager: Shutting down and abandoning module ViewportInteraction (596)
[2020.04.09-01.27.12:614][195]LogModuleManager: Shutting down and abandoning module ClothPainter (594)
[2020.04.09-01.27.12:614][195]LogModuleManager: Shutting down and abandoning module SkeletalMeshEditor (593)
[2020.04.09-01.27.12:614][195]LogModuleManager: Shutting down and abandoning module LogVisualizer (590)
[2020.04.09-01.27.12:614][195]LogModuleManager: Shutting down and abandoning module IntroTutorials (588)
[2020.04.09-01.27.12:614][195]LogModuleManager: Shutting down and abandoning module GameProjectGeneration (587)
[2020.04.09-01.27.12:614][195]LogModuleManager: Shutting down and abandoning module LuminPlatformEditor (584)
[2020.04.09-01.27.12:614][195]LogModuleManager: Shutting down and abandoning module IOSPlatformEditor (582)
[2020.04.09-01.27.12:614][195]LogModuleManager: Shutting down and abandoning module AndroidPlatformEditor (580)
[2020.04.09-01.27.12:614][195]LogModuleManager: Shutting down and abandoning module AndroidDeviceDetection (579)
[2020.04.09-01.27.13:127][195]LogModuleManager: Shutting down and abandoning module WindowsPlatformEditor (576)
[2020.04.09-01.27.13:127][195]LogModuleManager: Shutting down and abandoning module LuminRuntimeSettings (574)
[2020.04.09-01.27.13:127][195]LogModuleManager: Shutting down and abandoning module IOSRuntimeSettings (572)
[2020.04.09-01.27.13:127][195]LogModuleManager: Shutting down and abandoning module AndroidRuntimeSettings (570)
[2020.04.09-01.27.13:127][195]LogModuleManager: Shutting down and abandoning module EditorInteractiveToolsFramework (568)
[2020.04.09-01.27.13:127][195]LogModuleManager: Shutting down and abandoning module TimeManagementEditor (566)
[2020.04.09-01.27.13:127][195]LogModuleManager: Shutting down and abandoning module InputBindingEditor (564)
[2020.04.09-01.27.13:127][195]LogModuleManager: Shutting down and abandoning module MergeActors (562)
[2020.04.09-01.27.13:127][195]LogModuleManager: Shutting down and abandoning module LocalizationDashboard (560)
[2020.04.09-01.27.13:127][195]LogModuleManager: Shutting down and abandoning module LocalizationService (559)
[2020.04.09-01.27.13:127][195]LogModuleManager: Shutting down and abandoning module HardwareTargeting (556)
[2020.04.09-01.27.13:127][195]LogModuleManager: Shutting down and abandoning module DeviceProfileEditor (554)
[2020.04.09-01.27.13:127][195]LogModuleManager: Shutting down and abandoning module UndoHistory (552)
[2020.04.09-01.27.13:127][195]LogModuleManager: Shutting down and abandoning module XmlParser (550)
[2020.04.09-01.27.13:127][195]LogModuleManager: Shutting down and abandoning module Blutility (548)
[2020.04.09-01.27.13:127][195]LogModuleManager: Shutting down and abandoning module ProjectSettingsViewer (546)
[2020.04.09-01.27.13:127][195]LogModuleManager: Shutting down and abandoning module ProjectTargetPlatformEditor (545)
[2020.04.09-01.27.13:127][195]LogModuleManager: Shutting down and abandoning module EditorSettingsViewer (542)
[2020.04.09-01.27.13:127][195]LogModuleManager: Shutting down and abandoning module SettingsEditor (540)
[2020.04.09-01.27.13:127][195]LogModuleManager: Shutting down and abandoning module ProjectLauncher (538)
[2020.04.09-01.27.13:127][195]LogModuleManager: Shutting down and abandoning module SessionFrontend (536)
[2020.04.09-01.27.13:127][195]LogModuleManager: Shutting down and abandoning module ProfilerClient (534)
[2020.04.09-01.27.13:127][195]LogModuleManager: Shutting down and abandoning module DeviceManager (532)
[2020.04.09-01.27.13:127][195]LogModuleManager: Shutting down and abandoning module TargetDeviceServices (531)
[2020.04.09-01.27.13:160][195]LogModuleManager: Shutting down and abandoning module AutomationController (528)
[2020.04.09-01.27.13:160][195]LogModuleManager: Shutting down and abandoning module AutomationWindow (526)
[2020.04.09-01.27.13:160][195]LogModuleManager: Shutting down and abandoning module Layers (524)
[2020.04.09-01.27.13:160][195]LogModuleManager: Shutting down and abandoning module ComponentVisualizers (522)
[2020.04.09-01.27.13:160][195]LogModuleManager: Shutting down and abandoning module DetailCustomizations (520)
[2020.04.09-01.27.13:160][195]LogModuleManager: Shutting down and abandoning module PackagesDialog (518)
[2020.04.09-01.27.13:160][195]LogModuleManager: Shutting down and abandoning module AnimationBlueprintEditor (516)
[2020.04.09-01.27.13:160][195]LogModuleManager: Shutting down and abandoning module Persona (514)
[2020.04.09-01.27.13:160][195]LogModuleManager: Shutting down and abandoning module AdvancedPreviewScene (513)
[2020.04.09-01.27.13:160][195]LogModuleManager: Shutting down and abandoning module AnimGraph (511)
[2020.04.09-01.27.13:160][195]LogModuleManager: Shutting down and abandoning module Kismet (508)
[2020.04.09-01.27.13:160][195]LogModuleManager: Shutting down and abandoning module KismetWidgets (507)
[2020.04.09-01.27.13:160][195]LogModuleManager: Shutting down and abandoning module GraphEditor (504)
[2020.04.09-01.27.13:161][195]LogModuleManager: Shutting down and abandoning module StructViewer (502)
[2020.04.09-01.27.13:161][195]LogModuleManager: Shutting down and abandoning module ClassViewer (500)
[2020.04.09-01.27.13:161][195]LogModuleManager: Shutting down and abandoning module Toolbox (498)
[2020.04.09-01.27.13:161][195]LogModuleManager: Shutting down and abandoning module ModuleUI (496)
[2020.04.09-01.27.13:161][195]LogModuleManager: Shutting down and abandoning module OutputLog (494)
[2020.04.09-01.27.13:161][195]LogModuleManager: Shutting down and abandoning module GammaUI (492)
[2020.04.09-01.27.13:161][195]LogModuleManager: Shutting down and abandoning module Documentation (490)
[2020.04.09-01.27.13:161][195]LogModuleManager: Shutting down and abandoning module ToolMenus (488)
[2020.04.09-01.27.13:161][195]LogModuleManager: Shutting down and abandoning module LiveCoding (486)
[2020.04.09-01.27.13:161][195]LogModuleManager: Shutting down and abandoning module LevelSequence (484)
[2020.04.09-01.27.13:161][195]LogModuleManager: Shutting down and abandoning module MovieSceneTracks (482)
[2020.04.09-01.27.13:161][195]LogModuleManager: Shutting down and abandoning module MovieScene (480)
[2020.04.09-01.27.13:161][195]LogModuleManager: Shutting down and abandoning module StreamingPauseRendering (478)
[2020.04.09-01.27.13:161][195]LogModuleManager: Shutting down and abandoning module LauncherPlatform (476)
[2020.04.09-01.27.13:161][195]LogModuleManager: Shutting down and abandoning module AnalyticsET (474)
[2020.04.09-01.27.13:161][195]LogModuleManager: Shutting down and abandoning module PortalServices (472)
[2020.04.09-01.27.13:161][195]LogModuleManager: Shutting down and abandoning module PortalRpc (470)
[2020.04.09-01.27.13:161][195]LogModuleManager: Shutting down and abandoning module MessagingRpc (468)
[2020.04.09-01.27.13:161][195]LogModuleManager: Shutting down and abandoning module AudioMixerXAudio2 (466)
[2020.04.09-01.27.13:161][195]LogModuleManager: Shutting down and abandoning module AIModule (464)
[2020.04.09-01.27.13:161][195]LogModuleManager: Shutting down and abandoning module GameplayDebugger (463)
[2020.04.09-01.27.13:161][195]LogModuleManager: Shutting down and abandoning module AITestSuite (461)
[2020.04.09-01.27.13:161][195]LogModuleManager: Shutting down and abandoning module NavigationSystem (459)
[2020.04.09-01.27.13:161][195]LogModuleManager: Shutting down and abandoning module ImageWriteQueue (456)
[2020.04.09-01.27.13:164][195]LogModuleManager: Shutting down and abandoning module ProfilerService (454)
[2020.04.09-01.27.13:330][195]LogModuleManager: Shutting down and abandoning module TaskGraph (452)
[2020.04.09-01.27.13:330][195]LogModuleManager: Shutting down and abandoning module ScreenshotTools (450)
[2020.04.09-01.27.13:330][195]LogModuleManager: Shutting down and abandoning module ProceduralMeshComponentEditor (448)
[2020.04.09-01.27.13:330][195]LogModuleManager: Shutting down and abandoning module ProceduralMeshComponent (446)
[2020.04.09-01.27.13:330][195]LogModuleManager: Shutting down and abandoning module OculusEditor (444)
[2020.04.09-01.27.13:330][195]LogModuleManager: Shutting down and abandoning module OculusInput (442)
[2020.04.09-01.27.13:330][195]LogModuleManager: Shutting down and abandoning module MobilePatchingUtils (440)
[2020.04.09-01.27.13:330][195]LogModuleManager: Shutting down and abandoning module EditableMesh (438)
[2020.04.09-01.27.13:331][195]LogModuleManager: Shutting down and abandoning module CustomMeshComponent (436)
[2020.04.09-01.27.13:331][195]LogModuleManager: Shutting down and abandoning module CableComponent (434)
[2020.04.09-01.27.13:331][195]LogModuleManager: Shutting down and abandoning module AudioCapture (432)
[2020.04.09-01.27.13:331][195]LogModuleManager: Shutting down and abandoning module AudioCaptureRtAudio (431)
[2020.04.09-01.27.13:331][195]LogModuleManager: Shutting down and abandoning module AssetTags (428)
[2020.04.09-01.27.13:331][195]LogModuleManager: Shutting down and abandoning module ArchVisCharacter (426)
[2020.04.09-01.27.13:331][195]LogModuleManager: Shutting down and abandoning module AppleImageUtilsBlueprintSupport (424)
[2020.04.09-01.27.13:331][195]LogModuleManager: Shutting down and abandoning module AppleImageUtils (422)
[2020.04.09-01.27.13:331][195]LogModuleManager: Shutting down and abandoning module AndroidPermission (420)
[2020.04.09-01.27.13:331][195]LogModuleManager: Shutting down and abandoning module NUTUnrealEngine4 (418)
[2020.04.09-01.27.13:331][195]LogModuleManager: Shutting down and abandoning module NetcodeUnitTest (416)
[2020.04.09-01.27.13:331][195]LogModuleManager: Shutting down and abandoning module MediaCompositing (414)
[2020.04.09-01.27.13:331][195]LogModuleManager: Shutting down and abandoning module ImgMedia (412)
[2020.04.09-01.27.13:331][195]LogModuleManager: Shutting down and abandoning module MagicLeapHelperVulkan (410)
[2020.04.09-01.27.13:331][195]LogModuleManager: Shutting down and abandoning module MagicLeapHelperOpenGL (408)
[2020.04.09-01.27.13:331][195]LogModuleManager: Shutting down and abandoning module MagicLeapAudio (406)
[2020.04.09-01.27.13:331][195]LogModuleManager: Shutting down and abandoning module GeometryCacheTracks (404)
[2020.04.09-01.27.13:331][195]LogModuleManager: Shutting down and abandoning module GeometryCacheSequencer (402)
[2020.04.09-01.27.13:331][195]LogModuleManager: Shutting down and abandoning module BackChannel (400)
[2020.04.09-01.27.13:331][195]LogModuleManager: Shutting down and abandoning module AutomationUtilsEditor (398)
[2020.04.09-01.27.13:331][195]LogModuleManager: Shutting down and abandoning module AutomationUtils (396)
[2020.04.09-01.27.13:331][195]LogModuleManager: Shutting down and abandoning module AlembicImporter (394)
[2020.04.09-01.27.13:331][195]LogModuleManager: Shutting down and abandoning module AlembicLibrary (393)
[2020.04.09-01.27.13:331][195]LogModuleManager: Shutting down and abandoning module GeometryCache (392)
[2020.04.09-01.27.13:331][195]LogModuleManager: Shutting down and abandoning module GeometryCacheEd (391)
[2020.04.09-01.27.13:331][195]LogModuleManager: Shutting down and abandoning module VariantManagerContentEditor (386)
[2020.04.09-01.27.13:331][195]LogModuleManager: Shutting down and abandoning module DatasmithContentEditor (384)
[2020.04.09-01.27.13:331][195]LogModuleManager: Shutting down and abandoning module SpeedTreeImporter (382)
[2020.04.09-01.27.13:331][195]LogModuleManager: Shutting down and abandoning module PluginBrowser (380)
[2020.04.09-01.27.13:331][195]LogModuleManager: Shutting down and abandoning module MobileLauncherProfileWizard (378)
[2020.04.09-01.27.13:331][195]LogModuleManager: Shutting down and abandoning module MaterialAnalyzer (376)
[2020.04.09-01.27.13:331][195]LogModuleManager: Shutting down and abandoning module CurveEditorTools (374)
[2020.04.09-01.27.13:331][195]LogModuleManager: Shutting down and abandoning module CryptoKeysOpenSSL (372)
[2020.04.09-01.27.13:331][195]LogModuleManager: Shutting down and abandoning module CryptoKeys (370)
[2020.04.09-01.27.13:331][195]LogModuleManager: Shutting down and abandoning module VisualStudioSourceCodeAccess (368)
[2020.04.09-01.27.13:331][195]LogModuleManager: Shutting down and abandoning module VisualStudioCodeSourceCodeAccess (366)
[2020.04.09-01.27.13:331][195]LogModuleManager: Shutting down and abandoning module UObjectPlugin (364)
[2020.04.09-01.27.13:331][195]LogModuleManager: Shutting down and abandoning module SubversionSourceControl (362)
[2020.04.09-01.27.13:331][195]LogModuleManager: Shutting down and abandoning module PlasticSourceControl (360)
[2020.04.09-01.27.13:331][195]LogModuleManager: Shutting down and abandoning module PerforceSourceControl (358)
[2020.04.09-01.27.13:331][195]LogModuleManager: Shutting down and abandoning module GitSourceControl (356)
[2020.04.09-01.27.13:331][195]LogModuleManager: Shutting down and abandoning module SourceControl (355)
[2020.04.09-01.27.13:331][195]LogModuleManager: Shutting down and abandoning module CLionSourceCodeAccess (352)
[2020.04.09-01.27.13:331][195]LogModuleManager: Shutting down and abandoning module AnimationSharingEd (350)
[2020.04.09-01.27.13:331][195]LogModuleManager: Shutting down and abandoning module ActorLayerUtilitiesEditor (348)
[2020.04.09-01.27.13:331][195]LogModuleManager: Shutting down and abandoning module ActorLayerUtilities (346)
[2020.04.09-01.27.13:331][195]LogModuleManager: Shutting down and abandoning module LightPropagationVolumeEditor (344)
[2020.04.09-01.27.13:331][195]LogModuleManager: Shutting down and abandoning module PaperTiledImporter (342)
[2020.04.09-01.27.13:331][195]LogModuleManager: Shutting down and abandoning module PaperSpriteSheetImporter (340)
[2020.04.09-01.27.13:331][195]LogModuleManager: Shutting down and abandoning module Paper2DEditor (338)
[2020.04.09-01.27.13:331][195]LogModuleManager: Shutting down and abandoning module SignificanceManager (336)
[2020.04.09-01.27.13:331][195]LogModuleManager: Shutting down and abandoning module RuntimePhysXCooking (334)
[2020.04.09-01.27.13:331][195]LogModuleManager: Shutting down and abandoning module PhysXVehiclesEditor (332)
[2020.04.09-01.27.13:331][195]LogModuleManager: Shutting down and abandoning module LocationServicesBPLibrary (328)
[2020.04.09-01.27.13:331][195]LogModuleManager: Shutting down and abandoning module ActorSequence (326)
[2020.04.09-01.27.13:331][195]LogModuleManager: Shutting down and abandoning module UdpMessaging (324)
[2020.04.09-01.27.13:432][195]LogModuleManager: Shutting down and abandoning module TcpMessaging (322)
[2020.04.09-01.27.13:533][195]LogModuleManager: Shutting down and abandoning module MagicLeapPrivileges (320)
[2020.04.09-01.27.13:533][195]LogModuleManager: Shutting down and abandoning module MagicLeapPlanes (318)
[2020.04.09-01.27.13:533][195]LogMagicLeapPlanes: Planes tracker already destroyed.
[2020.04.09-01.27.13:533][195]LogModuleManager: Shutting down and abandoning module MagicLeapIdentity (316)
[2020.04.09-01.27.13:533][195]LogModuleManager: Shutting down and abandoning module MagicLeapSecureStorage (314)
[2020.04.09-01.27.13:533][195]LogModuleManager: Shutting down and abandoning module MagicLeapImageTracker (312)
[2020.04.09-01.27.13:533][195]LogModuleManager: Shutting down and abandoning module MagicLeapHandTracking (310)
[2020.04.09-01.27.13:533][195]LogModuleManager: Shutting down and abandoning module MagicLeapHandMeshing (308)
[2020.04.09-01.27.13:533][195]LogModuleManager: Shutting down and abandoning module MagicLeapEyeTracker (306)
[2020.04.09-01.27.13:533][195]LogModuleManager: Shutting down and abandoning module MagicLeapController (304)
[2020.04.09-01.27.13:533][195]LogSlate: Slate User Destroyed.  User Index 0, Is Virtual User: 0
[2020.04.09-01.27.13:533][195]LogModuleManager: Shutting down and abandoning module MagicLeapARPin (302)
[2020.04.09-01.27.13:533][195]LogModuleManager: Shutting down and abandoning module MagicLeapAR (300)
[2020.04.09-01.27.13:533][195]LogModuleManager: Shutting down and abandoning module AugmentedReality (299)
[2020.04.09-01.27.13:533][195]LogModuleManager: Shutting down and abandoning module GameplayTagsEditor (296)
[2020.04.09-01.27.13:533][195]LogModuleManager: Shutting down and abandoning module FacialAnimationEditor (294)
[2020.04.09-01.27.13:533][195]LogModuleManager: Shutting down and abandoning module FacialAnimation (292)
[2020.04.09-01.27.13:533][195]LogModuleManager: Shutting down and abandoning module DataValidation (290)
[2020.04.09-01.27.13:533][195]LogModuleManager: Shutting down and abandoning module AssetManagerEditor (288)
[2020.04.09-01.27.13:533][195]LogModuleManager: Shutting down and abandoning module LevelEditor (287)
[2020.04.09-01.27.13:533][195]LogModuleManager: Shutting down and abandoning module PixelInspectorModule (286)
[2020.04.09-01.27.13:533][195]LogModuleManager: Shutting down and abandoning module CommonMenuExtensions (284)
[2020.04.09-01.27.13:534][195]LogModuleManager: Shutting down and abandoning module MainFrame (282)
[2020.04.09-01.27.13:534][195]LogModuleManager: Shutting down and abandoning module HotReload (281)
[2020.04.09-01.27.13:534][195]LogModuleManager: Shutting down and abandoning module ContentBrowser (277)
[2020.04.09-01.27.13:535][195]LogModuleManager: Shutting down and abandoning module TreeMap (275)
[2020.04.09-01.27.13:535][195]LogModuleManager: Shutting down and abandoning module AnimationSharing (272)
[2020.04.09-01.27.13:535][195]LogModuleManager: Shutting down and abandoning module LightPropagationVolumeRuntime (270)
[2020.04.09-01.27.13:535][195]LogModuleManager: Shutting down and abandoning module Paper2D (268)
[2020.04.09-01.27.13:535][195]LogModuleManager: Shutting down and abandoning module WindowsMoviePlayer (266)
[2020.04.09-01.27.13:535][195]LogModuleManager: Shutting down and abandoning module WebMMoviePlayer (264)
[2020.04.09-01.27.13:535][195]LogModuleManager: Shutting down and abandoning module NetworkReplayStreaming (262)
[2020.04.09-01.27.13:535][195]LogModuleManager: Shutting down and abandoning module PacketHandler (260)
[2020.04.09-01.27.13:535][195]LogModuleManager: Shutting down and abandoning module ClothingSystemEditor (258)
[2020.04.09-01.27.13:535][195]LogModuleManager: Shutting down and abandoning module ClothingSystemRuntimeNv (256)
[2020.04.09-01.27.13:535][195]LogModuleManager: Shutting down and abandoning module MediaAssets (254)
[2020.04.09-01.27.13:535][195]LogModuleManager: Shutting down and abandoning module Overlay (252)
[2020.04.09-01.27.13:535][195]LogModuleManager: Shutting down and abandoning module OverlayEditor (251)
[2020.04.09-01.27.13:535][195]LogModuleManager: Shutting down and abandoning module VREditor (248)
[2020.04.09-01.27.13:535][195]LogModuleManager: Shutting down and abandoning module StringTableEditor (246)
[2020.04.09-01.27.13:535][195]LogModuleManager: Shutting down and abandoning module GameplayTasksEditor (244)
[2020.04.09-01.27.13:535][195]LogModuleManager: Shutting down and abandoning module BehaviorTreeEditor (242)
[2020.04.09-01.27.13:535][195]LogModuleManager: Shutting down and abandoning module FunctionalTesting (240)
[2020.04.09-01.27.13:535][195]LogModuleManager: Shutting down and abandoning module CollisionAnalyzer (238)
[2020.04.09-01.27.13:535][195]LogModuleManager: Shutting down and abandoning module WorkspaceMenuStructure (237)
[2020.04.09-01.27.13:535][195]LogModuleManager: Shutting down and abandoning module UMG (234)
[2020.04.09-01.27.13:535][195]LogModuleManager: Shutting down and abandoning module UMGEditor (233)
[2020.04.09-01.27.13:535][195]LogModuleManager: Shutting down and abandoning module MessageLog (231)
[2020.04.09-01.27.13:535][195]LogModuleManager: Shutting down and abandoning module SlateReflector (226)
[2020.04.09-01.27.13:535][195]LogModuleManager: Shutting down and abandoning module Slate (224)
[2020.04.09-01.27.13:535][195]LogModuleManager: Shutting down and abandoning module SlateCore (222)
[2020.04.09-01.27.13:535][195]LogModuleManager: Shutting down and abandoning module LandscapeEditorUtilities (220)
[2020.04.09-01.27.13:535][195]LogModuleManager: Shutting down and abandoning module UnrealEd (218)
[2020.04.09-01.27.13:535][195]LogModuleManager: Shutting down and abandoning module MRMesh (216)
[2020.04.09-01.27.13:535][195]LogModuleManager: Shutting down and abandoning module SourceCodeAccess (214)
[2020.04.09-01.27.13:535][195]LogModuleManager: Shutting down and abandoning module HeadMountedDisplay (212)
[2020.04.09-01.27.13:535][195]LogModuleManager: Shutting down and abandoning module XAudio2 (210)
[2020.04.09-01.27.13:535][195]LogModuleManager: Shutting down and abandoning module Networking (208)
[2020.04.09-01.27.13:535][195]LogModuleManager: Shutting down and abandoning module Core (206)
[2020.04.09-01.27.13:535][195]LogModuleManager: Shutting down and abandoning module MovieSceneTools (204)
[2020.04.09-01.27.13:535][195]LogModuleManager: Shutting down and abandoning module CurveEditor (203)
[2020.04.09-01.27.13:535][195]LogModuleManager: Shutting down and abandoning module Sequencer (201)
[2020.04.09-01.27.13:535][195]LogModuleManager: Shutting down and abandoning module EditorStyle (200)
[2020.04.09-01.27.13:536][195]LogModuleManager: Shutting down and abandoning module KismetCompiler (196)
[2020.04.09-01.27.13:536][195]LogModuleManager: Shutting down and abandoning module MeshUtilities (194)
[2020.04.09-01.27.13:536][195]LogModuleManager: Shutting down and abandoning module MeshMergeUtilities (193)
[2020.04.09-01.27.13:536][195]LogModuleManager: Shutting down and abandoning module MeshReductionInterface (192)
[2020.04.09-01.27.13:536][195]LogModuleManager: Shutting down and abandoning module MeshBoneReduction (191)
[2020.04.09-01.27.13:536][195]LogModuleManager: Shutting down and abandoning module SkeletalMeshReduction (189)
[2020.04.09-01.27.13:536][195]LogModuleManager: Shutting down and abandoning module ProxyLODMeshReduction (187)
[2020.04.09-01.27.13:536][195]LogModuleManager: Shutting down and abandoning module QuadricMeshReduction (185)
[2020.04.09-01.27.13:536][195]LogModuleManager: Shutting down and abandoning module MaterialBaking (181)
[2020.04.09-01.27.13:536][195]LogModuleManager: Shutting down and abandoning module NullInstallBundleManager (176)
[2020.04.09-01.27.13:536][195]LogModuleManager: Shutting down and abandoning module DerivedDataCache (174)
[2020.04.09-01.27.13:536][195]LogDerivedDataCache: Shutdown
[2020.04.09-01.27.13:536][195]LogModuleManager: Shutting down and abandoning module XGEController (172)
[2020.04.09-01.27.13:536][195]LogModuleManager: Shutting down and abandoning module TargetPlatform (170)
[2020.04.09-01.27.13:536][195]LogModuleManager: Shutting down and abandoning module VulkanShaderFormat (169)
[2020.04.09-01.27.13:536][195]LogModuleManager: Shutting down and abandoning module ShaderFormatVectorVM (167)
[2020.04.09-01.27.13:536][195]LogModuleManager: Shutting down and abandoning module ShaderFormatOpenGL (165)
[2020.04.09-01.27.13:536][195]LogModuleManager: Shutting down and abandoning module ShaderFormatD3D (163)
[2020.04.09-01.27.13:536][195]LogModuleManager: Shutting down and abandoning module MetalShaderFormat (161)
[2020.04.09-01.27.13:536][195]LogModuleManager: Shutting down and abandoning module TextureFormatUncompressed (159)
[2020.04.09-01.27.13:536][195]LogModuleManager: Shutting down and abandoning module TextureFormatPVR (157)
[2020.04.09-01.27.13:536][195]LogModuleManager: Shutting down and abandoning module TextureFormatDXT (155)
[2020.04.09-01.27.13:536][195]LogModuleManager: Shutting down and abandoning module TextureFormatIntelISPCTexComp (153)
[2020.04.09-01.27.13:537][195]LogModuleManager: Shutting down and abandoning module TextureFormatASTC (151)
[2020.04.09-01.27.13:537][195]LogModuleManager: Shutting down and abandoning module ImageWrapper (150)
[2020.04.09-01.27.13:537][195]LogModuleManager: Shutting down and abandoning module TextureFormatAndroid (147)
[2020.04.09-01.27.13:537][195]LogModuleManager: Shutting down and abandoning module AudioFormatOpus (145)
[2020.04.09-01.27.13:537][195]LogModuleManager: Shutting down and abandoning module AudioFormatOgg (143)
[2020.04.09-01.27.13:537][195]LogModuleManager: Shutting down and abandoning module AudioFormatADPCM (141)
[2020.04.09-01.27.13:537][195]LogModuleManager: Shutting down and abandoning module WindowsServerTargetPlatform (139)
[2020.04.09-01.27.13:537][195]LogModuleManager: Shutting down and abandoning module WindowsClientTargetPlatform (137)
[2020.04.09-01.27.13:537][195]LogModuleManager: Shutting down and abandoning module WindowsTargetPlatform (135)
[2020.04.09-01.27.13:537][195]LogModuleManager: Shutting down and abandoning module WindowsNoEditorTargetPlatform (133)
[2020.04.09-01.27.13:537][195]LogModuleManager: Shutting down and abandoning module TVOSTargetPlatform (131)
[2020.04.09-01.27.13:537][195]LogModuleManager: Shutting down and abandoning module LuminTargetPlatform (129)
[2020.04.09-01.27.13:538][195]LogModuleManager: Shutting down and abandoning module LinuxAArch64ServerTargetPlatform (127)
[2020.04.09-01.27.13:538][195]LogModuleManager: Shutting down and abandoning module LinuxAArch64ClientTargetPlatform (125)
[2020.04.09-01.27.13:538][195]LogModuleManager: Shutting down and abandoning module LinuxAArch64NoEditorTargetPlatform (123)
[2020.04.09-01.27.13:538][195]LogModuleManager: Shutting down and abandoning module LinuxServerTargetPlatform (121)
[2020.04.09-01.27.13:538][195]LogModuleManager: Shutting down and abandoning module LinuxClientTargetPlatform (119)
[2020.04.09-01.27.13:538][195]LogModuleManager: Shutting down and abandoning module LinuxNoEditorTargetPlatform (117)
[2020.04.09-01.27.13:538][195]LogModuleManager: Shutting down and abandoning module Messaging (115)
[2020.04.09-01.27.13:538][195]LogModuleManager: Shutting down and abandoning module IOSTargetPlatform (113)
[2020.04.09-01.27.13:538][195]LogModuleManager: Shutting down and abandoning module AndroidTargetPlatform (111)
[2020.04.09-01.27.13:544][195]LogModuleManager: Shutting down and abandoning module AllDesktopTargetPlatform (109)
[2020.04.09-01.27.13:544][195]LogModuleManager: Shutting down and abandoning module InputCore (106)
[2020.04.09-01.27.13:544][195]LogModuleManager: Shutting down and abandoning module Settings (104)
[2020.04.09-01.27.13:544][195]LogModuleManager: Shutting down and abandoning module DirectoryWatcher (102)
[2020.04.09-01.27.13:544][195]LogModuleManager: Shutting down and abandoning module PhysXCooking (100)
[2020.04.09-01.27.13:544][195]LogModuleManager: Shutting down and abandoning module ChaosSolvers (98)
[2020.04.09-01.27.13:544][195]LogModuleManager: Shutting down and abandoning module FieldSystemEngine (97)
[2020.04.09-01.27.13:544][195]LogModuleManager: Shutting down and abandoning module Chaos (94)
[2020.04.09-01.27.13:544][195]LogModuleManager: Shutting down and abandoning module WindowsPlatformFeatures (92)
[2020.04.09-01.27.13:544][195]LogModuleManager: Shutting down and abandoning module GameplayMediaEncoder (91)
[2020.04.09-01.27.13:544][195]LogModuleManager: Shutting down and abandoning module SteamVRInputDevice (88)
[2020.04.09-01.27.13:544][195]LogModuleManager: Shutting down and abandoning module SteamVRInput (86)
[2020.04.09-01.27.13:544][195]LogModuleManager: Shutting down and abandoning module SteamVR (84)
[2020.04.09-01.27.13:544][195]LogHMD: Freeing OpenVRDLLHandle.
[2020.04.09-01.27.13:544][195]LogModuleManager: Shutting down and abandoning module OculusHMD (82)
[2020.04.09-01.27.13:544][195]LogModuleManager: Shutting down and abandoning module ExampleDeviceProfileSelector (80)
[2020.04.09-01.27.13:544][195]LogModuleManager: Shutting down and abandoning module LauncherChunkInstaller (78)
[2020.04.09-01.27.13:544][195]LogModuleManager: Shutting down and abandoning module OnlineBlueprintSupport (76)
[2020.04.09-01.27.13:544][195]LogModuleManager: Shutting down and abandoning module OnlineSubsystem (72)
[2020.04.09-01.27.13:545][195]LogModuleManager: Shutting down and abandoning module XMPP (67)
[2020.04.09-01.27.13:545][195]LogModuleManager: Shutting down and abandoning module WebSockets (66)
[2020.04.09-01.27.13:572][195]LogModuleManager: Shutting down and abandoning module HTTP (63)
[2020.04.09-01.27.13:572][195]LogHttp: Display: Http module shutting down, but needs to wait on 1 outstanding Http requests:
[2020.04.09-01.27.13:572][195]LogHttp: Display: 	verb=[POST] url=[https://datarouter.ol.epicgames.com/datarouter/api/v1/public/data?SessionID=%7BC93B7177-4E83-4A5C-5E64-DD8C0AF2DE60%7D&AppID=UEEditor.Rocket.Release&AppVersion=4.24.2-11100242%2B%2B%2BUE4%2BRelease-4.24&UserID=c9d0e52d484d8b6bccd1c08aa996fcb5%7C440c28dc5fe24f12a74d2e0c50e01f8c%7C39a83ec4-b485-4fc1-bdc9-c6b808cde2a4&AppEnvironment=datacollector-binary&UploadType=eteventstream] refs=[1] status=Processing
[2020.04.09-01.27.13:602][195]LogModuleManager: Shutting down and abandoning module SSL (62)
[2020.04.09-01.27.13:603][195]LogModuleManager: Shutting down and abandoning module WmfMedia (58)
[2020.04.09-01.27.13:604][195]LogModuleManager: Shutting down and abandoning module Media (57)
[2020.04.09-01.27.13:604][195]LogModuleManager: Shutting down and abandoning module MagicLeap (54)
[2020.04.09-01.27.13:604][195]LogModuleManager: Shutting down and abandoning module VariantManagerContent (52)
[2020.04.09-01.27.13:604][195]LogModuleManager: Shutting down and abandoning module DatasmithContent (50)
[2020.04.09-01.27.13:605][195]LogModuleManager: Shutting down and abandoning module AISupportModule (48)
[2020.04.09-01.27.13:605][195]LogModuleManager: Shutting down and abandoning module DesktopPlatform (46)
[2020.04.09-01.27.13:605][195]LogModuleManager: Shutting down and abandoning module PlatformCryptoOpenSSL (44)
[2020.04.09-01.27.13:605][195]LogModuleManager: Shutting down and abandoning module PlatformCryptoTypes (42)
[2020.04.09-01.27.13:605][195]LogModuleManager: Shutting down and abandoning module PlatformCrypto (40)
[2020.04.09-01.27.13:605][195]LogModuleManager: Shutting down and abandoning module AnimationModifiers (38)
[2020.04.09-01.27.13:605][195]LogModuleManager: Shutting down and abandoning module PropertyEditor (37)
[2020.04.09-01.27.13:605][195]LogModuleManager: Shutting down and abandoning module AudioEditor (34)
[2020.04.09-01.27.13:605][195]LogModuleManager: Shutting down and abandoning module TextureCompressor (32)
[2020.04.09-01.27.13:605][195]LogModuleManager: Shutting down and abandoning module RenderCore (30)
[2020.04.09-01.27.13:605][195]LogModuleManager: Shutting down and abandoning module Landscape (28)
[2020.04.09-01.27.13:605][195]LogModuleManager: Shutting down and abandoning module SlateRHIRenderer (26)
[2020.04.09-01.27.13:606][195]LogModuleManager: Shutting down and abandoning module OpenGLDrv (24)
[2020.04.09-01.27.13:606][195]LogModuleManager: Shutting down and abandoning module D3D11RHI (22)
[2020.04.09-01.27.13:606][195]LogModuleManager: Shutting down and abandoning module AnimGraphRuntime (20)
[2020.04.09-01.27.13:606][195]LogModuleManager: Shutting down and abandoning module Renderer (18)
[2020.04.09-01.27.13:606][195]LogModuleManager: Shutting down and abandoning module Engine (16)
[2020.04.09-01.27.13:606][195]LogModuleManager: Shutting down and abandoning module CoreUObject (14)
[2020.04.09-01.27.13:606][195]LogModuleManager: Shutting down and abandoning module NetworkFile (12)
[2020.04.09-01.27.13:606][195]LogModuleManager: Shutting down and abandoning module CookedIterativeFile (10)
[2020.04.09-01.27.13:606][195]LogModuleManager: Shutting down and abandoning module StreamingFile (8)
[2020.04.09-01.27.13:606][195]LogModuleManager: Shutting down and abandoning module SandboxFile (6)
[2020.04.09-01.27.13:606][195]LogModuleManager: Shutting down and abandoning module PakFile (4)
[2020.04.09-01.27.13:606][195]LogModuleManager: Shutting down and abandoning module RSA (3)
[2020.04.09-01.27.13:606][195]LogD3D11RHI: Shutdown
[2020.04.09-01.27.13:606][195]LogD3D11RHI: CleanupD3DDevice
[2020.04.09-01.27.13:616][195]LogExit: Exiting.
[2020.04.09-01.27.13:655][195]Log file closed, 04/08/20 21:27:13
